[ 2017-02-26T12:18:40+08:00 ] ::1 /index.php/Admin/Goods/lib/ueditor/1.4.3/ueditor.config.js
ERR: 非法操作:lib

[ 2017-02-26T12:18:40+08:00 ] ::1 /index.php/Admin/Goods/lib/ueditor/1.4.3/ueditor.all.min.js
ERR: 非法操作:lib

[ 2017-02-26T12:18:40+08:00 ] ::1 /index.php/Admin/Goods/lib/ueditor/1.4.3/lang/zh-cn/zh-cn.js
ERR: 非法操作:lib

[ 2017-02-26T12:20:36+08:00 ] ::1 /index.php/Admin/Goods/lib/ueditor/1.4.3/ueditor.all.min.js
ERR: 非法操作:lib

[ 2017-02-26T12:20:36+08:00 ] ::1 /index.php/Admin/Goods/lib/ueditor/1.4.3/ueditor.config.js
ERR: 非法操作:lib

[ 2017-02-26T12:20:36+08:00 ] ::1 /index.php/Admin/Goods/lib/ueditor/1.4.3/lang/zh-cn/zh-cn.js
ERR: 非法操作:lib

[ 2017-02-26T12:20:36+08:00 ] ::1 /index.php/Admin/Goods/lib/ueditor/1.4.3/ueditor.all.min.js
ERR: 非法操作:lib

[ 2017-02-26T12:20:36+08:00 ] ::1 /index.php/Admin/Goods/lib/ueditor/1.4.3/lang/zh-cn/zh-cn.js
ERR: 非法操作:lib

[ 2017-02-26T12:20:39+08:00 ] ::1 /index.php/Admin/Goods/lib/ueditor/1.4.3/lang/zh-cn/zh-cn.js
ERR: 非法操作:lib

[ 2017-02-26T12:20:39+08:00 ] ::1 /index.php/Admin/Goods/lib/ueditor/1.4.3/ueditor.all.min.js
ERR: 非法操作:lib

[ 2017-02-26T12:20:39+08:00 ] ::1 /index.php/Admin/Goods/lib/ueditor/1.4.3/ueditor.config.js
ERR: 非法操作:lib

[ 2017-02-26T12:20:39+08:00 ] ::1 /index.php/Admin/Goods/lib/ueditor/1.4.3/ueditor.all.min.js
ERR: 非法操作:lib

[ 2017-02-26T12:20:39+08:00 ] ::1 /index.php/Admin/Goods/lib/ueditor/1.4.3/lang/zh-cn/zh-cn.js
ERR: 非法操作:lib

[ 2017-02-26T12:21:39+08:00 ] ::1 /index.php/Admin/Goods/lib/ueditor/1.4.3/lang/zh-cn/zh-cn.js
ERR: 非法操作:lib

[ 2017-02-26T12:21:39+08:00 ] ::1 /index.php/Admin/Goods/lib/ueditor/1.4.3/ueditor.all.min.js
ERR: 非法操作:lib

[ 2017-02-26T12:21:39+08:00 ] ::1 /index.php/Admin/Goods/lib/ueditor/1.4.3/ueditor.config.js
ERR: 非法操作:lib

[ 2017-02-26T12:21:39+08:00 ] ::1 /index.php/Admin/Goods/lib/ueditor/1.4.3/ueditor.all.min.js
ERR: 非法操作:lib

[ 2017-02-26T12:21:39+08:00 ] ::1 /index.php/Admin/Goods/lib/ueditor/1.4.3/lang/zh-cn/zh-cn.js
ERR: 非法操作:lib

[ 2017-02-26T12:21:40+08:00 ] ::1 /index.php/Admin/Goods/lib/ueditor/1.4.3/ueditor.all.min.js
ERR: 非法操作:lib

[ 2017-02-26T12:21:40+08:00 ] ::1 /index.php/Admin/Goods/lib/ueditor/1.4.3/ueditor.config.js
ERR: 非法操作:lib

[ 2017-02-26T12:21:40+08:00 ] ::1 /index.php/Admin/Goods/lib/ueditor/1.4.3/lang/zh-cn/zh-cn.js
ERR: 非法操作:lib

[ 2017-02-26T12:21:40+08:00 ] ::1 /index.php/Admin/Goods/lib/ueditor/1.4.3/ueditor.all.min.js
ERR: 非法操作:lib

[ 2017-02-26T12:21:40+08:00 ] ::1 /index.php/Admin/Goods/lib/ueditor/1.4.3/lang/zh-cn/zh-cn.js
ERR: 非法操作:lib

[ 2017-02-26T12:21:40+08:00 ] ::1 /index.php/Admin/Goods/lib/ueditor/1.4.3/ueditor.config.js
ERR: 非法操作:lib

[ 2017-02-26T12:21:40+08:00 ] ::1 /index.php/Admin/Goods/lib/ueditor/1.4.3/ueditor.all.min.js
ERR: 非法操作:lib

[ 2017-02-26T12:21:40+08:00 ] ::1 /index.php/Admin/Goods/lib/ueditor/1.4.3/lang/zh-cn/zh-cn.js
ERR: 非法操作:lib

[ 2017-02-26T12:21:40+08:00 ] ::1 /index.php/Admin/Goods/lib/ueditor/1.4.3/lang/zh-cn/zh-cn.js
ERR: 非法操作:lib

[ 2017-02-26T12:21:40+08:00 ] ::1 /index.php/Admin/Goods/lib/ueditor/1.4.3/ueditor.config.js
ERR: 非法操作:lib

[ 2017-02-26T12:21:40+08:00 ] ::1 /index.php/Admin/Goods/lib/ueditor/1.4.3/ueditor.all.min.js
ERR: 非法操作:lib

[ 2017-02-26T12:21:40+08:00 ] ::1 /index.php/Admin/Goods/lib/ueditor/1.4.3/lang/zh-cn/zh-cn.js
ERR: 非法操作:lib

[ 2017-02-26T12:21:40+08:00 ] ::1 /index.php/Admin/Goods/lib/ueditor/1.4.3/ueditor.all.min.js
ERR: 非法操作:lib

[ 2017-02-26T12:21:40+08:00 ] ::1 /index.php/Admin/Goods/lib/ueditor/1.4.3/ueditor.config.js
ERR: 非法操作:lib

[ 2017-02-26T12:21:40+08:00 ] ::1 /index.php/Admin/Goods/lib/ueditor/1.4.3/lang/zh-cn/zh-cn.js
ERR: 非法操作:lib

[ 2017-02-26T12:21:40+08:00 ] ::1 /index.php/Admin/Goods/lib/ueditor/1.4.3/ueditor.all.min.js
ERR: 非法操作:lib

[ 2017-02-26T12:21:40+08:00 ] ::1 /index.php/Admin/Goods/lib/ueditor/1.4.3/lang/zh-cn/zh-cn.js
ERR: 非法操作:lib

[ 2017-02-26T12:21:40+08:00 ] ::1 /index.php/Admin/Goods/lib/ueditor/1.4.3/ueditor.all.min.js
ERR: 非法操作:lib

[ 2017-02-26T12:21:40+08:00 ] ::1 /index.php/Admin/Goods/lib/ueditor/1.4.3/lang/zh-cn/zh-cn.js
ERR: 非法操作:lib

[ 2017-02-26T12:21:40+08:00 ] ::1 /index.php/Admin/Goods/lib/ueditor/1.4.3/ueditor.config.js
ERR: 非法操作:lib

[ 2017-02-26T12:21:40+08:00 ] ::1 /index.php/Admin/Goods/lib/ueditor/1.4.3/ueditor.all.min.js
ERR: 非法操作:lib

[ 2017-02-26T12:21:40+08:00 ] ::1 /index.php/Admin/Goods/lib/ueditor/1.4.3/lang/zh-cn/zh-cn.js
ERR: 非法操作:lib

[ 2017-02-26T12:21:41+08:00 ] ::1 /index.php/Admin/Goods/lib/ueditor/1.4.3/ueditor.all.min.js
ERR: 非法操作:lib

[ 2017-02-26T12:21:41+08:00 ] ::1 /index.php/Admin/Goods/lib/ueditor/1.4.3/ueditor.config.js
ERR: 非法操作:lib

[ 2017-02-26T12:21:41+08:00 ] ::1 /index.php/Admin/Goods/lib/ueditor/1.4.3/lang/zh-cn/zh-cn.js
ERR: 非法操作:lib

[ 2017-02-26T12:21:41+08:00 ] ::1 /index.php/Admin/Goods/lib/ueditor/1.4.3/ueditor.all.min.js
ERR: 非法操作:lib

[ 2017-02-26T12:21:41+08:00 ] ::1 /index.php/Admin/Goods/lib/ueditor/1.4.3/lang/zh-cn/zh-cn.js
ERR: 非法操作:lib

[ 2017-02-26T12:21:41+08:00 ] ::1 /index.php/Admin/Goods/lib/ueditor/1.4.3/ueditor.all.min.js
ERR: 非法操作:lib

[ 2017-02-26T12:21:41+08:00 ] ::1 /index.php/Admin/Goods/lib/ueditor/1.4.3/ueditor.config.js
ERR: 非法操作:lib

[ 2017-02-26T12:21:41+08:00 ] ::1 /index.php/Admin/Goods/lib/ueditor/1.4.3/lang/zh-cn/zh-cn.js
ERR: 非法操作:lib

[ 2017-02-26T12:21:41+08:00 ] ::1 /index.php/Admin/Goods/lib/ueditor/1.4.3/ueditor.all.min.js
ERR: 非法操作:lib

[ 2017-02-26T12:21:41+08:00 ] ::1 /index.php/Admin/Goods/lib/ueditor/1.4.3/lang/zh-cn/zh-cn.js
ERR: 非法操作:lib

[ 2017-02-26T12:21:41+08:00 ] ::1 /index.php/Admin/Goods/lib/ueditor/1.4.3/lang/zh-cn/zh-cn.js
ERR: 非法操作:lib

[ 2017-02-26T12:21:41+08:00 ] ::1 /index.php/Admin/Goods/lib/ueditor/1.4.3/ueditor.all.min.js
ERR: 非法操作:lib

[ 2017-02-26T12:21:41+08:00 ] ::1 /index.php/Admin/Goods/lib/ueditor/1.4.3/ueditor.config.js
ERR: 非法操作:lib

[ 2017-02-26T12:21:41+08:00 ] ::1 /index.php/Admin/Goods/lib/ueditor/1.4.3/ueditor.all.min.js
ERR: 非法操作:lib

[ 2017-02-26T12:21:41+08:00 ] ::1 /index.php/Admin/Goods/lib/ueditor/1.4.3/lang/zh-cn/zh-cn.js
ERR: 非法操作:lib

[ 2017-02-26T12:21:41+08:00 ] ::1 /index.php/Admin/Goods/lib/ueditor/1.4.3/lang/zh-cn/zh-cn.js
ERR: 非法操作:lib

[ 2017-02-26T12:21:41+08:00 ] ::1 /index.php/Admin/Goods/lib/ueditor/1.4.3/ueditor.all.min.js
ERR: 非法操作:lib

[ 2017-02-26T12:21:41+08:00 ] ::1 /index.php/Admin/Goods/lib/ueditor/1.4.3/ueditor.config.js
ERR: 非法操作:lib

[ 2017-02-26T12:21:41+08:00 ] ::1 /index.php/Admin/Goods/lib/ueditor/1.4.3/ueditor.all.min.js
ERR: 非法操作:lib

[ 2017-02-26T12:21:41+08:00 ] ::1 /index.php/Admin/Goods/lib/ueditor/1.4.3/lang/zh-cn/zh-cn.js
ERR: 非法操作:lib

[ 2017-02-26T12:21:41+08:00 ] ::1 /index.php/Admin/Goods/lib/ueditor/1.4.3/lang/zh-cn/zh-cn.js
ERR: 非法操作:lib

[ 2017-02-26T12:21:41+08:00 ] ::1 /index.php/Admin/Goods/lib/ueditor/1.4.3/ueditor.all.min.js
ERR: 非法操作:lib

[ 2017-02-26T12:21:41+08:00 ] ::1 /index.php/Admin/Goods/lib/ueditor/1.4.3/ueditor.config.js
ERR: 非法操作:lib

[ 2017-02-26T12:21:41+08:00 ] ::1 /index.php/Admin/Goods/lib/ueditor/1.4.3/ueditor.all.min.js
ERR: 非法操作:lib

[ 2017-02-26T12:21:41+08:00 ] ::1 /index.php/Admin/Goods/lib/ueditor/1.4.3/lang/zh-cn/zh-cn.js
ERR: 非法操作:lib

[ 2017-02-26T12:21:41+08:00 ] ::1 /index.php/Admin/Goods/lib/ueditor/1.4.3/ueditor.all.min.js
ERR: 非法操作:lib

[ 2017-02-26T12:21:41+08:00 ] ::1 /index.php/Admin/Goods/lib/ueditor/1.4.3/lang/zh-cn/zh-cn.js
ERR: 非法操作:lib

[ 2017-02-26T12:21:41+08:00 ] ::1 /index.php/Admin/Goods/lib/ueditor/1.4.3/ueditor.config.js
ERR: 非法操作:lib

[ 2017-02-26T12:21:41+08:00 ] ::1 /index.php/Admin/Goods/lib/ueditor/1.4.3/ueditor.all.min.js
ERR: 非法操作:lib

[ 2017-02-26T12:21:41+08:00 ] ::1 /index.php/Admin/Goods/lib/ueditor/1.4.3/lang/zh-cn/zh-cn.js
ERR: 非法操作:lib

[ 2017-02-26T16:33:32+08:00 ] ::1 /admin/categoty/lst
ERR: 无法加载控制器:Categoty

[ 2017-02-26T16:50:17+08:00 ] ::1 /index.php/Admin/Category/add
ERR: 非法操作:add

[ 2017-02-26T17:37:11+08:00 ] ::1 /index.php/Admin/Category/del?id=1
ERR: 非法操作:del

[ 2017-02-26T17:49:32+08:00 ] ::1 /index.php/Admin/Index/lst.html
ERR: 非法操作:lst

[ 2017-02-26T17:50:35+08:00 ] ::1 /index.php/Admin/Category/add
ERR: 非法操作:add

[ 2017-02-26T17:54:37+08:00 ] ::1 /index.php/Admin/Category/add
ERR: 非法操作:add

[ 2017-02-26T17:57:26+08:00 ] ::1 /index.php/Admin/Category/add
ERR: 非法操作:add

[ 2017-02-26T18:07:15+08:00 ] ::1 /index.php/Admin/Goods/edit.html1
ERR: 非法操作:edit.html1

[ 2017-02-26T18:17:10+08:00 ] ::1 /index.php/Admin/Category/add
ERR: 模板不存在:./Application/Admin/View/Category/add.html

[ 2017-02-26T18:17:13+08:00 ] ::1 /index.php/Admin/Category/add
ERR: 模板不存在:./Application/Admin/View/Category/add.html

[ 2017-02-26T18:18:56+08:00 ] ::1 /index.php/Admin/Category/add
ERR: 模板不存在:./Application/Admin/View/Category/add.html

[ 2017-02-26T18:20:05+08:00 ] ::1 /index.php/Admin/Category/static/h-ui/css/H-ui.min.css
ERR: 非法操作:static

[ 2017-02-26T18:20:05+08:00 ] ::1 /index.php/Admin/Category/static/h-ui.admin/css/H-ui.admin.css
ERR: 非法操作:static

[ 2017-02-26T18:20:05+08:00 ] ::1 /index.php/Admin/Category/static/h-ui.admin/css/style.css
ERR: 非法操作:static

[ 2017-02-26T18:20:05+08:00 ] ::1 /index.php/Admin/Category/lib/Hui-iconfont/1.0.8/iconfont.css
ERR: 非法操作:lib

[ 2017-02-26T18:20:05+08:00 ] ::1 /index.php/Admin/Category/lib/layer/2.4/layer.js
ERR: 非法操作:lib

[ 2017-02-26T18:20:05+08:00 ] ::1 /index.php/Admin/Category/lib/jquery/1.9.1/jquery.min.js
ERR: 非法操作:lib

[ 2017-02-26T18:20:05+08:00 ] ::1 /index.php/Admin/Category/static/h-ui.admin/js/H-ui.admin.js
ERR: 非法操作:static

[ 2017-02-26T18:20:05+08:00 ] ::1 /index.php/Admin/Category/static/h-ui/js/H-ui.min.js
ERR: 非法操作:static

[ 2017-02-26T18:20:05+08:00 ] ::1 /index.php/Admin/Category/lib/jquery.validation/1.14.0/jquery.validate.js
ERR: 非法操作:lib

[ 2017-02-26T18:20:05+08:00 ] ::1 /index.php/Admin/Category/lib/jquery.validation/1.14.0/validate-methods.js
ERR: 非法操作:lib

[ 2017-02-26T18:20:05+08:00 ] ::1 /index.php/Admin/Category/lib/jquery.validation/1.14.0/messages_zh.js
ERR: 非法操作:lib

[ 2017-02-26T18:20:05+08:00 ] ::1 /index.php/Admin/Category/lib/layer/2.4/layer.js
ERR: 非法操作:lib

[ 2017-02-26T18:20:05+08:00 ] ::1 /index.php/Admin/Category/static/h-ui/js/H-ui.min.js
ERR: 非法操作:static

[ 2017-02-26T18:20:05+08:00 ] ::1 /index.php/Admin/Category/static/h-ui.admin/js/H-ui.admin.js
ERR: 非法操作:static

[ 2017-02-26T18:20:05+08:00 ] ::1 /index.php/Admin/Category/lib/jquery.validation/1.14.0/jquery.validate.js
ERR: 非法操作:lib

[ 2017-02-26T18:20:05+08:00 ] ::1 /index.php/Admin/Category/lib/jquery.validation/1.14.0/validate-methods.js
ERR: 非法操作:lib

[ 2017-02-26T18:20:05+08:00 ] ::1 /index.php/Admin/Category/lib/jquery.validation/1.14.0/messages_zh.js
ERR: 非法操作:lib

[ 2017-02-26T19:39:53+08:00 ] ::1 /index.php/Admin/Category/edit?id=2
ERR: 非法操作:edit

[ 2017-02-26T20:01:18+08:00 ] ::1 /index.php/Admin/Category/edit?id=15
ERR: Think\Model:getChildren方法不存在！

