[ 2017-03-03T09:48:43+08:00 ] ::1 /favicon.ico
ERR: 无法加载模块:Favicon

[ 2017-03-03T09:50:42+08:00 ] ::1 /Public/Uploads/Goods/2017-03-02/sm_58b77c9d79998.jpg
ERR: 无法加载模块:Public

[ 2017-03-03T09:51:57+08:00 ] ::1 /Public/Uploads/Goods/2017-03-02/sm_58b77c9d79998.jpg
ERR: 无法加载模块:Public

[ 2017-03-03T10:22:44+08:00 ] ::1 /Public/Uploads/Goods/2017-03-02/sm_58b77c9d79998.jpg
ERR: 无法加载模块:Public

[ 2017-03-03T14:43:21+08:00 ] ::1 /favicon.ico
ERR: 无法加载模块:Favicon

[ 2017-03-03T22:17:16+08:00 ] ::1 /favicon.ico
ERR: 无法加载模块:Favicon

[ 2017-03-03T22:26:43+08:00 ] ::1 /css/common.css
ERR: 无法加载模块:Css

[ 2017-03-03T22:26:43+08:00 ] ::1 /css/font-awesome.min.css
ERR: 无法加载模块:Css

[ 2017-03-03T22:26:43+08:00 ] ::1 /css/tiny-dialog.css
ERR: 无法加载模块:Css

[ 2017-03-03T22:26:43+08:00 ] ::1 /js/jquery.min.js
ERR: 无法加载模块:Js

[ 2017-03-03T22:26:43+08:00 ] ::1 /js/common.js
ERR: 无法加载模块:Js

[ 2017-03-03T22:26:43+08:00 ] ::1 /js/dialog-plus-min.js
ERR: 无法加载模块:Js

[ 2017-03-03T22:26:43+08:00 ] ::1 /js/tinyslider.js
ERR: 无法加载模块:Js

[ 2017-03-03T22:26:43+08:00 ] ::1 /static/images/weixin.jpg
ERR: 无法加载模块:Static

[ 2017-03-03T22:26:43+08:00 ] ::1 /data/uploads/2014/05/04/f81d28ad7c32504c0af3a8c44eec681e.jpg__220_220.jpg
ERR: 无法加载模块:Data

[ 2017-03-03T22:26:43+08:00 ] ::1 /data/uploads/2014/04/29/bee3fc7f0746b54f51fc5f1a2e7a38e3.jpg__220_220.jpg
ERR: 无法加载模块:Data

[ 2017-03-03T22:26:43+08:00 ] ::1 /data/uploads/2014/05/04/9bd757b51fc75afd17475b667a042599.jpg__220_220.jpg
ERR: 无法加载模块:Data

[ 2017-03-03T22:26:43+08:00 ] ::1 /data/uploads/2014/05/04/a56ab48abdf9aefdef5fd16abb44d02c.jpg__220_220.jpg
ERR: 无法加载模块:Data

[ 2017-03-03T22:26:43+08:00 ] ::1 /data/uploads/2014/04/30/f3ccdd27d2000e3f9255a7e3e2c48800.jpg__220_220.jpg
ERR: 无法加载模块:Data

[ 2017-03-03T22:26:43+08:00 ] ::1 /data/uploads/2014/04/29/6b33dafad4bb8752240cf2d3ab066be8.jpg__220_220.jpg
ERR: 无法加载模块:Data

[ 2017-03-03T22:26:43+08:00 ] ::1 /data/uploads/2014/05/04/6a63f7365e4430b5d07791fd32c66500.jpg__220_220.jpg
ERR: 无法加载模块:Data

[ 2017-03-03T22:26:43+08:00 ] ::1 /data/uploads/2014/05/04/fb84a52b8da8869e478a236ed10172b8.jpg__220_220.jpg
ERR: 无法加载模块:Data

[ 2017-03-03T22:26:43+08:00 ] ::1 /data/uploads/2014/05/04/b1dcd910f2d270c11d91668ecfbf7302.jpg__220_220.jpg
ERR: 无法加载模块:Data

[ 2017-03-03T22:26:43+08:00 ] ::1 /data/uploads/2014/04/30/95fc43a276b4706c1eb6be35a460dcc9.jpg__220_220.jpg
ERR: 无法加载模块:Data

[ 2017-03-03T22:26:43+08:00 ] ::1 /data/uploads/2014/05/04/da175403c79047247a25e76ec8c4913a.jpg__220_220.jpg
ERR: 无法加载模块:Data

[ 2017-03-03T22:26:43+08:00 ] ::1 /data/uploads/2014/05/04/19579466f48282ec37548040b0c69bb3.jpg__220_220.jpg
ERR: 无法加载模块:Data

[ 2017-03-03T22:26:43+08:00 ] ::1 /data/uploads/2014/04/29/870c43499b99862429287c2d4119fef6.jpg__220_220.jpg
ERR: 无法加载模块:Data

[ 2017-03-03T22:26:43+08:00 ] ::1 /data/uploads/2014/04/29/d6e93371fdcfae0890fe519fdeb50129.jpg__220_220.jpg
ERR: 无法加载模块:Data

[ 2017-03-03T22:26:43+08:00 ] ::1 /data/uploads/2014/04/29/8f551833e1ab9568186641fe4b5b0101.jpg__220_220.jpg
ERR: 无法加载模块:Data

[ 2017-03-03T22:26:43+08:00 ] ::1 /data/uploads/2014/04/30/b8f4125b967911e08f7115f8d2b3f684.jpg__220_220.jpg
ERR: 无法加载模块:Data

[ 2017-03-03T22:26:43+08:00 ] ::1 /themes/default/images/v-logo-1.png
ERR: 无法加载模块:Themes

[ 2017-03-03T22:26:43+08:00 ] ::1 /themes/default/images/v-logo-2.png
ERR: 无法加载模块:Themes

[ 2017-03-03T22:26:43+08:00 ] ::1 /static/images/weixin.jpg
ERR: 无法加载模块:Static

[ 2017-03-03T22:26:43+08:00 ] ::1 /data/uploads/2014/05/13/b5cf5e20eda87a3ff77e4a2d33828947.jpg
ERR: 无法加载模块:Data

[ 2017-03-03T22:26:43+08:00 ] ::1 /data/uploads/2014/05/13/9670df531a008c75e7bed5b8967efd66.gif
ERR: 无法加载模块:Data

[ 2017-03-03T22:26:43+08:00 ] ::1 /data/uploads/2014/05/13/9359c86ef905712427d3435d230990f2.jpg
ERR: 无法加载模块:Data

[ 2017-03-03T22:26:43+08:00 ] ::1 /data/uploads/2014/05/13/761d03b10a807e017101ba984da121cb.jpg
ERR: 无法加载模块:Data

[ 2017-03-03T22:26:43+08:00 ] ::1 /static/images/logo.png
ERR: 无法加载模块:Static

[ 2017-03-03T22:29:55+08:00 ] ::1 /js/jquery.min.js
ERR: 无法加载模块:Js



[ 2017-03-03T22:29:55+08:00 ] ::1 /js/dialog-plus-min.js
ERR: 无法加载模块:Js

[ 2017-03-03T22:29:55+08:00 ] ::1 /js/common.js
ERR: 无法加载模块:Js

[ 2017-03-03T22:29:55+08:00 ] ::1 /css/font-awesome.min.css
ERR: 无法加载模块:Css

[ 2017-03-03T22:29:55+08:00 ] ::1 /js/tinyslider.js
ERR: 无法加载模块:Js

[ 2017-03-03T22:29:55+08:00 ] ::1 /css/common.css
ERR: 无法加载模块:Css

[ 2017-03-03T22:29:55+08:00 ] ::1 /static/images/weixin.jpg
ERR: 无法加载模块:Static

[ 2017-03-03T22:29:55+08:00 ] ::1 /js/dialog-plus-min.js
ERR: 无法加载模块:Js

[ 2017-03-03T22:29:55+08:00 ] ::1 /data/uploads/2014/05/04/f81d28ad7c32504c0af3a8c44eec681e.jpg__220_220.jpg
ERR: 无法加载模块:Data

[ 2017-03-03T22:29:55+08:00 ] ::1 /js/common.js
ERR: 无法加载模块:Js

[ 2017-03-03T22:29:55+08:00 ] ::1 /data/uploads/2014/05/04/a56ab48abdf9aefdef5fd16abb44d02c.jpg__220_220.jpg
ERR: 无法加载模块:Data

[ 2017-03-03T22:29:55+08:00 ] ::1 /js/tinyslider.js
ERR: 无法加载模块:Js

[ 2017-03-03T22:29:55+08:00 ] ::1 /data/uploads/2014/04/30/f3ccdd27d2000e3f9255a7e3e2c48800.jpg__220_220.jpg
ERR: 无法加载模块:Data

[ 2017-03-03T22:29:55+08:00 ] ::1 /data/uploads/2014/04/29/6b33dafad4bb8752240cf2d3ab066be8.jpg__220_220.jpg
ERR: 无法加载模块:Data

[ 2017-03-03T22:29:55+08:00 ] ::1 /data/uploads/2014/05/04/6a63f7365e4430b5d07791fd32c66500.jpg__220_220.jpg
ERR: 无法加载模块:Data

[ 2017-03-03T22:29:55+08:00 ] ::1 /data/uploads/2014/04/30/95fc43a276b4706c1eb6be35a460dcc9.jpg__220_220.jpg
ERR: 无法加载模块:Data

[ 2017-03-03T22:29:55+08:00 ] ::1 /data/uploads/2014/05/04/da175403c79047247a25e76ec8c4913a.jpg__220_220.jpg
ERR: 无法加载模块:Data

[ 2017-03-03T22:29:55+08:00 ] ::1 /data/uploads/2014/05/04/fb84a52b8da8869e478a236ed10172b8.jpg__220_220.jpg
ERR: 无法加载模块:Data

[ 2017-03-03T22:29:55+08:00 ] ::1 /static/images/logo.png
ERR: 无法加载模块:Static

[ 2017-03-03T22:29:55+08:00 ] ::1 /data/uploads/2014/05/04/b1dcd910f2d270c11d91668ecfbf7302.jpg__220_220.jpg
ERR: 无法加载模块:Data

[ 2017-03-03T22:29:55+08:00 ] ::1 /data/uploads/2014/05/04/19579466f48282ec37548040b0c69bb3.jpg__220_220.jpg
ERR: 无法加载模块:Data

[ 2017-03-03T22:29:55+08:00 ] ::1 /static/images/weixin.jpg
ERR: 无法加载模块:Static

[ 2017-03-03T22:29:55+08:00 ] ::1 /data/uploads/2014/04/29/d6e93371fdcfae0890fe519fdeb50129.jpg__220_220.jpg
ERR: 无法加载模块:Data

[ 2017-03-03T22:29:55+08:00 ] ::1 /data/uploads/2014/04/30/b8f4125b967911e08f7115f8d2b3f684.jpg__220_220.jpg
ERR: 无法加载模块:Data

[ 2017-03-03T22:29:55+08:00 ] ::1 /data/uploads/2014/04/29/8f551833e1ab9568186641fe4b5b0101.jpg__220_220.jpg
ERR: 无法加载模块:Data

[ 2017-03-03T22:29:55+08:00 ] ::1 /data/uploads/2014/05/04/9bd757b51fc75afd17475b667a042599.jpg__220_220.jpg
ERR: 无法加载模块:Data

[ 2017-03-03T22:29:55+08:00 ] ::1 /themes/default/images/v-logo-2.png
ERR: 无法加载模块:Themes

[ 2017-03-03T22:29:55+08:00 ] ::1 /themes/default/images/v-logo-1.png
ERR: 无法加载模块:Themes

[ 2017-03-03T22:29:55+08:00 ] ::1 /data/uploads/2014/04/29/870c43499b99862429287c2d4119fef6.jpg__220_220.jpg
ERR: 无法加载模块:Data

[ 2017-03-03T22:29:55+08:00 ] ::1 /data/uploads/2014/05/04/f81d28ad7c32504c0af3a8c44eec681e.jpg__220_220.jpg
ERR: 无法加载模块:Data

[ 2017-03-03T22:29:55+08:00 ] ::1 /data/uploads/2014/05/04/a56ab48abdf9aefdef5fd16abb44d02c.jpg__220_220.jpg
ERR: 无法加载模块:Data

[ 2017-03-03T22:29:55+08:00 ] ::1 /data/uploads/2014/05/13/9670df531a008c75e7bed5b8967efd66.gif
ERR: 无法加载模块:Data

[ 2017-03-03T22:29:55+08:00 ] ::1 /data/uploads/2014/05/13/b5cf5e20eda87a3ff77e4a2d33828947.jpg
ERR: 无法加载模块:Data

[ 2017-03-03T22:29:55+08:00 ] ::1 /data/uploads/2014/05/13/9359c86ef905712427d3435d230990f2.jpg
ERR: 无法加载模块:Data

[ 2017-03-03T22:29:55+08:00 ] ::1 /themes/default/images/v-logo-3.png
ERR: 无法加载模块:Themes

[ 2017-03-03T22:29:55+08:00 ] ::1 /data/uploads/2014/05/13/761d03b10a807e017101ba984da121cb.jpg
ERR: 无法加载模块:Data

[ 2017-03-03T22:29:55+08:00 ] ::1 /data/uploads/2014/04/29/bee3fc7f0746b54f51fc5f1a2e7a38e3.jpg__220_220.jpg
ERR: 无法加载模块:Data

[ 2017-03-03T22:41:50+08:00 ] ::1 /Public/Home/images/icons.png
ERR: 无法加载模块:Public

[ 2017-03-03T22:41:50+08:00 ] ::1 /Public/Home/fonts/fontawesome-webfont.woff2?v=4.3.0
ERR: 无法加载模块:Public

[ 2017-03-03T22:41:50+08:00 ] ::1 /Public/Home/images/promise.png
ERR: 无法加载模块:Public

[ 2017-03-03T22:41:50+08:00 ] ::1 /Public/Home/images/logo-bottom.png
ERR: 无法加载模块:Public

[ 2017-03-03T22:41:50+08:00 ] ::1 /Public/Home/fonts/fontawesome-webfont.woff?v=4.3.0
ERR: 无法加载模块:Public

[ 2017-03-03T22:41:50+08:00 ] ::1 /Public/Home/fonts/fontawesome-webfont.ttf?v=4.3.0
ERR: 无法加载模块:Public

