[ 2017-03-01T09:30:53+08:00 ] ::1 /favicon.ico
ERR: 无法加载模块:Favicon

[ 2017-03-01T09:51:54+08:00 ] ::1 /Public/images/2.png
ERR: 无法加载模块:Public

[ 2017-03-01T09:59:28+08:00 ] ::1 /Public/images/2.png
ERR: 无法加载模块:Public

[ 2017-03-01T09:59:29+08:00 ] ::1 /Public/images/2.png
ERR: 无法加载模块:Public

[ 2017-03-01T09:59:29+08:00 ] ::1 /Public/images/2.png
ERR: 无法加载模块:Public

[ 2017-03-01T09:59:29+08:00 ] ::1 /Public/images/2.png
ERR: 无法加载模块:Public

[ 2017-03-01T09:59:30+08:00 ] ::1 /Public/images/2.png
ERR: 无法加载模块:Public

[ 2017-03-01T09:59:30+08:00 ] ::1 /Public/images/2.png
ERR: 无法加载模块:Public

[ 2017-03-01T09:59:30+08:00 ] ::1 /Public/images/2.png
ERR: 无法加载模块:Public

[ 2017-03-01T09:59:30+08:00 ] ::1 /Public/images/2.png
ERR: 无法加载模块:Public

[ 2017-03-01T09:59:53+08:00 ] ::1 /Public/images/2.png
ERR: 无法加载模块:Public

[ 2017-03-01T09:59:54+08:00 ] ::1 /Public/images/2.png
ERR: 无法加载模块:Public

[ 2017-03-01T09:59:54+08:00 ] ::1 /Public/images/2.png
ERR: 无法加载模块:Public

[ 2017-03-01T09:59:54+08:00 ] ::1 /Public/images/2.png
ERR: 无法加载模块:Public

[ 2017-03-01T09:59:55+08:00 ] ::1 /Public/images/2.png
ERR: 无法加载模块:Public

[ 2017-03-01T09:59:55+08:00 ] ::1 /Public/images/2.png
ERR: 无法加载模块:Public

[ 2017-03-01T09:59:55+08:00 ] ::1 /Public/images/2.png
ERR: 无法加载模块:Public

[ 2017-03-01T09:59:56+08:00 ] ::1 /Public/images/2.png
ERR: 无法加载模块:Public

[ 2017-03-01T09:59:56+08:00 ] ::1 /Public/images/2.png
ERR: 无法加载模块:Public

[ 2017-03-01T09:59:56+08:00 ] ::1 /Public/images/2.png
ERR: 无法加载模块:Public

[ 2017-03-01T09:59:56+08:00 ] ::1 /Public/images/2.png
ERR: 无法加载模块:Public

[ 2017-03-01T09:59:56+08:00 ] ::1 /Public/images/2.png
ERR: 无法加载模块:Public

[ 2017-03-01T09:59:58+08:00 ] ::1 /Public/images/2.png
ERR: 无法加载模块:Public

[ 2017-03-01T10:00:09+08:00 ] ::1 /Public/images/2.png
ERR: 无法加载模块:Public

[ 2017-03-01T10:02:50+08:00 ] ::1 /Public/images/2.png
ERR: 无法加载模块:Public

[ 2017-03-01T10:02:52+08:00 ] ::1 /Public/images/2.png
ERR: 无法加载模块:Public

[ 2017-03-01T11:45:56+08:00 ] ::1 /favicon.ico
ERR: 无法加载模块:Favicon

[ 2017-03-01T11:45:59+08:00 ] ::1 /favicon.ico
ERR: 无法加载模块:Favicon

[ 2017-03-01T11:50:59+08:00 ] ::1 /product-brand.html
ERR: 无法加载模块:Product-brand

[ 2017-03-01T16:34:56+08:00 ] ::1 /Public/Admin/Styles/general.css
ERR: 无法加载模块:Public

[ 2017-03-01T16:34:56+08:00 ] ::1 /Public/Admin/Styles/main.css
ERR: 无法加载模块:Public

[ 2017-03-01T16:35:10+08:00 ] ::1 /Public/Admin/Styles/general.css
ERR: 无法加载模块:Public

[ 2017-03-01T16:35:10+08:00 ] ::1 /Public/Admin/Styles/main.css
ERR: 无法加载模块:Public

[ 2017-03-01T16:35:45+08:00 ] ::1 /Public/Admin/Styles/general.css
ERR: 无法加载模块:Public

[ 2017-03-01T16:35:45+08:00 ] ::1 /Public/Admin/Styles/main.css
ERR: 无法加载模块:Public

[ 2017-03-01T16:36:24+08:00 ] ::1 /Public/Admin/Styles/main.css
ERR: 无法加载模块:Public

[ 2017-03-01T16:36:24+08:00 ] ::1 /Public/Admin/Styles/general.css
ERR: 无法加载模块:Public

[ 2017-03-01T16:36:43+08:00 ] ::1 /Public/Admin/Styles/general.css
ERR: 无法加载模块:Public

[ 2017-03-01T16:36:43+08:00 ] ::1 /Public/Admin/Styles/main.css
ERR: 无法加载模块:Public

[ 2017-03-01T16:37:30+08:00 ] ::1 /Public/Admin/Styles/main.css
ERR: 无法加载模块:Public

[ 2017-03-01T16:37:30+08:00 ] ::1 /Public/Admin/Styles/general.css
ERR: 无法加载模块:Public

[ 2017-03-01T16:37:43+08:00 ] ::1 /Public/Admin/Styles/general.css
ERR: 无法加载模块:Public

[ 2017-03-01T16:37:43+08:00 ] ::1 /Public/Admin/Styles/main.css
ERR: 无法加载模块:Public

[ 2017-03-01T16:38:50+08:00 ] ::1 /Public/Admin/Styles/general.css
ERR: 无法加载模块:Public

[ 2017-03-01T16:38:50+08:00 ] ::1 /Public/Admin/Styles/main.css
ERR: 无法加载模块:Public

[ 2017-03-01T16:40:22+08:00 ] ::1 /Public/Admin/Js/tron.js
ERR: 无法加载模块:Public

[ 2017-03-01T16:40:33+08:00 ] ::1 /Public/Admin/Js/tron.js
ERR: 无法加载模块:Public

[ 2017-03-01T16:40:36+08:00 ] ::1 /Public/Admin/Js/tron.js
ERR: 无法加载模块:Public

[ 2017-03-01T16:42:25+08:00 ] ::1 /Public/Admin/Js/tron.js
ERR: 无法加载模块:Public

[ 2017-03-01T16:53:51+08:00 ] ::1 /Public/Admin/Js/tron.js
ERR: 无法加载模块:Public

[ 2017-03-01T16:53:59+08:00 ] ::1 /Public/Admin/Js/tron.js
ERR: 无法加载模块:Public

[ 2017-03-01T16:54:01+08:00 ] ::1 /Public/Admin/Js/tron.js
ERR: 无法加载模块:Public

[ 2017-03-01T16:59:59+08:00 ] ::1 /Public/Admin/Js/tron.js
ERR: 无法加载模块:Public

[ 2017-03-01T17:00:07+08:00 ] ::1 /Public/Admin/Js/tron.js
ERR: 无法加载模块:Public

[ 2017-03-01T17:02:56+08:00 ] ::1 /Public/Admin/Js/tron.js
ERR: 无法加载模块:Public

[ 2017-03-01T17:30:29+08:00 ] ::1 /Public/Admin/Js/tron.js
ERR: 无法加载模块:Public

