[ 2017-02-26T09:12:37+08:00 ] ::1 /favicon.ico
ERR: 无法加载模块:Favicon

[ 2017-02-26T09:22:37+08:00 ] ::1 /aboutHui.shtml
ERR: 无法加载模块:AboutHui

[ 2017-02-26T09:31:12+08:00 ] ::1 /index.php/jxshop.com
ERR: 无法加载模块:Jxshop

[ 2017-02-26T09:38:14+08:00 ] ::1 /index.php/charts-6.html
ERR: 无法加载模块:Charts-6

[ 2017-02-26T09:38:15+08:00 ] ::1 /index.php/charts-7.html
ERR: 无法加载模块:Charts-7

[ 2017-02-26T09:39:01+08:00 ] ::1 /index.php/product-category.html
ERR: 无法加载模块:Product-category

[ 2017-02-26T09:39:02+08:00 ] ::1 /index.php/product-brand.html
ERR: 无法加载模块:Product-brand

[ 2017-02-26T11:30:31+08:00 ] ::1 /favicon.ico
ERR: 无法加载模块:Favicon

[ 2017-02-26T14:46:46+08:00 ] ::1 /favicon.ico
ERR: 无法加载模块:Favicon

[ 2017-02-26T17:46:40+08:00 ] ::1 /product-category.html
ERR: 无法加载模块:Product-category

[ 2017-02-26T22:09:50+08:00 ] ::1 /Public/Home/images/default_goods.jpg
ERR: 无法加载模块:Public

[ 2017-02-26T22:09:50+08:00 ] ::1 /Public/Home/images/default_goods.jpg
ERR: 无法加载模块:Public

[ 2017-02-26T22:12:20+08:00 ] ::1 /Public/Home/images/default_goods.jpg
ERR: 无法加载模块:Public

