[ 2017-03-06T09:05:07+08:00 ] ::1 /Public/Home/images/logo-bottom.png
ERR: цЧац│ХхКаш╜╜цибхЭЧ:Public

[ 2017-03-06T09:07:52+08:00 ] ::1 /Public/Home/images/promise.png
ERR: цЧац│ХхКаш╜╜цибхЭЧ:Public

[ 2017-03-06T09:07:52+08:00 ] ::1 /Public/Home/images/logo-bottom.png
ERR: цЧац│ХхКаш╜╜цибхЭЧ:Public

[ 2017-03-06T09:08:03+08:00 ] ::1 /Public/Home/images/promise.png
ERR: цЧац│ХхКаш╜╜цибхЭЧ:Public

[ 2017-03-06T09:08:03+08:00 ] ::1 /Public/Home/images/logo-bottom.png
ERR: цЧац│ХхКаш╜╜цибхЭЧ:Public

[ 2017-03-06T09:08:18+08:00 ] ::1 /Public/Home/images/promise.png
ERR: цЧац│ХхКаш╜╜цибхЭЧ:Public

[ 2017-03-06T09:08:18+08:00 ] ::1 /Public/Home/images/logo-bottom.png
ERR: цЧац│ХхКаш╜╜цибхЭЧ:Public

[ 2017-03-06T09:09:57+08:00 ] ::1 /Public/Home/images/logo-bottom.png
ERR: цЧац│ХхКаш╜╜цибхЭЧ:Public

[ 2017-03-06T09:09:57+08:00 ] ::1 /Public/Home/images/promise.png
ERR: цЧац│ХхКаш╜╜цибхЭЧ:Public

[ 2017-03-06T09:10:00+08:00 ] ::1 /Public/Home/images/logo-bottom.png
ERR: цЧац│ХхКаш╜╜цибхЭЧ:Public

[ 2017-03-06T09:10:00+08:00 ] ::1 /Public/Home/images/promise.png
ERR: цЧац│ХхКаш╜╜цибхЭЧ:Public

[ 2017-03-06T09:10:14+08:00 ] ::1 /Public/Home/images/promise.png
ERR: цЧац│ХхКаш╜╜цибхЭЧ:Public

[ 2017-03-06T09:10:14+08:00 ] ::1 /Public/Home/images/logo-bottom.png
ERR: цЧац│ХхКаш╜╜цибхЭЧ:Public

[ 2017-03-06T09:12:08+08:00 ] ::1 /Public/Home/images/promise.png
ERR: цЧац│ХхКаш╜╜цибхЭЧ:Public

[ 2017-03-06T09:12:08+08:00 ] ::1 /Public/Home/images/logo-bottom.png
ERR: цЧац│ХхКаш╜╜цибхЭЧ:Public

[ 2017-03-06T09:12:34+08:00 ] ::1 /Public/Home/images/promise.png
ERR: цЧац│ХхКаш╜╜цибхЭЧ:Public

[ 2017-03-06T09:12:34+08:00 ] ::1 /Public/Home/images/logo-bottom.png
ERR: цЧац│ХхКаш╜╜цибхЭЧ:Public

[ 2017-03-06T09:12:36+08:00 ] ::1 /Public/Home/images/promise.png
ERR: цЧац│ХхКаш╜╜цибхЭЧ:Public

[ 2017-03-06T09:12:36+08:00 ] ::1 /Public/Home/images/logo-bottom.png
ERR: цЧац│ХхКаш╜╜цибхЭЧ:Public

[ 2017-03-06T09:12:37+08:00 ] ::1 /Public/Home/images/promise.png
ERR: цЧац│ХхКаш╜╜цибхЭЧ:Public

[ 2017-03-06T09:12:37+08:00 ] ::1 /Public/Home/images/logo-bottom.png
ERR: цЧац│ХхКаш╜╜цибхЭЧ:Public

[ 2017-03-06T09:12:38+08:00 ] ::1 /Public/Home/images/promise.png
ERR: цЧац│ХхКаш╜╜цибхЭЧ:Public

[ 2017-03-06T09:12:38+08:00 ] ::1 /Public/Home/images/logo-bottom.png
ERR: цЧац│ХхКаш╜╜цибхЭЧ:Public

[ 2017-03-06T09:13:00+08:00 ] ::1 /Public/Home/images/promise.png
ERR: цЧац│ХхКаш╜╜цибхЭЧ:Public

[ 2017-03-06T09:13:01+08:00 ] ::1 /Public/Home/images/logo-bottom.png
ERR: цЧац│ХхКаш╜╜цибхЭЧ:Public

[ 2017-03-06T09:13:11+08:00 ] ::1 /Public/Home/images/promise.png
ERR: цЧац│ХхКаш╜╜цибхЭЧ:Public

[ 2017-03-06T09:13:11+08:00 ] ::1 /Public/Home/images/logo-bottom.png
ERR: цЧац│ХхКаш╜╜цибхЭЧ:Public

[ 2017-03-06T09:14:27+08:00 ] ::1 /Public/Home/css/common.css.map
ERR: цЧац│ХхКаш╜╜цибхЭЧ:Public

[ 2017-03-06T09:15:49+08:00 ] ::1 /Public/Home/css/common.css.map
ERR: цЧац│ХхКаш╜╜цибхЭЧ:Public

[ 2017-03-06T09:15:49+08:00 ] ::1 /Public/Home/images/promise.png
ERR: цЧац│ХхКаш╜╜цибхЭЧ:Public

[ 2017-03-06T09:15:49+08:00 ] ::1 /Public/Home/images/logo-bottom.png
ERR: цЧац│ХхКаш╜╜цибхЭЧ:Public

[ 2017-03-06T09:22:07+08:00 ] ::1 /Public/Home/css/common.css.map
ERR: цЧац│ХхКаш╜╜цибхЭЧ:Public

[ 2017-03-06T09:22:07+08:00 ] ::1 /Public/Home/images/promise.png
ERR: цЧац│ХхКаш╜╜цибхЭЧ:Public

[ 2017-03-06T09:22:07+08:00 ] ::1 /Public/Home/images/logo-bottom.png
ERR: цЧац│ХхКаш╜╜цибхЭЧ:Public

[ 2017-03-06T09:22:13+08:00 ] ::1 /Public/Home/images/logo-bottom.png
ERR: цЧац│ХхКаш╜╜цибхЭЧ:Public

[ 2017-03-06T09:22:13+08:00 ] ::1 /Public/Home/images/promise.png
ERR: цЧац│ХхКаш╜╜цибхЭЧ:Public

[ 2017-03-06T09:22:34+08:00 ] ::1 /Public/Home/images/promise.png
ERR: цЧац│ХхКаш╜╜цибхЭЧ:Public

[ 2017-03-06T09:22:34+08:00 ] ::1 /Public/Home/images/logo-bottom.png
ERR: цЧац│ХхКаш╜╜цибхЭЧ:Public

[ 2017-03-06T09:23:21+08:00 ] ::1 /favicon.ico
ERR: цЧац│ХхКаш╜╜цибхЭЧ:Favicon

[ 2017-03-06T09:25:02+08:00 ] ::1 /Public/Home/css/common.css.map
ERR: цЧац│ХхКаш╜╜цибхЭЧ:Public

[ 2017-03-06T09:35:06+08:00 ] ::1 /Public/Home/css/common.css.map
ERR: цЧац│ХхКаш╜╜цибхЭЧ:Public

[ 2017-03-06T09:35:06+08:00 ] ::1 /Public/Home/images/promise.png
ERR: цЧац│ХхКаш╜╜цибхЭЧ:Public

[ 2017-03-06T09:35:06+08:00 ] ::1 /Public/Home/images/logo-bottom.png
ERR: цЧац│ХхКаш╜╜цибхЭЧ:Public

[ 2017-03-06T09:35:09+08:00 ] ::1 /Public/Home/css/common.css.map
ERR: цЧац│ХхКаш╜╜цибхЭЧ:Public

[ 2017-03-06T09:35:09+08:00 ] ::1 /Public/Home/css/common.css.map
ERR: цЧац│ХхКаш╜╜цибхЭЧ:Public

[ 2017-03-06T09:35:09+08:00 ] ::1 /Public/Home/css/common.css.map
ERR: цЧац│ХхКаш╜╜цибхЭЧ:Public

[ 2017-03-06T09:35:10+08:00 ] ::1 /Public/Home/css/common.css.map
ERR: цЧац│ХхКаш╜╜цибхЭЧ:Public

[ 2017-03-06T09:35:10+08:00 ] ::1 /Public/Home/css/common.css.map
ERR: цЧац│ХхКаш╜╜цибхЭЧ:Public

[ 2017-03-06T09:35:10+08:00 ] ::1 /Public/Home/css/common.css.map
ERR: цЧац│ХхКаш╜╜цибхЭЧ:Public

[ 2017-03-06T09:35:11+08:00 ] ::1 /Public/Home/css/common.css.map
ERR: цЧац│ХхКаш╜╜цибхЭЧ:Public

[ 2017-03-06T09:35:20+08:00 ] ::1 /Public/Home/css/common.css.map
ERR: цЧац│ХхКаш╜╜цибхЭЧ:Public

[ 2017-03-06T09:35:20+08:00 ] ::1 /Public/Home/images/promise.png
ERR: цЧац│ХхКаш╜╜цибхЭЧ:Public

[ 2017-03-06T09:35:20+08:00 ] ::1 /Public/Home/images/logo-bottom.png
ERR: цЧац│ХхКаш╜╜цибхЭЧ:Public

[ 2017-03-06T09:35:20+08:00 ] ::1 /Public/Home/css/common.css.map
ERR: цЧац│ХхКаш╜╜цибхЭЧ:Public

[ 2017-03-06T09:35:20+08:00 ] ::1 /Public/Home/images/logo-bottom.png
ERR: цЧац│ХхКаш╜╜цибхЭЧ:Public

[ 2017-03-06T09:35:20+08:00 ] ::1 /Public/Home/images/promise.png
ERR: цЧац│ХхКаш╜╜цибхЭЧ:Public

[ 2017-03-06T09:35:21+08:00 ] ::1 /Public/Home/css/common.css.map
ERR: цЧац│ХхКаш╜╜цибхЭЧ:Public

[ 2017-03-06T09:35:21+08:00 ] ::1 /Public/Home/images/logo-bottom.png
ERR: цЧац│ХхКаш╜╜цибхЭЧ:Public

[ 2017-03-06T09:35:21+08:00 ] ::1 /Public/Home/images/promise.png
ERR: цЧац│ХхКаш╜╜цибхЭЧ:Public

[ 2017-03-06T09:35:21+08:00 ] ::1 /Public/Home/css/common.css.map
ERR: цЧац│ХхКаш╜╜цибхЭЧ:Public

[ 2017-03-06T09:35:21+08:00 ] ::1 /Public/Home/images/logo-bottom.png
ERR: цЧац│ХхКаш╜╜цибхЭЧ:Public

[ 2017-03-06T09:35:21+08:00 ] ::1 /Public/Home/images/promise.png
ERR: цЧац│ХхКаш╜╜цибхЭЧ:Public

[ 2017-03-06T09:35:21+08:00 ] ::1 /Public/Home/css/common.css.map
ERR: цЧац│ХхКаш╜╜цибхЭЧ:Public

[ 2017-03-06T09:35:21+08:00 ] ::1 /Public/Home/images/logo-bottom.png
ERR: цЧац│ХхКаш╜╜цибхЭЧ:Public

[ 2017-03-06T09:35:21+08:00 ] ::1 /Public/Home/images/promise.png
ERR: цЧац│ХхКаш╜╜цибхЭЧ:Public

[ 2017-03-06T09:35:22+08:00 ] ::1 /Public/Home/css/common.css.map
ERR: цЧац│ХхКаш╜╜цибхЭЧ:Public

[ 2017-03-06T09:35:34+08:00 ] ::1 /Public/Home/images/promise.png
ERR: цЧац│ХхКаш╜╜цибхЭЧ:Public

[ 2017-03-06T09:35:34+08:00 ] ::1 /Public/Home/images/logo-bottom.png
ERR: цЧац│ХхКаш╜╜цибхЭЧ:Public

[ 2017-03-06T09:46:43+08:00 ] ::1 /Public/Home/images/promise.png
ERR: цЧац│ХхКаш╜╜цибхЭЧ:Public

[ 2017-03-06T09:46:43+08:00 ] ::1 /Public/Home/images/logo-bottom.png
ERR: цЧац│ХхКаш╜╜цибхЭЧ:Public

[ 2017-03-06T09:47:30+08:00 ] ::1 /Public/Home/css/common.css.map
ERR: цЧац│ХхКаш╜╜цибхЭЧ:Public

[ 2017-03-06T09:48:11+08:00 ] ::1 /Public/Home/images/logo-bottom.png
ERR: цЧац│ХхКаш╜╜цибхЭЧ:Public

[ 2017-03-06T09:48:11+08:00 ] ::1 /Public/Home/images/promise.png
ERR: цЧац│ХхКаш╜╜цибхЭЧ:Public

[ 2017-03-06T09:48:43+08:00 ] ::1 /Public/Home/images/promise.png
ERR: цЧац│ХхКаш╜╜цибхЭЧ:Public

[ 2017-03-06T09:48:43+08:00 ] ::1 /Public/Home/images/logo-bottom.png
ERR: цЧац│ХхКаш╜╜цибхЭЧ:Public

[ 2017-03-06T09:48:54+08:00 ] ::1 /Public/Home/images/logo-bottom.png
ERR: цЧац│ХхКаш╜╜цибхЭЧ:Public

[ 2017-03-06T09:48:54+08:00 ] ::1 /Public/Home/images/promise.png
ERR: цЧац│ХхКаш╜╜цибхЭЧ:Public

[ 2017-03-06T09:48:59+08:00 ] ::1 /Public/Home/images/promise.png
ERR: цЧац│ХхКаш╜╜цибхЭЧ:Public

[ 2017-03-06T09:48:59+08:00 ] ::1 /Public/Home/images/logo-bottom.png
ERR: цЧац│ХхКаш╜╜цибхЭЧ:Public

[ 2017-03-06T09:49:10+08:00 ] ::1 /Public/Home/images/logo-bottom.png
ERR: цЧац│ХхКаш╜╜цибхЭЧ:Public

[ 2017-03-06T09:49:10+08:00 ] ::1 /Public/Home/images/promise.png
ERR: цЧац│ХхКаш╜╜цибхЭЧ:Public

[ 2017-03-06T09:49:13+08:00 ] ::1 /Public/Home/css/common.css.map
ERR: цЧац│ХхКаш╜╜цибхЭЧ:Public

[ 2017-03-06T09:49:32+08:00 ] ::1 /Public/Home/images/logo-bottom.png
ERR: цЧац│ХхКаш╜╜цибхЭЧ:Public

[ 2017-03-06T09:49:32+08:00 ] ::1 /Public/Home/images/promise.png
ERR: цЧац│ХхКаш╜╜цибхЭЧ:Public

[ 2017-03-06T09:49:43+08:00 ] ::1 /Public/Home/images/logo-bottom.png
ERR: цЧац│ХхКаш╜╜цибхЭЧ:Public

[ 2017-03-06T09:49:43+08:00 ] ::1 /Public/Home/images/promise.png
ERR: цЧац│ХхКаш╜╜цибхЭЧ:Public

[ 2017-03-06T09:49:52+08:00 ] ::1 /Public/Home/images/promise.png
ERR: цЧац│ХхКаш╜╜цибхЭЧ:Public

[ 2017-03-06T09:49:52+08:00 ] ::1 /Public/Home/images/logo-bottom.png
ERR: цЧац│ХхКаш╜╜цибхЭЧ:Public

[ 2017-03-06T09:50:06+08:00 ] ::1 /Public/Home/images/logo-bottom.png
ERR: цЧац│ХхКаш╜╜цибхЭЧ:Public

[ 2017-03-06T09:50:06+08:00 ] ::1 /Public/Home/images/promise.png
ERR: цЧац│ХхКаш╜╜цибхЭЧ:Public

[ 2017-03-06T09:50:17+08:00 ] ::1 /Public/Home/images/promise.png
ERR: цЧац│ХхКаш╜╜цибхЭЧ:Public

[ 2017-03-06T09:50:17+08:00 ] ::1 /Public/Home/images/logo-bottom.png
ERR: цЧац│ХхКаш╜╜цибхЭЧ:Public

[ 2017-03-06T09:50:21+08:00 ] ::1 /Public/Home/images/promise.png
ERR: цЧац│ХхКаш╜╜цибхЭЧ:Public

[ 2017-03-06T09:50:21+08:00 ] ::1 /Public/Home/images/logo-bottom.png
ERR: цЧац│ХхКаш╜╜цибхЭЧ:Public

[ 2017-03-06T10:37:31+08:00 ] ::1 /Public/Home/css/common.css.map
ERR: цЧац│ХхКаш╜╜цибхЭЧ:Public

[ 2017-03-06T10:45:35+08:00 ] ::1 /Public/Home/css/common.css.map
ERR: цЧац│ХхКаш╜╜цибхЭЧ:Public

[ 2017-03-06T10:45:35+08:00 ] ::1 /Public/Home/images/promise.png
ERR: цЧац│ХхКаш╜╜цибхЭЧ:Public

[ 2017-03-06T10:45:35+08:00 ] ::1 /Public/Home/images/logo-bottom.png
ERR: цЧац│ХхКаш╜╜цибхЭЧ:Public

[ 2017-03-06T10:45:35+08:00 ] ::1 /Public/Home/css/common.css.map
ERR: цЧац│ХхКаш╜╜цибхЭЧ:Public

[ 2017-03-06T10:45:36+08:00 ] ::1 /Public/Home/css/common.css.map
ERR: цЧац│ХхКаш╜╜цибхЭЧ:Public

[ 2017-03-06T10:45:36+08:00 ] ::1 /Public/Home/css/common.css.map
ERR: цЧац│ХхКаш╜╜цибхЭЧ:Public

[ 2017-03-06T10:51:38+08:00 ] ::1 /Public/Home/css/common.css.map
ERR: цЧац│ХхКаш╜╜цибхЭЧ:Public

[ 2017-03-06T10:51:39+08:00 ] ::1 /Public/Home/css/common.css.map
ERR: цЧац│ХхКаш╜╜цибхЭЧ:Public

[ 2017-03-06T10:57:22+08:00 ] ::1 /Public/Home/css/common.css.map
ERR: цЧац│ХхКаш╜╜цибхЭЧ:Public

[ 2017-03-06T10:57:23+08:00 ] ::1 /Public/Home/css/common.css.map
ERR: цЧац│ХхКаш╜╜цибхЭЧ:Public

[ 2017-03-06T11:05:43+08:00 ] ::1 /Public/Home/css/common.css.map
ERR: цЧац│ХхКаш╜╜цибхЭЧ:Public

[ 2017-03-06T11:05:44+08:00 ] ::1 /Public/Home/css/common.css.map
ERR: цЧац│ХхКаш╜╜цибхЭЧ:Public

[ 2017-03-06T11:06:20+08:00 ] ::1 /Public/Home/css/common.css.map
ERR: цЧац│ХхКаш╜╜цибхЭЧ:Public

[ 2017-03-06T11:06:20+08:00 ] ::1 /Public/Home/css/common.css.map
ERR: цЧац│ХхКаш╜╜цибхЭЧ:Public

[ 2017-03-06T11:06:21+08:00 ] ::1 /Public/Home/css/common.css.map
ERR: цЧац│ХхКаш╜╜цибхЭЧ:Public

[ 2017-03-06T11:06:21+08:00 ] ::1 /Public/Home/css/common.css.map
ERR: цЧац│ХхКаш╜╜цибхЭЧ:Public

[ 2017-03-06T11:10:38+08:00 ] ::1 /Public/Home/images/logo-bottom.png
ERR: цЧац│ХхКаш╜╜цибхЭЧ:Public

[ 2017-03-06T11:10:38+08:00 ] ::1 /Public/Home/images/promise.png
ERR: цЧац│ХхКаш╜╜цибхЭЧ:Public

[ 2017-03-06T11:11:19+08:00 ] ::1 /Public/Home/css/common.css.map
ERR: цЧац│ХхКаш╜╜цибхЭЧ:Public

[ 2017-03-06T11:13:10+08:00 ] ::1 /Public/Home/css/common.css.map
ERR: цЧац│ХхКаш╜╜цибхЭЧ:Public

[ 2017-03-06T11:13:10+08:00 ] ::1 /images/bg1.jpeg
ERR: цЧац│ХхКаш╜╜цибхЭЧ:Images

[ 2017-03-06T11:13:10+08:00 ] ::1 /images/bg5.jpeg
ERR: цЧац│ХхКаш╜╜цибхЭЧ:Images

[ 2017-03-06T11:13:10+08:00 ] ::1 /images/bg6.jpeg
ERR: цЧац│ХхКаш╜╜цибхЭЧ:Images

[ 2017-03-06T11:13:10+08:00 ] ::1 /Public/Home/images/promise.png
ERR: цЧац│ХхКаш╜╜цибхЭЧ:Public

[ 2017-03-06T11:13:10+08:00 ] ::1 /Public/Home/images/logo-bottom.png
ERR: цЧац│ХхКаш╜╜цибхЭЧ:Public

[ 2017-03-06T11:13:10+08:00 ] ::1 /images/bg4.jpeg
ERR: цЧац│ХхКаш╜╜цибхЭЧ:Images

[ 2017-03-06T11:13:10+08:00 ] ::1 /images/bg3.jpeg
ERR: цЧац│ХхКаш╜╜цибхЭЧ:Images

[ 2017-03-06T11:13:10+08:00 ] ::1 /images/bg2.jpeg
ERR: цЧац│ХхКаш╜╜цибхЭЧ:Images

[ 2017-03-06T11:13:12+08:00 ] ::1 /Public/Home/css/common.css.map
ERR: цЧац│ХхКаш╜╜цибхЭЧ:Public

[ 2017-03-06T11:13:12+08:00 ] ::1 /images/bg1.jpeg
ERR: цЧац│ХхКаш╜╜цибхЭЧ:Images

[ 2017-03-06T11:13:12+08:00 ] ::1 /images/bg2.jpeg
ERR: цЧац│ХхКаш╜╜цибхЭЧ:Images

[ 2017-03-06T11:13:12+08:00 ] ::1 /images/bg3.jpeg
ERR: цЧац│ХхКаш╜╜цибхЭЧ:Images

[ 2017-03-06T11:13:12+08:00 ] ::1 /images/bg4.jpeg
ERR: цЧац│ХхКаш╜╜цибхЭЧ:Images

[ 2017-03-06T11:13:12+08:00 ] ::1 /images/bg5.jpeg
ERR: цЧац│ХхКаш╜╜цибхЭЧ:Images

[ 2017-03-06T11:13:12+08:00 ] ::1 /images/bg6.jpeg
ERR: цЧац│ХхКаш╜╜цибхЭЧ:Images

[ 2017-03-06T11:13:12+08:00 ] ::1 /Public/Home/css/common.css.map
ERR: цЧац│ХхКаш╜╜цибхЭЧ:Public

[ 2017-03-06T11:13:12+08:00 ] ::1 /images/bg2.jpeg
ERR: цЧац│ХхКаш╜╜цибхЭЧ:Images

[ 2017-03-06T11:13:12+08:00 ] ::1 /images/bg3.jpeg
ERR: цЧац│ХхКаш╜╜цибхЭЧ:Images

[ 2017-03-06T11:13:12+08:00 ] ::1 /images/bg1.jpeg
ERR: цЧац│ХхКаш╜╜цибхЭЧ:Images

[ 2017-03-06T11:13:12+08:00 ] ::1 /images/bg4.jpeg
ERR: цЧац│ХхКаш╜╜цибхЭЧ:Images

[ 2017-03-06T11:13:12+08:00 ] ::1 /images/bg6.jpeg
ERR: цЧац│ХхКаш╜╜цибхЭЧ:Images

[ 2017-03-06T11:13:13+08:00 ] ::1 /Public/Home/css/common.css.map
ERR: цЧац│ХхКаш╜╜цибхЭЧ:Public

[ 2017-03-06T11:13:13+08:00 ] ::1 /images/bg1.jpeg
ERR: цЧац│ХхКаш╜╜цибхЭЧ:Images

[ 2017-03-06T11:13:13+08:00 ] ::1 /images/bg2.jpeg
ERR: цЧац│ХхКаш╜╜цибхЭЧ:Images

[ 2017-03-06T11:13:13+08:00 ] ::1 /images/bg6.jpeg
ERR: цЧац│ХхКаш╜╜цибхЭЧ:Images

[ 2017-03-06T11:13:13+08:00 ] ::1 /images/bg5.jpeg
ERR: цЧац│ХхКаш╜╜цибхЭЧ:Images

[ 2017-03-06T11:13:13+08:00 ] ::1 /images/bg4.jpeg
ERR: цЧац│ХхКаш╜╜цибхЭЧ:Images

[ 2017-03-06T11:15:46+08:00 ] ::1 /Public/Home/css/common.css.map
ERR: цЧац│ХхКаш╜╜цибхЭЧ:Public

[ 2017-03-06T11:20:16+08:00 ] ::1 /Public/Home/images/promise.png
ERR: цЧац│ХхКаш╜╜цибхЭЧ:Public

[ 2017-03-06T11:20:16+08:00 ] ::1 /Public/Home/images/logo-bottom.png
ERR: цЧац│ХхКаш╜╜цибхЭЧ:Public

[ 2017-03-06T11:20:31+08:00 ] ::1 /Public/Home/css/common.css.map
ERR: цЧац│ХхКаш╜╜цибхЭЧ:Public

[ 2017-03-06T11:20:44+08:00 ] ::1 /Public/Home/images/logo-bottom.png
ERR: цЧац│ХхКаш╜╜цибхЭЧ:Public

[ 2017-03-06T11:20:54+08:00 ] ::1 /Public/Home/images/logo-bottom.png
ERR: цЧац│ХхКаш╜╜цибхЭЧ:Public

[ 2017-03-06T11:21:10+08:00 ] ::1 /Public/Home/images/logo-bottom.png
ERR: цЧац│ХхКаш╜╜цибхЭЧ:Public

[ 2017-03-06T11:21:22+08:00 ] ::1 /Public/Home/images/logo-bottom.png
ERR: цЧац│ХхКаш╜╜цибхЭЧ:Public

[ 2017-03-06T11:21:22+08:00 ] ::1 /Public/Home/images/promise.png
ERR: цЧац│ХхКаш╜╜цибхЭЧ:Public

[ 2017-03-06T11:21:25+08:00 ] ::1 /Public/Home/css/common.css.map
ERR: цЧац│ХхКаш╜╜цибхЭЧ:Public

[ 2017-03-06T11:22:20+08:00 ] ::1 /Public/Home/css/common.css.map
ERR: цЧац│ХхКаш╜╜цибхЭЧ:Public

[ 2017-03-06T11:22:20+08:00 ] ::1 /Public/Home/images/promise.png
ERR: цЧац│ХхКаш╜╜цибхЭЧ:Public

[ 2017-03-06T11:22:20+08:00 ] ::1 /Public/Home/images/logo-bottom.png
ERR: цЧац│ХхКаш╜╜цибхЭЧ:Public

[ 2017-03-06T11:22:21+08:00 ] ::1 /Public/Home/css/common.css.map
ERR: цЧац│ХхКаш╜╜цибхЭЧ:Public

[ 2017-03-06T11:22:22+08:00 ] ::1 /Public/Home/css/common.css.map
ERR: цЧац│ХхКаш╜╜цибхЭЧ:Public

[ 2017-03-06T11:22:53+08:00 ] ::1 /Public/Home/css/common.css.map
ERR: цЧац│ХхКаш╜╜цибхЭЧ:Public

[ 2017-03-06T11:22:54+08:00 ] ::1 /Public/Home/css/common.css.map
ERR: цЧац│ХхКаш╜╜цибхЭЧ:Public

[ 2017-03-06T11:22:54+08:00 ] ::1 /Public/Home/css/common.css.map
ERR: цЧац│ХхКаш╜╜цибхЭЧ:Public

[ 2017-03-06T11:22:54+08:00 ] ::1 /Public/Home/css/common.css.map
ERR: цЧац│ХхКаш╜╜цибхЭЧ:Public

[ 2017-03-06T11:22:55+08:00 ] ::1 /Public/Home/css/common.css.map
ERR: цЧац│ХхКаш╜╜цибхЭЧ:Public

[ 2017-03-06T11:26:45+08:00 ] ::1 /Public/Home/css/common.css.map
ERR: цЧац│ХхКаш╜╜цибхЭЧ:Public

[ 2017-03-06T11:27:54+08:00 ] ::1 /Public/Home/css/common.css.map
ERR: цЧац│ХхКаш╜╜цибхЭЧ:Public

[ 2017-03-06T11:27:55+08:00 ] ::1 /Public/Home/css/common.css.map
ERR: цЧац│ХхКаш╜╜цибхЭЧ:Public

[ 2017-03-06T11:27:56+08:00 ] ::1 /Public/Home/css/common.css.map
ERR: цЧац│ХхКаш╜╜цибхЭЧ:Public

[ 2017-03-06T11:27:57+08:00 ] ::1 /Public/Home/css/common.css.map
ERR: цЧац│ХхКаш╜╜цибхЭЧ:Public

[ 2017-03-06T11:29:17+08:00 ] ::1 /Public/Home/css/common.css.map
ERR: цЧац│ХхКаш╜╜цибхЭЧ:Public

[ 2017-03-06T11:29:18+08:00 ] ::1 /Public/Home/css/common.css.map
ERR: цЧац│ХхКаш╜╜цибхЭЧ:Public

[ 2017-03-06T11:30:43+08:00 ] ::1 /Public/Home/images/promise.png
ERR: цЧац│ХхКаш╜╜цибхЭЧ:Public

[ 2017-03-06T11:30:43+08:00 ] ::1 /Public/Home/images/logo-bottom.png
ERR: цЧац│ХхКаш╜╜цибхЭЧ:Public

[ 2017-03-06T11:31:58+08:00 ] ::1 /Public/Home/css/common.css.map
ERR: цЧац│ХхКаш╜╜цибхЭЧ:Public

[ 2017-03-06T11:33:33+08:00 ] ::1 /Public/Home/images/promise.png
ERR: цЧац│ХхКаш╜╜цибхЭЧ:Public

[ 2017-03-06T11:33:33+08:00 ] ::1 /Public/Home/images/logo-bottom.png
ERR: цЧац│ХхКаш╜╜цибхЭЧ:Public

[ 2017-03-06T11:33:33+08:00 ] ::1 /Public/Home/css/common.css.map
ERR: цЧац│ХхКаш╜╜цибхЭЧ:Public

[ 2017-03-06T11:33:37+08:00 ] ::1 /Public/Home/css/common.css.map
ERR: цЧац│ХхКаш╜╜цибхЭЧ:Public

[ 2017-03-06T11:33:37+08:00 ] ::1 /Public/Home/images/promise.png
ERR: цЧац│ХхКаш╜╜цибхЭЧ:Public

[ 2017-03-06T11:33:37+08:00 ] ::1 /Public/Home/images/logo-bottom.png
ERR: цЧац│ХхКаш╜╜цибхЭЧ:Public

[ 2017-03-06T11:33:47+08:00 ] ::1 /Public/Home/images/promise.png
ERR: цЧац│ХхКаш╜╜цибхЭЧ:Public

[ 2017-03-06T11:33:47+08:00 ] ::1 /Public/Home/css/common.css.map
ERR: цЧац│ХхКаш╜╜цибхЭЧ:Public

[ 2017-03-06T11:33:47+08:00 ] ::1 /Public/Home/images/logo-bottom.png
ERR: цЧац│ХхКаш╜╜цибхЭЧ:Public

[ 2017-03-06T11:33:54+08:00 ] ::1 /Public/Home/css/common.css.map
ERR: цЧац│ХхКаш╜╜цибхЭЧ:Public

[ 2017-03-06T11:33:54+08:00 ] ::1 /Public/Home/images/promise.png
ERR: цЧац│ХхКаш╜╜цибхЭЧ:Public



[ 2017-03-06T11:34:15+08:00 ] ::1 /Public/Home/css/common.css.map
ERR: цЧац│ХхКаш╜╜цибхЭЧ:Public

[ 2017-03-06T11:34:15+08:00 ] ::1 /Public/Home/images/promise.png
ERR: цЧац│ХхКаш╜╜цибхЭЧ:Public

[ 2017-03-06T11:34:15+08:00 ] ::1 /Public/Home/images/logo-bottom.png
ERR: цЧац│ХхКаш╜╜цибхЭЧ:Public

[ 2017-03-06T11:34:41+08:00 ] ::1 /Public/Home/images/logo-bottom.png
ERR: цЧац│ХхКаш╜╜цибхЭЧ:Public

[ 2017-03-06T11:34:41+08:00 ] ::1 /Public/Home/images/promise.png
ERR: цЧац│ХхКаш╜╜цибхЭЧ:Public

[ 2017-03-06T11:34:48+08:00 ] ::1 /Public/Home/thems/default/images/no-img.png
ERR: цЧац│ХхКаш╜╜цибхЭЧ:Public

[ 2017-03-06T11:34:48+08:00 ] ::1 /Public/Home/images/icons.png
ERR: цЧац│ХхКаш╜╜цибхЭЧ:Public

[ 2017-03-06T11:34:48+08:00 ] ::1 /Public/Home/images/logo-bottom.png
ERR: цЧац│ХхКаш╜╜цибхЭЧ:Public

[ 2017-03-06T11:34:48+08:00 ] ::1 /Public/Home/images/promise.png
ERR: цЧац│ХхКаш╜╜цибхЭЧ:Public

[ 2017-03-06T11:35:11+08:00 ] ::1 /Public/Home/images/promise.png
ERR: цЧац│ХхКаш╜╜цибхЭЧ:Public



[ 2017-03-06T11:44:21+08:00 ] ::1 /Public/Home/images/logo-bottom.png
ERR: цЧац│ХхКаш╜╜цибхЭЧ:Public

[ 2017-03-06T11:44:21+08:00 ] ::1 /Public/Home/images/promise.png
ERR: цЧац│ХхКаш╜╜цибхЭЧ:Public

[ 2017-03-06T11:44:26+08:00 ] ::1 /Public/Home/images/promise.png
ERR: цЧац│ХхКаш╜╜цибхЭЧ:Public

[ 2017-03-06T11:44:26+08:00 ] ::1 /Public/Home/images/logo-bottom.png
ERR: цЧац│ХхКаш╜╜цибхЭЧ:Public

[ 2017-03-06T11:45:35+08:00 ] ::1 /Public/Home/images/promise.png
ERR: цЧац│ХхКаш╜╜цибхЭЧ:Public

[ 2017-03-06T11:45:35+08:00 ] ::1 /Public/Home/images/logo-bottom.png
ERR: цЧац│ХхКаш╜╜цибхЭЧ:Public

[ 2017-03-06T11:47:47+08:00 ] ::1 /Public/Home/images/logo-bottom.png
ERR: цЧац│ХхКаш╜╜цибхЭЧ:Public

[ 2017-03-06T11:47:47+08:00 ] ::1 /Public/Home/images/promise.png
ERR: цЧац│ХхКаш╜╜цибхЭЧ:Public

[ 2017-03-06T11:49:46+08:00 ] ::1 /Public/Home/images/logo-bottom.png
ERR: цЧац│ХхКаш╜╜цибхЭЧ:Public

[ 2017-03-06T11:49:46+08:00 ] ::1 /Public/Home/images/promise.png
ERR: цЧац│ХхКаш╜╜цибхЭЧ:Public

[ 2017-03-06T11:50:33+08:00 ] ::1 /Public/Home/images/promise.png
ERR: цЧац│ХхКаш╜╜цибхЭЧ:Public

[ 2017-03-06T11:50:33+08:00 ] ::1 /Public/Home/images/logo-bottom.png
ERR: цЧац│ХхКаш╜╜цибхЭЧ:Public

[ 2017-03-06T11:51:52+08:00 ] ::1 /Public/Home/images/promise.png
ERR: цЧац│ХхКаш╜╜цибхЭЧ:Public

[ 2017-03-06T11:51:52+08:00 ] ::1 /Public/Home/images/logo-bottom.png
ERR: цЧац│ХхКаш╜╜цибхЭЧ:Public

[ 2017-03-06T11:52:13+08:00 ] ::1 /Public/Home/images/promise.png
ERR: цЧац│ХхКаш╜╜цибхЭЧ:Public

[ 2017-03-06T11:52:13+08:00 ] ::1 /Public/Home/images/logo-bottom.png
ERR: цЧац│ХхКаш╜╜цибхЭЧ:Public

[ 2017-03-06T11:58:52+08:00 ] ::1 /Public/Home/images/logo-bottom.png
ERR: цЧац│ХхКаш╜╜цибхЭЧ:Public

[ 2017-03-06T11:58:52+08:00 ] ::1 /Public/Home/images/promise.png
ERR: цЧац│ХхКаш╜╜цибхЭЧ:Public

[ 2017-03-06T12:01:43+08:00 ] ::1 /Public/Home/images/logo-bottom.png
ERR: цЧац│ХхКаш╜╜цибхЭЧ:Public

[ 2017-03-06T12:01:43+08:00 ] ::1 /Public/Home/images/promise.png
ERR: цЧац│ХхКаш╜╜цибхЭЧ:Public

[ 2017-03-06T12:03:01+08:00 ] ::1 /Public/Home/images/logo-bottom.png
ERR: цЧац│ХхКаш╜╜цибхЭЧ:Public

[ 2017-03-06T12:03:01+08:00 ] ::1 /Public/Home/images/promise.png
ERR: цЧац│ХхКаш╜╜цибхЭЧ:Public

[ 2017-03-06T12:04:45+08:00 ] ::1 /Public/Home/images/promise.png
ERR: цЧац│ХхКаш╜╜цибхЭЧ:Public

[ 2017-03-06T12:04:45+08:00 ] ::1 /Public/Home/images/logo-bottom.png
ERR: цЧац│ХхКаш╜╜цибхЭЧ:Public

[ 2017-03-06T12:10:18+08:00 ] ::1 /Public/Home/images/promise.png
ERR: цЧац│ХхКаш╜╜цибхЭЧ:Public

[ 2017-03-06T12:10:18+08:00 ] ::1 /Public/Home/images/logo-bottom.png
ERR: цЧац│ХхКаш╜╜цибхЭЧ:Public

[ 2017-03-06T12:10:45+08:00 ] ::1 /Public/Home/images/promise.png
ERR: цЧац│ХхКаш╜╜цибхЭЧ:Public

[ 2017-03-06T12:10:45+08:00 ] ::1 /Public/Home/images/logo-bottom.png
ERR: цЧац│ХхКаш╜╜цибхЭЧ:Public

[ 2017-03-06T12:11:21+08:00 ] ::1 /Public/Home/images/promise.png
ERR: цЧац│ХхКаш╜╜цибхЭЧ:Public

[ 2017-03-06T12:11:21+08:00 ] ::1 /Public/Home/images/logo-bottom.png
ERR: цЧац│ХхКаш╜╜цибхЭЧ:Public

[ 2017-03-06T12:15:52+08:00 ] ::1 /Public/Home/images/promise.png
ERR: цЧац│ХхКаш╜╜цибхЭЧ:Public

[ 2017-03-06T12:15:52+08:00 ] ::1 /Public/Home/images/logo-bottom.png
ERR: цЧац│ХхКаш╜╜цибхЭЧ:Public

[ 2017-03-06T12:18:14+08:00 ] ::1 /Public/Home/images/logo-bottom.png
ERR: цЧац│ХхКаш╜╜цибхЭЧ:Public

[ 2017-03-06T12:18:14+08:00 ] ::1 /Public/Home/images/promise.png
ERR: цЧац│ХхКаш╜╜цибхЭЧ:Public

[ 2017-03-06T12:34:47+08:00 ] ::1 /Public/Home/images/logo-bottom.png
ERR: цЧац│ХхКаш╜╜цибхЭЧ:Public

[ 2017-03-06T12:34:47+08:00 ] ::1 /Public/Home/images/promise.png
ERR: цЧац│ХхКаш╜╜цибхЭЧ:Public

[ 2017-03-06T12:35:40+08:00 ] ::1 /Public/Home/images/promise.png
ERR: цЧац│ХхКаш╜╜цибхЭЧ:Public

[ 2017-03-06T12:35:40+08:00 ] ::1 /Public/Home/images/logo-bottom.png
ERR: цЧац│ХхКаш╜╜цибхЭЧ:Public

[ 2017-03-06T12:35:43+08:00 ] ::1 /Public/Home/images/logo-bottom.png
ERR: цЧац│ХхКаш╜╜цибхЭЧ:Public

[ 2017-03-06T12:35:43+08:00 ] ::1 /Public/Home/images/promise.png
ERR: цЧац│ХхКаш╜╜цибхЭЧ:Public

[ 2017-03-06T12:35:43+08:00 ] ::1 /Public/Home/images/logo-bottom.png
ERR: цЧац│ХхКаш╜╜цибхЭЧ:Public

[ 2017-03-06T12:35:43+08:00 ] ::1 /Public/Home/images/promise.png
ERR: цЧац│ХхКаш╜╜цибхЭЧ:Public

[ 2017-03-06T12:35:59+08:00 ] ::1 /Public/Home/images/logo-bottom.png
ERR: цЧац│ХхКаш╜╜цибхЭЧ:Public

[ 2017-03-06T12:35:59+08:00 ] ::1 /Public/Home/images/promise.png
ERR: цЧац│ХхКаш╜╜цибхЭЧ:Public

[ 2017-03-06T12:38:16+08:00 ] ::1 /Public/Home/images/promise.png
ERR: цЧац│ХхКаш╜╜цибхЭЧ:Public

[ 2017-03-06T12:38:16+08:00 ] ::1 /Public/Home/images/logo-bottom.png
ERR: цЧац│ХхКаш╜╜цибхЭЧ:Public

[ 2017-03-06T12:39:53+08:00 ] ::1 /Public/Home/images/promise.png
ERR: цЧац│ХхКаш╜╜цибхЭЧ:Public

[ 2017-03-06T12:39:53+08:00 ] ::1 /Public/Home/images/logo-bottom.png
ERR: цЧац│ХхКаш╜╜цибхЭЧ:Public

[ 2017-03-06T13:25:44+08:00 ] ::1 /Public/Home/images/logo-bottom.png
ERR: цЧац│ХхКаш╜╜цибхЭЧ:Public

[ 2017-03-06T13:25:44+08:00 ] ::1 /Public/Home/images/promise.png
ERR: цЧац│ХхКаш╜╜цибхЭЧ:Public

[ 2017-03-06T13:26:53+08:00 ] ::1 /Public/Home/images/logo-bottom.png
ERR: цЧац│ХхКаш╜╜цибхЭЧ:Public

[ 2017-03-06T13:26:53+08:00 ] ::1 /Public/Home/images/promise.png
ERR: цЧац│ХхКаш╜╜цибхЭЧ:Public

[ 2017-03-06T13:58:14+08:00 ] ::1 /Public/Home/images/promise.png
ERR: цЧац│ХхКаш╜╜цибхЭЧ:Public

[ 2017-03-06T13:58:14+08:00 ] ::1 /Public/Home/images/logo-bottom.png
ERR: цЧац│ХхКаш╜╜цибхЭЧ:Public

[ 2017-03-06T14:02:23+08:00 ] ::1 /Public/Home/images/logo-bottom.png
ERR: цЧац│ХхКаш╜╜цибхЭЧ:Public

[ 2017-03-06T14:02:23+08:00 ] ::1 /Public/Home/images/promise.png
ERR: цЧац│ХхКаш╜╜цибхЭЧ:Public

[ 2017-03-06T14:10:07+08:00 ] ::1 /Public/Home/images/promise.png
ERR: цЧац│ХхКаш╜╜цибхЭЧ:Public

[ 2017-03-06T14:10:07+08:00 ] ::1 /Public/Home/images/logo-bottom.png
ERR: цЧац│ХхКаш╜╜цибхЭЧ:Public

[ 2017-03-06T14:10:19+08:00 ] ::1 /Public/Home/css/common.css.map
ERR: цЧац│ХхКаш╜╜цибхЭЧ:Public

[ 2017-03-06T14:11:36+08:00 ] ::1 /Public/Home/css/common.css.map
ERR: цЧац│ХхКаш╜╜цибхЭЧ:Public

[ 2017-03-06T14:11:36+08:00 ] ::1 /Public/Home/images/promise.png
ERR: цЧац│ХхКаш╜╜цибхЭЧ:Public

[ 2017-03-06T14:11:36+08:00 ] ::1 /Public/Home/images/logo-bottom.png
ERR: цЧац│ХхКаш╜╜цибхЭЧ:Public

[ 2017-03-06T14:11:53+08:00 ] ::1 /Public/Home/images/promise.png
ERR: цЧац│ХхКаш╜╜цибхЭЧ:Public

[ 2017-03-06T14:11:53+08:00 ] ::1 /Public/Home/images/logo-bottom.png
ERR: цЧац│ХхКаш╜╜цибхЭЧ:Public

[ 2017-03-06T14:13:02+08:00 ] ::1 /Public/Home/images/logo-bottom.png
ERR: цЧац│ХхКаш╜╜цибхЭЧ:Public

[ 2017-03-06T14:23:58+08:00 ] ::1 /Public/Home/images/default_goods.jpg
ERR: цЧац│ХхКаш╜╜цибхЭЧ:Public

[ 2017-03-06T14:23:58+08:00 ] ::1 /Public/Home/images/promise.png
ERR: цЧац│ХхКаш╜╜цибхЭЧ:Public

[ 2017-03-06T14:23:58+08:00 ] ::1 /Public/Home/images/logo-bottom.png
ERR: цЧац│ХхКаш╜╜цибхЭЧ:Public

[ 2017-03-06T14:24:22+08:00 ] ::1 /Public/Home/images/logo-bottom.png
ERR: цЧац│ХхКаш╜╜цибхЭЧ:Public

[ 2017-03-06T14:24:40+08:00 ] ::1 /Public/Home/css/common.css.map
ERR: цЧац│ХхКаш╜╜цибхЭЧ:Public

[ 2017-03-06T14:28:05+08:00 ] ::1 /Public/Home/images/promise.png
ERR: цЧац│ХхКаш╜╜цибхЭЧ:Public

[ 2017-03-06T14:28:05+08:00 ] ::1 /Public/Home/images/logo-bottom.png
ERR: цЧац│ХхКаш╜╜цибхЭЧ:Public

[ 2017-03-06T14:28:08+08:00 ] ::1 /Public/Home/thems/default/images/no-img.png
ERR: цЧац│ХхКаш╜╜цибхЭЧ:Public

[ 2017-03-06T14:28:08+08:00 ] ::1 /Public/Home/images/logo-bottom.png
ERR: цЧац│ХхКаш╜╜цибхЭЧ:Public

[ 2017-03-06T14:28:08+08:00 ] ::1 /Public/Home/images/icons.png
ERR: цЧац│ХхКаш╜╜цибхЭЧ:Public

[ 2017-03-06T14:28:08+08:00 ] ::1 /Public/Home/images/promise.png
ERR: цЧац│ХхКаш╜╜цибхЭЧ:Public

[ 2017-03-06T14:28:20+08:00 ] ::1 /Public/Home/images/icons.png
ERR: цЧац│ХхКаш╜╜цибхЭЧ:Public

бхЭЧ:Public

[ 2017-03-06T16:05:59+08:00 ] ::1 /Public/Home/css/common.css.map
ERR: цЧац│ХхКаш╜╜цибхЭЧ:Public

[ 2017-03-06T16:08:05+08:00 ] ::1 /Public/Home/css/common.css.map
ERR: цЧац│ХхКаш╜╜цибхЭЧ:Public

[ 2017-03-06T16:10:04+08:00 ] ::1 /Public/Home/css/common.css.map
ERR: цЧац│ХхКаш╜╜цибхЭЧ:Public

[ 2017-03-06T16:11:48+08:00 ] ::1 /Public/Home/css/common.css.map
ERR: цЧац│ХхКаш╜╜цибхЭЧ:Public

[ 2017-03-06T16:11:49+08:00 ] ::1 /Public/Home/css/common.css.map
ERR: цЧац│ХхКаш╜╜цибхЭЧ:Public

[ 2017-03-06T16:12:04+08:00 ] ::1 /Public/Home/css/common.css.map
ERR: цЧац│ХхКаш╜╜цибхЭЧ:Public

[ 2017-03-06T16:15:46+08:00 ] ::1 /Public/Home/images/promise.png
ERR: цЧац│ХхКаш╜╜цибхЭЧ:Public

[ 2017-03-06T16:15:46+08:00 ] ::1 /Public/Home/images/logo-bottom.png
ERR: цЧац│ХхКаш╜╜цибхЭЧ:Public

[ 2017-03-06T16:15:55+08:00 ] ::1 /Public/Home/images/logo-bottom.png
ERR: цЧац│ХхКаш╜╜цибхЭЧ:Public

[ 2017-03-06T16:15:55+08:00 ] ::1 /Public/Home/images/promise.png
ERR: цЧац│ХхКаш╜╜цибхЭЧ:Public

[ 2017-03-06T16:15:56+08:00 ] ::1 /Public/Home/images/logo-bottom.png
ERR: цЧац│ХхКаш╜╜цибхЭЧ:Public

[ 2017-03-06T16:15:56+08:00 ] ::1 /Public/Home/images/promise.png
ERR: цЧац│ХхКаш╜╜цибхЭЧ:Public

[ 2017-03-06T16:36:56+08:00 ] ::1 /Public/Uploads/Goods/2017-03-02/sm_58b77c9d79998.jpg
ERR: цЧац│ХхКаш╜╜цибхЭЧ:Public

[ 2017-03-06T16:37:18+08:00 ] ::1 /Public/Uploads/Goods/2017-03-02/sm_58b77c9d79998.jpg
ERR: цЧац│ХхКаш╜╜цибхЭЧ:Public

[ 2017-03-06T16:37:47+08:00 ] ::1 /Public/Home/images/promise.png
ERR: цЧац│ХхКаш╜╜цибхЭЧ:Public

[ 2017-03-06T16:37:47+08:00 ] ::1 /Public/Home/images/logo-bottom.png
ERR: цЧац│ХхКаш╜╜цибхЭЧ:Public

[ 2017-03-06T16:41:28+08:00 ] ::1 /Public/Home/images/promise.png
ERR: цЧац│ХхКаш╜╜цибхЭЧ:Public



[ 2017-03-06T16:47:18+08:00 ] ::1 /Public/Home/images/promise.png
ERR: цЧац│ХхКаш╜╜цибхЭЧ:Public

[ 2017-03-06T16:47:18+08:00 ] ::1 /Public/Home/images/logo-bottom.png
ERR: цЧац│ХхКаш╜╜цибхЭЧ:Public

[ 2017-03-06T16:48:34+08:00 ] ::1 /Public/Home/images/promise.png
ERR: цЧац│ХхКаш╜╜цибхЭЧ:Public

[ 2017-03-06T16:48:34+08:00 ] ::1 /Public/Home/images/logo-bottom.png
ERR: цЧац│ХхКаш╜╜цибхЭЧ:Public

[ 2017-03-06T16:52:42+08:00 ] ::1 /Public/Home/images/logo-bottom.png
ERR: цЧац│ХхКаш╜╜цибхЭЧ:Public

[ 2017-03-06T16:52:42+08:00 ] ::1 /Public/Home/images/promise.png
ERR: цЧац│ХхКаш╜╜цибхЭЧ:Public

[ 2017-03-06T16:53:09+08:00 ] ::1 /Public/Home/images/promise.png
ERR: цЧац│ХхКаш╜╜цибхЭЧ:Public

[ 2017-03-06T16:53:09+08:00 ] ::1 /Public/Home/images/logo-bottom.png
ERR: цЧац│ХхКаш╜╜цибхЭЧ:Public

[ 2017-03-06T17:03:37+08:00 ] ::1 /Public/Home/css/common.css.map
ERR: цЧац│ХхКаш╜╜цибхЭЧ:Public

[ 2017-03-06T17:05:57+08:00 ] ::1 /Public/Home/css/common.css.map
ERR: цЧац│ХхКаш╜╜цибхЭЧ:Public

[ 2017-03-06T17:05:57+08:00 ] ::1 /Public/Home/images/promise.png
ERR: цЧац│ХхКаш╜╜цибхЭЧ:Public

[ 2017-03-06T17:05:57+08:00 ] ::1 /Public/Home/images/logo-bottom.png
ERR: цЧац│ХхКаш╜╜цибхЭЧ:Public

[ 2017-03-06T17:06:06+08:00 ] ::1 /Public/Home/css/common.css.map
ERR: цЧац│ХхКаш╜╜цибхЭЧ:Public

[ 2017-03-06T17:06:06+08:00 ] ::1 /Public/Home/images/promise.png
ERR: цЧац│ХхКаш╜╜цибхЭЧ:Public



[ 2017-03-06T17:06:13+08:00 ] ::1 /Public/Home/css/common.css.map
ERR: цЧац│ХхКаш╜╜цибхЭЧ:Public

[ 2017-03-06T17:06:13+08:00 ] ::1 /Public/Home/images/promise.png
ERR: цЧац│ХхКаш╜╜цибхЭЧ:Public

[ 2017-03-06T17:06:13+08:00 ] ::1 /Public/Home/images/logo-bottom.png
ERR: цЧац│ХхКаш╜╜цибхЭЧ:Public

[ 2017-03-06T17:08:42+08:00 ] ::1 /Public/Home/css/common.css.map
ERR: цЧац│ХхКаш╜╜цибхЭЧ:Public

[ 2017-03-06T17:08:42+08:00 ] ::1 /Public/Home/images/promise.png
ERR: цЧац│ХхКаш╜╜цибхЭЧ:Public

[ 2017-03-06T17:08:42+08:00 ] ::1 /Public/Home/images/logo-bottom.png
ERR: цЧац│ХхКаш╜╜цибхЭЧ:Public

[ 2017-03-06T17:08:45+08:00 ] ::1 /Public/Home/css/common.css.map
ERR: цЧац│ХхКаш╜╜цибхЭЧ:Public

[ 2017-03-06T17:08:45+08:00 ] ::1 /Public/Home/images/logo-bottom.png
ERR: цЧац│ХхКаш╜╜цибхЭЧ:Public

[ 2017-03-06T17:08:46+08:00 ] ::1 /Public/Home/css/common.css.map
ERR: цЧац│ХхКаш╜╜цибхЭЧ:Public

[ 2017-03-06T17:08:46+08:00 ] ::1 /Public/Home/images/promise.png
ERR: цЧац│ХхКаш╜╜цибхЭЧ:Public

[ 2017-03-06T17:08:46+08:00 ] ::1 /Public/Home/images/logo-bottom.png
ERR: цЧац│ХхКаш╜╜цибхЭЧ:Public

[ 2017-03-06T17:08:50+08:00 ] ::1 /Public/Home/css/common.css.map
ERR: цЧац│ХхКаш╜╜цибхЭЧ:Public

[ 2017-03-06T17:08:50+08:00 ] ::1 /Public/Home/images/promise.png
ERR: цЧац│ХхКаш╜╜цибхЭЧ:Public



[ 2017-03-06T17:08:50+08:00 ] ::1 /Public/Home/css/common.css.map
ERR: цЧац│ХхКаш╜╜цибхЭЧ:Public

[ 2017-03-06T17:08:50+08:00 ] ::1 /Public/Home/images/logo-bottom.png
ERR: цЧац│ХхКаш╜╜цибхЭЧ:Public

[ 2017-03-06T17:08:50+08:00 ] ::1 /Public/Home/images/promise.png
ERR: цЧац│ХхКаш╜╜цибхЭЧ:Public

[ 2017-03-06T17:11:09+08:00 ] ::1 /Public/Home/images/promise.png
ERR: цЧац│ХхКаш╜╜цибхЭЧ:Public



[ 2017-03-06T17:11:20+08:00 ] ::1 /Public/Home/images/promise.png
ERR: цЧац│ХхКаш╜╜цибхЭЧ:Public



[ 2017-03-06T17:14:10+08:00 ] ::1 /Public/Home/images/promise.png
ERR: цЧац│ХхКаш╜╜цибхЭЧ:Public

[ 2017-03-06T17:14:10+08:00 ] ::1 /Public/Home/images/logo-bottom.png
ERR: цЧац│ХхКаш╜╜цибхЭЧ:Public

[ 2017-03-06T17:16:13+08:00 ] ::1 /Public/Home/static/33.jpg
ERR: цЧац│ХхКаш╜╜цибхЭЧ:Public

[ 2017-03-06T17:16:13+08:00 ] ::1 /Public/Home/images/promise.png
ERR: цЧац│ХхКаш╜╜цибхЭЧ:Public



[ 2017-03-06T17:16:36+08:00 ] ::1 /Public/Home/images/promise.png
ERR: цЧац│ХхКаш╜╜цибхЭЧ:Public

[ 2017-03-06T17:16:36+08:00 ] ::1 /Public/Home/images/logo-bottom.png
ERR: цЧац│ХхКаш╜╜цибхЭЧ:Public

[ 2017-03-06T17:17:05+08:00 ] ::1 /Public/Home/images/logo-bottom.png
ERR: цЧац│ХхКаш╜╜цибхЭЧ:Public

[ 2017-03-06T17:17:05+08:00 ] ::1 /Public/Home/images/promise.png
ERR: цЧац│ХхКаш╜╜цибхЭЧ:Public

[ 2017-03-06T17:17:11+08:00 ] ::1 /Public/Home/css/common.css.map
ERR: цЧац│ХхКаш╜╜цибхЭЧ:Public

[ 2017-03-06T17:26:00+08:00 ] ::1 /Public/Home/images/promise.png
ERR: цЧац│ХхКаш╜╜цибхЭЧ:Public

[ 2017-03-06T17:26:00+08:00 ] ::1 /Public/Home/images/logo-bottom.png
ERR: цЧац│ХхКаш╜╜цибхЭЧ:Public

[ 2017-03-06T17:26:11+08:00 ] ::1 /Public/Home/css/common.css.map
ERR: цЧац│ХхКаш╜╜цибхЭЧ:Public

[ 2017-03-06T17:27:17+08:00 ] ::1 /Public/Home/css/common.css.map
ERR: цЧац│ХхКаш╜╜цибхЭЧ:Public

[ 2017-03-06T17:27:17+08:00 ] ::1 /Public/Home/images/promise.png
ERR: цЧац│ХхКаш╜╜цибхЭЧ:Public

[ 2017-03-06T17:27:17+08:00 ] ::1 /Public/Home/images/logo-bottom.png
ERR: цЧац│ХхКаш╜╜цибхЭЧ:Public

[ 2017-03-06T17:27:27+08:00 ] ::1 /Public/Home/css/common.css.map
ERR: цЧац│ХхКаш╜╜цибхЭЧ:Public

[ 2017-03-06T17:27:27+08:00 ] ::1 /Public/Home/images/promise.png
ERR: цЧац│ХхКаш╜╜цибхЭЧ:Public

[ 2017-03-06T17:27:27+08:00 ] ::1 /Public/Home/images/logo-bottom.png
ERR: цЧац│ХхКаш╜╜цибхЭЧ:Public

[ 2017-03-06T17:28:15+08:00 ] ::1 /Public/Home/css/common.css.map
ERR: цЧац│ХхКаш╜╜цибхЭЧ:Public

[ 2017-03-06T17:28:15+08:00 ] ::1 /Public/Home/images/logo-bottom.png
ERR: цЧац│ХхКаш╜╜цибхЭЧ:Public

[ 2017-03-06T17:28:15+08:00 ] ::1 /Public/Home/images/promise.png
ERR: цЧац│ХхКаш╜╜цибхЭЧ:Public

[ 2017-03-06T17:29:40+08:00 ] ::1 /Public/Home/css/common.css.map
ERR: цЧац│ХхКаш╜╜цибхЭЧ:Public

[ 2017-03-06T17:29:40+08:00 ] ::1 /Public/Home/images/promise.png
ERR: цЧац│ХхКаш╜╜цибхЭЧ:Public

[ 2017-03-06T17:29:40+08:00 ] ::1 /Public/Home/images/logo-bottom.png
ERR: цЧац│ХхКаш╜╜цибхЭЧ:Public

[ 2017-03-06T17:29:41+08:00 ] ::1 /Public/Home/css/common.css.map
ERR: цЧац│ХхКаш╜╜цибхЭЧ:Public

[ 2017-03-06T17:29:41+08:00 ] ::1 /Public/Home/images/promise.png
ERR: цЧац│ХхКаш╜╜цибхЭЧ:Public

[ 2017-03-06T17:29:41+08:00 ] ::1 /Public/Home/images/logo-bottom.png
ERR: цЧац│ХхКаш╜╜цибхЭЧ:Public

[ 2017-03-06T17:30:21+08:00 ] ::1 /Public/Home/css/common.css.map
ERR: цЧац│ХхКаш╜╜цибхЭЧ:Public

[ 2017-03-06T17:30:21+08:00 ] ::1 /Public/Home/images/promise.png
ERR: цЧац│ХхКаш╜╜цибхЭЧ:Public

[ 2017-03-06T17:30:21+08:00 ] ::1 /Public/Home/images/logo-bottom.png
ERR: цЧац│ХхКаш╜╜цибхЭЧ:Public

[ 2017-03-06T17:30:57+08:00 ] ::1 /Public/Home/css/common.css.map
ERR: цЧац│ХхКаш╜╜цибхЭЧ:Public

[ 2017-03-06T17:30:58+08:00 ] ::1 /Public/Home/images/promise.png
ERR: цЧац│ХхКаш╜╜цибхЭЧ:Public

[ 2017-03-06T17:30:58+08:00 ] ::1 /Public/Home/images/logo-bottom.png
ERR: цЧац│ХхКаш╜╜цибхЭЧ:Public

[ 2017-03-06T17:30:59+08:00 ] ::1 /Public/Home/css/common.css.map
ERR: цЧац│ХхКаш╜╜цибхЭЧ:Public

[ 2017-03-06T17:30:59+08:00 ] ::1 /Public/Home/images/promise.png
ERR: цЧац│ХхКаш╜╜цибхЭЧ:Public



[ 2017-03-06T17:43:24+08:00 ] ::1 /Public/Home/css/common.css.map
ERR: цЧац│ХхКаш╜╜цибхЭЧ:Public

[ 2017-03-06T17:43:24+08:00 ] ::1 /Public/Home/images/promise.png
ERR: цЧац│ХхКаш╜╜цибхЭЧ:Public

[ 2017-03-06T17:43:24+08:00 ] ::1 /Public/Home/images/logo-bottom.png
ERR: цЧац│ХхКаш╜╜цибхЭЧ:Public

[ 2017-03-06T17:58:28+08:00 ] ::1 /Public/Home/images/logo-bottom.png
ERR: цЧац│ХхКаш╜╜цибхЭЧ:Public

[ 2017-03-06T17:58:51+08:00 ] ::1 /Public/Home/images/promise.png
ERR: цЧац│ХхКаш╜╜цибхЭЧ:Public

[ 2017-03-06T17:58:51+08:00 ] ::1 /Public/Home/images/logo-bottom.png
ERR: цЧац│ХхКаш╜╜цибхЭЧ:Public

[ 2017-03-06T18:19:36+08:00 ] ::1 /Public/Home/css/common.css.map
ERR: цЧац│ХхКаш╜╜цибхЭЧ:Public

[ 2017-03-06T18:25:06+08:00 ] ::1 /Public/Home/css/common.css.map
ERR: цЧац│ХхКаш╜╜цибхЭЧ:Public

[ 2017-03-06T18:25:06+08:00 ] ::1 /Public/Home/images/promise.png
ERR: цЧац│ХхКаш╜╜цибхЭЧ:Public

[ 2017-03-06T18:25:06+08:00 ] ::1 /Public/Home/images/logo-bottom.png
ERR: цЧац│ХхКаш╜╜цибхЭЧ:Public

[ 2017-03-06T18:26:50+08:00 ] ::1 /Public/Home/images/promise.png
ERR: цЧац│ХхКаш╜╜цибхЭЧ:Public

[ 2017-03-06T18:26:50+08:00 ] ::1 /Public/Home/images/logo-bottom.png
ERR: цЧац│ХхКаш╜╜цибхЭЧ:Public

[ 2017-03-06T18:34:33+08:00 ] ::1 /Public/Home/images/logo-bottom.png
ERR: цЧац│ХхКаш╜╜цибхЭЧ:Public

[ 2017-03-06T18:34:33+08:00 ] ::1 /Public/Home/images/promise.png
ERR: цЧац│ХхКаш╜╜цибхЭЧ:Public

[ 2017-03-06T18:44:42+08:00 ] ::1 /Public/Home/images/logo-bottom.png
ERR: цЧац│ХхКаш╜╜цибхЭЧ:Public

[ 2017-03-06T18:44:42+08:00 ] ::1 /Public/Home/images/promise.png
ERR: цЧац│ХхКаш╜╜цибхЭЧ:Public

[ 2017-03-06T18:48:40+08:00 ] ::1 /Public/Home/images/promise.png
ERR: цЧац│ХхКаш╜╜цибхЭЧ:Public

[ 2017-03-06T18:48:40+08:00 ] ::1 /Public/Home/images/logo-bottom.png
ERR: цЧац│ХхКаш╜╜цибхЭЧ:Public

[ 2017-03-06T19:09:34+08:00 ] ::1 /Public/Home/images/logo-bottom.png
ERR: цЧац│ХхКаш╜╜цибхЭЧ:Public

[ 2017-03-06T19:09:34+08:00 ] ::1 /Public/Home/images/promise.png
ERR: цЧац│ХхКаш╜╜цибхЭЧ:Public

[ 2017-03-06T19:21:11+08:00 ] ::1 /Public/Home/images/default_goods.jpg
ERR: цЧац│ХхКаш╜╜цибхЭЧ:Public

[ 2017-03-06T19:21:11+08:00 ] ::1 /Public/Home/images/promise.png
ERR: цЧац│ХхКаш╜╜цибхЭЧ:Public

[ 2017-03-06T19:21:11+08:00 ] ::1 /Public/Home/images/logo-bottom.png
ERR: цЧац│ХхКаш╜╜цибхЭЧ:Public

[ 2017-03-06T19:23:00+08:00 ] ::1 /Public/Home/css/common.css.map
ERR: цЧац│ХхКаш╜╜цибхЭЧ:Public

[ 2017-03-06T19:24:44+08:00 ] ::1 /Public/Home/images/default_goods.jpg
ERR: цЧац│ХхКаш╜╜цибхЭЧ:Public

[ 2017-03-06T19:24:44+08:00 ] ::1 /Public/Home/css/common.css.map
ERR: цЧац│ХхКаш╜╜цибхЭЧ:Public

[ 2017-03-06T19:24:44+08:00 ] ::1 /Public/Home/images/logo-bottom.png
ERR: цЧац│ХхКаш╜╜цибхЭЧ:Public

[ 2017-03-06T19:24:47+08:00 ] ::1 /Public/Home/images/default_goods.jpg
ERR: цЧац│ХхКаш╜╜цибхЭЧ:Public

[ 2017-03-06T19:24:47+08:00 ] ::1 /Public/Home/css/common.css.map
ERR: цЧац│ХхКаш╜╜цибхЭЧ:Public

[ 2017-03-06T19:24:48+08:00 ] ::1 /Public/Home/images/promise.png
ERR: цЧац│ХхКаш╜╜цибхЭЧ:Public

[ 2017-03-06T19:24:48+08:00 ] ::1 /Public/Home/images/logo-bottom.png
ERR: цЧац│ХхКаш╜╜цибхЭЧ:Public

[ 2017-03-06T19:25:34+08:00 ] ::1 /Public/Uploads/Goods/2017-03-02/sm_58b77c9d79998.jpg
ERR: цЧац│ХхКаш╜╜цибхЭЧ:Public

[ 2017-03-06T19:26:40+08:00 ] ::1 /Public/Uploads/Goods/2017-03-02/sm_58b77c9d79998.jpg
ERR: цЧац│ХхКаш╜╜цибхЭЧ:Public

[ 2017-03-06T19:26:51+08:00 ] ::1 /Public/Home/css/common.css.map
ERR: цЧац│ХхКаш╜╜цибхЭЧ:Public

[ 2017-03-06T19:26:51+08:00 ] ::1 /Public/Home/images/promise.png
ERR: цЧац│ХхКаш╜╜цибхЭЧ:Public

[ 2017-03-06T19:26:51+08:00 ] ::1 /Public/Home/images/logo-bottom.png
ERR: цЧац│ХхКаш╜╜цибхЭЧ:Public

[ 2017-03-06T19:29:32+08:00 ] ::1 /Public/Home/css/common.css.map
ERR: цЧац│ХхКаш╜╜цибхЭЧ:Public

[ 2017-03-06T19:29:32+08:00 ] ::1 /Public/Home/images/promise.png
ERR: цЧац│ХхКаш╜╜цибхЭЧ:Public

[ 2017-03-06T19:29:32+08:00 ] ::1 /Public/Home/images/logo-bottom.png
ERR: цЧац│ХхКаш╜╜цибхЭЧ:Public

[ 2017-03-06T19:31:01+08:00 ] ::1 /Public/Home/images/promise.png
ERR: цЧац│ХхКаш╜╜цибхЭЧ:Public

[ 2017-03-06T19:31:01+08:00 ] ::1 /Public/Home/images/logo-bottom.png
ERR: цЧац│ХхКаш╜╜цибхЭЧ:Public

[ 2017-03-06T19:33:32+08:00 ] ::1 /Public/Uploads/Goods/2017-03-02/sm_58b77c9d79998.jpg
ERR: цЧац│ХхКаш╜╜цибхЭЧ:Public

[ 2017-03-06T19:34:12+08:00 ] ::1 /Public/Home/images/promise.png
ERR: цЧац│ХхКаш╜╜цибхЭЧ:Public

[ 2017-03-06T19:34:12+08:00 ] ::1 /Public/Home/images/logo-bottom.png
ERR: цЧац│ХхКаш╜╜цибхЭЧ:Public

[ 2017-03-06T19:35:12+08:00 ] ::1 /Public/Uploads/Goods/2017-03-02/sm_58b77c9d79998.jpg
ERR: цЧац│ХхКаш╜╜цибхЭЧ:Public

[ 2017-03-06T19:35:17+08:00 ] ::1 /Public/Uploads/Goods/2017-03-02/sm_58b77c9d79998.jpg
ERR: цЧац│ХхКаш╜╜цибхЭЧ:Public

[ 2017-03-06T19:39:33+08:00 ] ::1 /Public/Home/images/logo-bottom.png
ERR: цЧац│ХхКаш╜╜цибхЭЧ:Public

[ 2017-03-06T19:41:01+08:00 ] ::1 /Public/Home/images/promise.png
ERR: цЧац│ХхКаш╜╜цибхЭЧ:Public

[ 2017-03-06T19:41:01+08:00 ] ::1 /Public/Home/images/logo-bottom.png
ERR: цЧац│ХхКаш╜╜цибхЭЧ:Public

[ 2017-03-06T19:41:02+08:00 ] ::1 /Public/Home/images/logo-bottom.png
ERR: цЧац│ХхКаш╜╜цибхЭЧ:Public

[ 2017-03-06T19:41:02+08:00 ] ::1 /Public/Home/images/promise.png
ERR: цЧац│ХхКаш╜╜цибхЭЧ:Public

[ 2017-03-06T19:41:16+08:00 ] ::1 /Public/Home/images/logo-bottom.png
ERR: цЧац│ХхКаш╜╜цибхЭЧ:Public

[ 2017-03-06T19:41:16+08:00 ] ::1 /Public/Home/images/promise.png
ERR: цЧац│ХхКаш╜╜цибхЭЧ:Public

[ 2017-03-06T19:41:17+08:00 ] ::1 /Public/Home/images/promise.png
ERR: цЧац│ХхКаш╜╜цибхЭЧ:Public



[ 2017-03-06T19:41:33+08:00 ] ::1 /Public/Home/images/promise.png
ERR: цЧац│ХхКаш╜╜цибхЭЧ:Public



[ 2017-03-06T19:41:36+08:00 ] ::1 /Public/Home/css/common.css.map
ERR: цЧац│ХхКаш╜╜цибхЭЧ:Public

[ 2017-03-06T19:43:40+08:00 ] ::1 /Public/Home/images/logo-bottom.png
ERR: цЧац│ХхКаш╜╜цибхЭЧ:Public

[ 2017-03-06T19:43:40+08:00 ] ::1 /Public/Home/images/promise.png
ERR: цЧац│ХхКаш╜╜цибхЭЧ:Public

[ 2017-03-06T19:43:40+08:00 ] ::1 /Public/Home/css/common.css.map
ERR: цЧац│ХхКаш╜╜цибхЭЧ:Public

[ 2017-03-06T19:54:40+08:00 ] ::1 /Public/Home/images/logo-bottom.png
ERR: цЧац│ХхКаш╜╜цибхЭЧ:Public

[ 2017-03-06T19:54:40+08:00 ] ::1 /Public/Home/images/promise.png
ERR: цЧац│ХхКаш╜╜цибхЭЧ:Public

