[ 2017-02-28T10:04:00+08:00 ] ::1 /favicon.ico
ERR: 无法加载模块:Favicon

[ 2017-02-28T10:05:13+08:00 ] ::1 /product-brand.html
ERR: 无法加载模块:Product-brand

[ 2017-02-28T10:07:59+08:00 ] ::1 /admin-permission.html
ERR: 无法加载模块:Admin-permission

[ 2017-02-28T10:13:52+08:00 ] ::1 /admin-permission.html
ERR: 无法加载模块:Admin-permission

[ 2017-02-28T10:13:53+08:00 ] ::1 /admin-role.html
ERR: 无法加载模块:Admin-role

[ 2017-02-28T10:22:39+08:00 ] ::1 /admin-permission.html
ERR: 无法加载模块:Admin-permission

[ 2017-02-28T11:17:05+08:00 ] ::1 /Public/Admin/Styles/general.css
ERR: 无法加载模块:Public

[ 2017-02-28T11:17:05+08:00 ] ::1 /Public/Admin/Styles/main.css
ERR: 无法加载模块:Public

[ 2017-02-28T11:17:59+08:00 ] ::1 /Public/Admin/Styles/general.css
ERR: 无法加载模块:Public

[ 2017-02-28T11:17:59+08:00 ] ::1 /Public/Admin/Styles/main.css
ERR: 无法加载模块:Public

[ 2017-02-28T11:19:01+08:00 ] ::1 /Public/Admin/Styles/general.css
ERR: 无法加载模块:Public

[ 2017-02-28T11:19:01+08:00 ] ::1 /Public/Admin/Styles/main.css
ERR: 无法加载模块:Public

[ 2017-02-28T11:21:47+08:00 ] ::1 /Public/Admin/Js/tron.js
ERR: 无法加载模块:Public

[ 2017-02-28T11:23:05+08:00 ] ::1 /Public/Admin/Js/tron.js
ERR: 无法加载模块:Public

[ 2017-02-28T11:23:42+08:00 ] ::1 /Public/Admin/Js/tron.js
ERR: 无法加载模块:Public

[ 2017-02-28T11:38:48+08:00 ] ::1 /product-brand.html
ERR: 无法加载模块:Product-brand

