[ 2017-03-02T08:31:07+08:00 ] ::1 /favicon.ico
ERR: 无法加载模块:Favicon

[ 2017-03-02T19:27:43+08:00 ] ::1 /Public/Admin/Styles/main.css
ERR: 无法加载模块:Public

[ 2017-03-02T19:27:43+08:00 ] ::1 /Public/Admin/Styles/general.css
ERR: 无法加载模块:Public

[ 2017-03-02T19:28:03+08:00 ] ::1 /Public/Admin/Styles/general.css
ERR: 无法加载模块:Public

[ 2017-03-02T19:28:03+08:00 ] ::1 /Public/Admin/Styles/main.css
ERR: 无法加载模块:Public

[ 2017-03-02T19:29:22+08:00 ] ::1 /Public/Admin/Styles/main.css
ERR: 无法加载模块:Public

[ 2017-03-02T19:29:22+08:00 ] ::1 /Public/Admin/Styles/general.css
ERR: 无法加载模块:Public

[ 2017-03-02T19:35:13+08:00 ] ::1 /Public/Admin/Js/tron.js
ERR: 无法加载模块:Public

[ 2017-03-02T19:35:31+08:00 ] ::1 /Public/Admin/Js/tron.js
ERR: 无法加载模块:Public

[ 2017-03-02T19:40:37+08:00 ] ::1 /Public/Admin/Js/tron.js
ERR: 无法加载模块:Public

[ 2017-03-02T19:40:38+08:00 ] ::1 /Public/Admin/Js/tron.js
ERR: 无法加载模块:Public

[ 2017-03-02T19:40:38+08:00 ] ::1 /Public/Admin/Js/tron.js
ERR: 无法加载模块:Public

[ 2017-03-02T19:40:39+08:00 ] ::1 /Public/Admin/Js/tron.js
ERR: 无法加载模块:Public

[ 2017-03-02T19:40:39+08:00 ] ::1 /Public/Admin/Js/tron.js
ERR: 无法加载模块:Public

[ 2017-03-02T19:40:39+08:00 ] ::1 /Public/Admin/Js/tron.js
ERR: 无法加载模块:Public

[ 2017-03-02T19:40:39+08:00 ] ::1 /Public/Admin/Js/tron.js
ERR: 无法加载模块:Public

[ 2017-03-02T19:40:39+08:00 ] ::1 /Public/Admin/Js/tron.js
ERR: 无法加载模块:Public

[ 2017-03-02T19:40:39+08:00 ] ::1 /Public/Admin/Js/tron.js
ERR: 无法加载模块:Public

[ 2017-03-02T19:40:39+08:00 ] ::1 /Public/Admin/Js/tron.js
ERR: 无法加载模块:Public

[ 2017-03-02T19:40:40+08:00 ] ::1 /Public/Admin/Js/tron.js
ERR: 无法加载模块:Public

[ 2017-03-02T19:42:54+08:00 ] ::1 /Public/Admin/Js/tron.js
ERR: 无法加载模块:Public

[ 2017-03-02T19:43:25+08:00 ] ::1 /Public/Admin/Js/tron.js
ERR: 无法加载模块:Public

[ 2017-03-02T19:43:31+08:00 ] ::1 /Public/Admin/Js/tron.js
ERR: 无法加载模块:Public

[ 2017-03-02T19:43:37+08:00 ] ::1 /Public/Admin/Js/tron.js
ERR: 无法加载模块:Public

[ 2017-03-02T19:43:43+08:00 ] ::1 /Public/Admin/Js/tron.js
ERR: 无法加载模块:Public

[ 2017-03-02T19:45:43+08:00 ] ::1 /Public/Admin/Js/tron.js
ERR: 无法加载模块:Public

