[ 2017-02-27T13:22:44+08:00 ] ::1 /favicon.ico
ERR: 无法加载模块:Favicon

[ 2017-02-27T17:13:35+08:00 ] ::1 /Public/Admin/Styles/general.css
ERR: 无法加载模块:Public

[ 2017-02-27T17:13:35+08:00 ] ::1 /Public/Admin/Styles/main.css
ERR: 无法加载模块:Public

[ 2017-02-27T17:28:00+08:00 ] ::1 /Public/Admin/Styles/general.css
ERR: 无法加载模块:Public

[ 2017-02-27T17:28:00+08:00 ] ::1 /Public/Admin/Styles/main.css
ERR: 无法加载模块:Public

[ 2017-02-27T17:30:41+08:00 ] ::1 /Public/Admin/Styles/general.css
ERR: 无法加载模块:Public

[ 2017-02-27T17:30:41+08:00 ] ::1 /Public/Admin/Styles/main.css
ERR: 无法加载模块:Public

[ 2017-02-27T17:31:18+08:00 ] ::1 /Public/Admin/Js/tron.js
ERR: 无法加载模块:Public

[ 2017-02-27T17:31:24+08:00 ] ::1 /Public/Admin/Js/tron.js
ERR: 无法加载模块:Public

[ 2017-02-27T17:31:25+08:00 ] ::1 /Public/Admin/Js/tron.js
ERR: 无法加载模块:Public

[ 2017-02-27T17:33:17+08:00 ] ::1 /Public/Admin/Styles/general.css
ERR: 无法加载模块:Public

[ 2017-02-27T17:33:17+08:00 ] ::1 /Public/Admin/Styles/main.css
ERR: 无法加载模块:Public

[ 2017-02-27T18:00:04+08:00 ] ::1 /product-brand.html
ERR: 无法加载模块:Product-brand

[ 2017-02-27T18:23:39+08:00 ] ::1 /Public/Admin/Styles/general.css
ERR: 无法加载模块:Public

[ 2017-02-27T18:23:39+08:00 ] ::1 /Public/Admin/Styles/main.css
ERR: 无法加载模块:Public

[ 2017-02-27T18:23:39+08:00 ] ::1 /Public/Admin/Styles/general.css
ERR: 无法加载模块:Public

[ 2017-02-27T18:23:39+08:00 ] ::1 /Public/Admin/Styles/main.css
ERR: 无法加载模块:Public

[ 2017-02-27T18:23:39+08:00 ] ::1 /Public/Admin/Styles/main.css
ERR: 无法加载模块:Public

[ 2017-02-27T18:23:39+08:00 ] ::1 /Public/Admin/Styles/general.css
ERR: 无法加载模块:Public

[ 2017-02-27T18:23:43+08:00 ] ::1 /Public/Admin/Styles/general.css
ERR: 无法加载模块:Public

[ 2017-02-27T18:23:43+08:00 ] ::1 /Public/Admin/Styles/main.css
ERR: 无法加载模块:Public

[ 2017-02-27T18:23:51+08:00 ] ::1 /Public/Admin/Styles/main.css
ERR: 无法加载模块:Public

[ 2017-02-27T18:23:51+08:00 ] ::1 /Public/Admin/Styles/general.css
ERR: 无法加载模块:Public

[ 2017-02-27T18:24:42+08:00 ] ::1 /Public/Admin/Styles/main.css
ERR: 无法加载模块:Public

[ 2017-02-27T18:24:42+08:00 ] ::1 /Public/Admin/Styles/general.css
ERR: 无法加载模块:Public

[ 2017-02-27T18:24:49+08:00 ] ::1 /Public/Admin/Styles/general.css
ERR: 无法加载模块:Public

[ 2017-02-27T18:24:49+08:00 ] ::1 /Public/Admin/Styles/main.css
ERR: 无法加载模块:Public

[ 2017-02-27T18:25:30+08:00 ] ::1 /Public/Admin/Js/tron.js
ERR: 无法加载模块:Public

[ 2017-02-27T21:11:36+08:00 ] ::1 /favicon.ico
ERR: 无法加载模块:Favicon

[ 2017-02-27T21:17:20+08:00 ] ::1 /admin-role.html
ERR: 无法加载模块:Admin-role

[ 2017-02-27T21:17:22+08:00 ] ::1 /admin-permission.html
ERR: 无法加载模块:Admin-permission

[ 2017-02-27T21:17:23+08:00 ] ::1 /admin-list.html
ERR: 无法加载模块:Admin-list

[ 2017-02-27T21:52:06+08:00 ] ::1 /admin-permission.html
ERR: 无法加载模块:Admin-permission

[ 2017-02-27T22:34:56+08:00 ] ::1 /product-brand.html
ERR: 无法加载模块:Product-brand

[ 2017-02-27T22:35:06+08:00 ] ::1 /admin-role.html
ERR: 无法加载模块:Admin-role

[ 2017-02-27T22:35:10+08:00 ] ::1 /admin-permission.html
ERR: 无法加载模块:Admin-permission

[ 2017-02-27T23:14:20+08:00 ] ::1 /Public/Admin/Styles/general.css
ERR: 无法加载模块:Public

[ 2017-02-27T23:14:20+08:00 ] ::1 /Public/Admin/Styles/main.css
ERR: 无法加载模块:Public

[ 2017-02-27T23:14:38+08:00 ] ::1 /Public/Admin/Styles/general.css
ERR: 无法加载模块:Public

[ 2017-02-27T23:14:38+08:00 ] ::1 /Public/Admin/Styles/main.css
ERR: 无法加载模块:Public

[ 2017-02-27T23:15:58+08:00 ] ::1 /Public/Admin/Styles/general.css
ERR: 无法加载模块:Public

[ 2017-02-27T23:15:58+08:00 ] ::1 /Public/Admin/Styles/main.css
ERR: 无法加载模块:Public

[ 2017-02-27T23:19:09+08:00 ] ::1 /Public/Admin/Js/tron.js
ERR: 无法加载模块:Public

