[ 2017-03-07T09:53:19+08:00 ] ::1 /Public/Home/images/logo-bottom.png
ERR: 无法加载模块:Public

[ 2017-03-07T09:53:29+08:00 ] ::1 /Public/Home/images/promise.png
ERR: 无法加载模块:Public

[ 2017-03-07T09:53:29+08:00 ] ::1 /Public/Home/images/logo-bottom.png
ERR: 无法加载模块:Public

[ 2017-03-07T09:55:12+08:00 ] ::1 /favicon.ico
ERR: 无法加载模块:Favicon

[ 2017-03-07T09:55:46+08:00 ] ::1 /Public/Home/images/promise.png
ERR: 无法加载模块:Public

[ 2017-03-07T09:55:46+08:00 ] ::1 /Public/Home/images/logo-bottom.png
ERR: 无法加载模块:Public

[ 2017-03-07T09:57:28+08:00 ] ::1 /Public/Home/images/promise.png
ERR: 无法加载模块:Public

[ 2017-03-07T09:57:28+08:00 ] ::1 /Public/Home/images/logo-bottom.png
ERR: 无法加载模块:Public

[ 2017-03-07T09:57:36+08:00 ] ::1 /Public/Home/css/common.css.map
ERR: 无法加载模块:Public

[ 2017-03-07T10:04:48+08:00 ] ::1 /Public/Home/css/common.css.map
ERR: 无法加载模块:Public

[ 2017-03-07T10:04:48+08:00 ] ::1 /Public/Home/images/promise.png
ERR: 无法加载模块:Public

[ 2017-03-07T10:04:48+08:00 ] ::1 /Public/Home/images/logo-bottom.png
ERR: 无法加载模块:Public

[ 2017-03-07T10:04:50+08:00 ] ::1 /Public/Home/css/common.css.map
ERR: 无法加载模块:Public

[ 2017-03-07T10:04:50+08:00 ] ::1 /Public/Home/images/promise.png
ERR: 无法加载模块:Public

[ 2017-03-07T10:04:50+08:00 ] ::1 /Public/Home/images/logo-bottom.png
ERR: 无法加载模块:Public

[ 2017-03-07T10:04:50+08:00 ] ::1 /Public/Home/css/common.css.map
ERR: 无法加载模块:Public

[ 2017-03-07T10:04:50+08:00 ] ::1 /Public/Home/images/logo-bottom.png
ERR: 无法加载模块:Public

[ 2017-03-07T10:04:50+08:00 ] ::1 /Public/Home/images/promise.png
ERR: 无法加载模块:Public

[ 2017-03-07T10:04:50+08:00 ] ::1 /Public/Home/css/common.css.map
ERR: 无法加载模块:Public

[ 2017-03-07T10:04:50+08:00 ] ::1 /Public/Home/images/logo-bottom.png
ERR: 无法加载模块:Public

[ 2017-03-07T10:04:50+08:00 ] ::1 /Public/Home/images/promise.png
ERR: 无法加载模块:Public

[ 2017-03-07T10:04:51+08:00 ] ::1 /Public/Home/css/common.css.map
ERR: 无法加载模块:Public

[ 2017-03-07T10:04:51+08:00 ] ::1 /Public/Home/images/logo-bottom.png
ERR: 无法加载模块:Public

[ 2017-03-07T10:04:51+08:00 ] ::1 /Public/Home/images/promise.png
ERR: 无法加载模块:Public

[ 2017-03-07T10:04:51+08:00 ] ::1 /Public/Home/css/common.css.map
ERR: 无法加载模块:Public

[ 2017-03-07T10:04:51+08:00 ] ::1 /Public/Home/images/logo-bottom.png
ERR: 无法加载模块:Public

[ 2017-03-07T10:04:51+08:00 ] ::1 /Public/Home/images/promise.png
ERR: 无法加载模块:Public

[ 2017-03-07T10:05:00+08:00 ] ::1 /Public/Home/css/common.css.map
ERR: 无法加载模块:Public

[ 2017-03-07T10:05:00+08:00 ] ::1 /Public/Home/images/promise.png
ERR: 无法加载模块:Public

[ 2017-03-07T10:05:00+08:00 ] ::1 /Public/Home/images/logo-bottom.png
ERR: 无法加载模块:Public

[ 2017-03-07T10:05:33+08:00 ] ::1 /Public/Home/css/common.css.map
ERR: 无法加载模块:Public

[ 2017-03-07T10:05:33+08:00 ] ::1 /Public/Home/images/promise.png
ERR: 无法加载模块:Public

[ 2017-03-07T10:05:33+08:00 ] ::1 /Public/Home/images/logo-bottom.png
ERR: 无法加载模块:Public

[ 2017-03-07T10:07:33+08:00 ] ::1 /Public/Home/images/promise.png
ERR: 无法加载模块:Public

[ 2017-03-07T10:07:33+08:00 ] ::1 /Public/Home/images/logo-bottom.png
ERR: 无法加载模块:Public

[ 2017-03-07T10:42:11+08:00 ] ::1 /Public/Home/css/common.css.map
ERR: 无法加载模块:Public

[ 2017-03-07T11:02:52+08:00 ] ::1 /Public/Home/images/promise.png
ERR: 无法加载模块:Public

[ 2017-03-07T11:02:52+08:00 ] ::1 /Public/Home/images/logo-bottom.png
ERR: 无法加载模块:Public

[ 2017-03-07T11:03:25+08:00 ] ::1 /Public/Home/images/promise.png
ERR: 无法加载模块:Public

[ 2017-03-07T11:03:25+08:00 ] ::1 /Public/Home/images/logo-bottom.png
ERR: 无法加载模块:Public

[ 2017-03-07T11:21:14+08:00 ] ::1 /Public/Home/images/logo-bottom.png
ERR: 无法加载模块:Public

[ 2017-03-07T11:26:14+08:00 ] ::1 /Public/Home/css/style.css
ERR: 无法加载模块:Public

[ 2017-03-07T11:26:15+08:00 ] ::1 /Public/Home/css/style.css
ERR: 无法加载模块:Public

[ 2017-03-07T11:26:15+08:00 ] ::1 /Public/Home/css/style.css
ERR: 无法加载模块:Public

[ 2017-03-07T11:44:44+08:00 ] ::1 /Public/Home/images/logo-bottom.png
ERR: 无法加载模块:Public

[ 2017-03-07T11:46:25+08:00 ] ::1 /Public/Home/js/skins/tinysimple.css?4.1.7
ERR: 无法加载模块:Public

[ 2017-03-07T11:46:25+08:00 ] ::1 /Public/Home/js/skins/tinysimple.css?4.1.7
ERR: 无法加载模块:Public

[ 2017-03-07T11:46:26+08:00 ] ::1 /Public/Home/js/skins/tinysimple.css?4.1.7
ERR: 无法加载模块:Public

[ 2017-03-07T11:46:26+08:00 ] ::1 /Public/Home/js/skins/tinysimple.css?4.1.7
ERR: 无法加载模块:Public

[ 2017-03-07T11:46:26+08:00 ] ::1 /Public/Home/js/skins/tinysimple.css?4.1.7
ERR: 无法加载模块:Public

[ 2017-03-07T11:46:26+08:00 ] ::1 /Public/Home/js/skins/tinysimple.css?4.1.7
ERR: 无法加载模块:Public

[ 2017-03-07T11:46:26+08:00 ] ::1 /Public/Home/js/skins/tinysimple.css?4.1.7
ERR: 无法加载模块:Public

[ 2017-03-07T11:46:28+08:00 ] ::1 /Public/Home/js/skins/tinysimple.css?4.1.7
ERR: 无法加载模块:Public

[ 2017-03-07T11:46:28+08:00 ] ::1 /Public/Home/js/skins/tinysimple.css?4.1.7
ERR: 无法加载模块:Public

[ 2017-03-07T11:46:36+08:00 ] ::1 /Public/Home/js/skins/tinysimple.css?4.1.7
ERR: 无法加载模块:Public

[ 2017-03-07T11:46:36+08:00 ] ::1 /Public/Home/js/skins/tinysimple.css?4.1.7
ERR: 无法加载模块:Public

[ 2017-03-07T11:47:28+08:00 ] ::1 /Public/Home/js/skins/tinysimple.css?4.1.7
ERR: 无法加载模块:Public

[ 2017-03-07T11:47:28+08:00 ] ::1 /Public/Home/js/skins/tinysimple.css?4.1.7
ERR: 无法加载模块:Public

[ 2017-03-07T11:48:41+08:00 ] ::1 /Public/Home/js/skins/tinysimple.css?4.1.7
ERR: 无法加载模块:Public

[ 2017-03-07T11:48:42+08:00 ] ::1 /Public/Home/js/skins/tinysimple.css?4.1.7
ERR: 无法加载模块:Public

[ 2017-03-07T11:48:42+08:00 ] ::1 /Public/Home/js/skins/tinysimple.css?4.1.7
ERR: 无法加载模块:Public

[ 2017-03-07T11:48:42+08:00 ] ::1 /Public/Home/js/skins/tinysimple.css?4.1.7
ERR: 无法加载模块:Public

[ 2017-03-07T11:48:43+08:00 ] ::1 /Public/Home/js/skins/tinysimple.css?4.1.7
ERR: 无法加载模块:Public

[ 2017-03-07T11:50:13+08:00 ] ::1 /Public/Home/js/skins/tinysimple.css?4.1.7
ERR: 无法加载模块:Public

[ 2017-03-07T11:50:14+08:00 ] ::1 /Public/Home/js/skins/tinysimple.css?4.1.7
ERR: 无法加载模块:Public

[ 2017-03-07T11:50:42+08:00 ] ::1 /Public/Home/js/skins/tinysimple.css?4.1.7
ERR: 无法加载模块:Public

[ 2017-03-07T11:50:43+08:00 ] ::1 /Public/Home/js/skins/tinysimple.css?4.1.7
ERR: 无法加载模块:Public

[ 2017-03-07T11:50:43+08:00 ] ::1 /Public/Home/js/skins/tinysimple.css?4.1.7
ERR: 无法加载模块:Public

[ 2017-03-07T11:51:09+08:00 ] ::1 /Public/Home/js/skins/tinysimple.css?4.1.7
ERR: 无法加载模块:Public

[ 2017-03-07T11:51:10+08:00 ] ::1 /Public/Home/js/skins/tinysimple.css?4.1.7
ERR: 无法加载模块:Public

[ 2017-03-07T11:51:10+08:00 ] ::1 /Public/Home/js/skins/tinysimple.css?4.1.7
ERR: 无法加载模块:Public

[ 2017-03-07T11:51:10+08:00 ] ::1 /Public/Home/js/skins/tinysimple.css?4.1.7
ERR: 无法加载模块:Public

[ 2017-03-07T11:51:11+08:00 ] ::1 /Public/Home/js/skins/tinysimple.css?4.1.7
ERR: 无法加载模块:Public

[ 2017-03-07T11:51:11+08:00 ] ::1 /Public/Home/js/skins/tinysimple.css?4.1.7
ERR: 无法加载模块:Public

[ 2017-03-07T11:51:11+08:00 ] ::1 /Public/Home/js/skins/tinysimple.css?4.1.7
ERR: 无法加载模块:Public

[ 2017-03-07T11:51:11+08:00 ] ::1 /Public/Home/js/skins/tinysimple.css?4.1.7
ERR: 无法加载模块:Public

[ 2017-03-07T11:51:11+08:00 ] ::1 /Public/Home/js/skins/tinysimple.css?4.1.7
ERR: 无法加载模块:Public

[ 2017-03-07T11:51:11+08:00 ] ::1 /Public/Home/js/skins/tinysimple.css?4.1.7
ERR: 无法加载模块:Public

[ 2017-03-07T11:51:11+08:00 ] ::1 /Public/Home/js/skins/tinysimple.css?4.1.7
ERR: 无法加载模块:Public

[ 2017-03-07T11:51:12+08:00 ] ::1 /Public/Home/js/skins/tinysimple.css?4.1.7
ERR: 无法加载模块:Public

[ 2017-03-07T11:51:33+08:00 ] ::1 /Public/Home/js/skins/tinysimple.css?4.1.7
ERR: 无法加载模块:Public

[ 2017-03-07T11:51:34+08:00 ] ::1 /Public/Home/js/skins/tinysimple.css?4.1.7
ERR: 无法加载模块:Public

[ 2017-03-07T11:51:34+08:00 ] ::1 /Public/Home/js/skins/tinysimple.css?4.1.7
ERR: 无法加载模块:Public

[ 2017-03-07T11:51:34+08:00 ] ::1 /Public/Home/js/skins/tinysimple.css?4.1.7
ERR: 无法加载模块:Public

[ 2017-03-07T11:51:34+08:00 ] ::1 /Public/Home/js/skins/tinysimple.css?4.1.7
ERR: 无法加载模块:Public

[ 2017-03-07T11:51:36+08:00 ] ::1 /Public/Home/js/skins/tinysimple.css?4.1.7
ERR: 无法加载模块:Public

[ 2017-03-07T11:51:36+08:00 ] ::1 /Public/Home/js/skins/tinysimple.css?4.1.7
ERR: 无法加载模块:Public

[ 2017-03-07T11:51:36+08:00 ] ::1 /Public/Home/js/skins/tinysimple.css?4.1.7
ERR: 无法加载模块:Public

[ 2017-03-07T11:51:36+08:00 ] ::1 /Public/Home/js/skins/tinysimple.css?4.1.7
ERR: 无法加载模块:Public

[ 2017-03-07T11:51:36+08:00 ] ::1 /Public/Home/js/skins/tinysimple.css?4.1.7
ERR: 无法加载模块:Public

[ 2017-03-07T11:51:47+08:00 ] ::1 /Public/Home/js/skins/tinysimple.css?4.1.7
ERR: 无法加载模块:Public

[ 2017-03-07T11:51:56+08:00 ] ::1 /Public/Home/js/skins/tinysimple.css?4.1.7
ERR: 无法加载模块:Public

[ 2017-03-07T11:51:56+08:00 ] ::1 /Public/Home/js/skins/tinysimple.css?4.1.7
ERR: 无法加载模块:Public

[ 2017-03-07T11:52:11+08:00 ] ::1 /Public/Home/js/skins/tinysimple.css?4.1.7
ERR: 无法加载模块:Public

[ 2017-03-07T11:52:11+08:00 ] ::1 /Public/Home/js/skins/tinysimple.css?4.1.7
ERR: 无法加载模块:Public

[ 2017-03-07T11:52:26+08:00 ] ::1 /Public/Home/js/skins/tinysimple.css?4.1.7
ERR: 无法加载模块:Public

[ 2017-03-07T11:53:09+08:00 ] ::1 /Public/Home/images/promise.png
ERR: 无法加载模块:Public

[ 2017-03-07T11:54:13+08:00 ] ::1 /Public/Home/images/logo-bottom.png
ERR: 无法加载模块:Public

[ 2017-03-07T12:00:11+08:00 ] ::1 /Public/Home/images/promise.png
ERR: 无法加载模块:Public

[ 2017-03-07T12:00:11+08:00 ] ::1 /Public/Home/images/logo-bottom.png
ERR: 无法加载模块:Public

[ 2017-03-07T12:00:13+08:00 ] ::1 /Public/Home/images/logo-bottom.png
ERR: 无法加载模块:Public

[ 2017-03-07T12:00:16+08:00 ] ::1 /Public/Home/images/promise.png
ERR: 无法加载模块:Public

[ 2017-03-07T12:00:16+08:00 ] ::1 /Public/Home/images/logo-bottom.png
ERR: 无法加载模块:Public

[ 2017-03-07T12:00:18+08:00 ] ::1 /Public/Home/images/logo-bottom.png
ERR: 无法加载模块:Public

[ 2017-03-07T12:04:08+08:00 ] ::1 /Public/Home/images/logo-bottom.png
ERR: 无法加载模块:Public

[ 2017-03-07T13:11:05+08:00 ] ::1 /Public/Home/images/logo-bottom.png
ERR: 无法加载模块:Public

[ 2017-03-07T13:11:05+08:00 ] ::1 /Public/Home/images/promise.png
ERR: 无法加载模块:Public

[ 2017-03-07T13:11:10+08:00 ] ::1 /Public/Home/images/logo-bottom.png
ERR: 无法加载模块:Public

[ 2017-03-07T13:14:46+08:00 ] ::1 /images/common/site/site.png
ERR: 无法加载模块:Images

[ 2017-03-07T13:14:46+08:00 ] ::1 /images/common/site/credit.png
ERR: 无法加载模块:Images

[ 2017-03-07T13:14:46+08:00 ] ::1 /Public/Home/css/images/user/login_icon2.png?1008
ERR: 无法加载模块:Public

[ 2017-03-07T13:14:46+08:00 ] ::1 /Public/Home/css/images/user/loading.gif
ERR: 无法加载模块:Public

[ 2017-03-07T13:14:46+08:00 ] ::1 /Public/Home/css/images/allPuzzle.png
ERR: 无法加载模块:Public

[ 2017-03-07T13:16:02+08:00 ] ::1 /Public/Home/css/images/user/loading.gif
ERR: 无法加载模块:Public

[ 2017-03-07T13:16:02+08:00 ] ::1 /Public/Home/css/images/allPuzzle.png
ERR: 无法加载模块:Public

[ 2017-03-07T13:16:02+08:00 ] ::1 /Public/Home/css/images/user/login_icon2.png?1008
ERR: 无法加载模块:Public

[ 2017-03-07T13:16:02+08:00 ] ::1 /images/common/site/site.png
ERR: 无法加载模块:Images

[ 2017-03-07T13:16:02+08:00 ] ::1 /images/common/site/credit.png
ERR: 无法加载模块:Images

[ 2017-03-07T13:16:09+08:00 ] ::1 /Public/Home/css/images/allPuzzle.png
ERR: 无法加载模块:Public

[ 2017-03-07T13:16:09+08:00 ] ::1 /images/common/site/credit.png
ERR: 无法加载模块:Images

[ 2017-03-07T13:16:09+08:00 ] ::1 /Public/Home/css/images/user/login_icon2.png?1008
ERR: 无法加载模块:Public

[ 2017-03-07T13:16:09+08:00 ] ::1 /Public/Home/css/images/user/loading.gif
ERR: 无法加载模块:Public

[ 2017-03-07T13:16:09+08:00 ] ::1 /images/common/site/site.png
ERR: 无法加载模块:Images

[ 2017-03-07T13:17:39+08:00 ] ::1 /Public/Home/css/images/user/login_icon2.png?1008
ERR: 无法加载模块:Public

[ 2017-03-07T13:17:39+08:00 ] ::1 /Public/Home/css/images/allPuzzle.png
ERR: 无法加载模块:Public

[ 2017-03-07T13:17:39+08:00 ] ::1 /Public/Home/css/images/user/loading.gif
ERR: 无法加载模块:Public

[ 2017-03-07T13:17:39+08:00 ] ::1 /images/common/site/credit.png
ERR: 无法加载模块:Images

[ 2017-03-07T13:17:39+08:00 ] ::1 /images/common/site/site.png
ERR: 无法加载模块:Images

[ 2017-03-07T13:21:06+08:00 ] ::1 /Public/Home/css/common.css.map
ERR: 无法加载模块:Public

[ 2017-03-07T13:21:06+08:00 ] ::1 /Public/Home/images/promise.png
ERR: 无法加载模块:Public

[ 2017-03-07T13:21:06+08:00 ] ::1 /Public/Home/images/logo-bottom.png
ERR: 无法加载模块:Public

[ 2017-03-07T13:21:34+08:00 ] ::1 /Public/Home/css/images/user/login_icon2.png?1008
ERR: 无法加载模块:Public

[ 2017-03-07T13:21:34+08:00 ] ::1 /Public/Home/css/images/user/loading.gif
ERR: 无法加载模块:Public

[ 2017-03-07T13:21:34+08:00 ] ::1 /Public/Home/css/images/allPuzzle.png
ERR: 无法加载模块:Public

[ 2017-03-07T13:21:34+08:00 ] ::1 /images/common/site/credit.png
ERR: 无法加载模块:Images

[ 2017-03-07T13:21:34+08:00 ] ::1 /images/common/site/site.png
ERR: 无法加载模块:Images

[ 2017-03-07T13:21:45+08:00 ] ::1 /Public/Home/css/images/user/login_icon2.png?1008
ERR: 无法加载模块:Public

[ 2017-03-07T13:21:45+08:00 ] ::1 /Public/Home/css/images/user/loading.gif
ERR: 无法加载模块:Public

[ 2017-03-07T13:21:45+08:00 ] ::1 /Public/Home/css/images/allPuzzle.png
ERR: 无法加载模块:Public

[ 2017-03-07T13:21:45+08:00 ] ::1 /images/common/site/site.png
ERR: 无法加载模块:Images

[ 2017-03-07T13:21:45+08:00 ] ::1 /images/common/site/credit.png
ERR: 无法加载模块:Images

[ 2017-03-07T13:38:49+08:00 ] ::1 /Public/Home/images/logo-bottom.png
ERR: 无法加载模块:Public

[ 2017-03-07T13:38:55+08:00 ] ::1 /Public/Home/images/promise.png
ERR: 无法加载模块:Public

[ 2017-03-07T13:40:47+08:00 ] ::1 /images/common/site/credit.png
ERR: 无法加载模块:Images

[ 2017-03-07T13:40:47+08:00 ] ::1 /images/common/site/site.png
ERR: 无法加载模块:Images

[ 2017-03-07T13:55:02+08:00 ] ::1 /Public/Home/css/common.css.map
ERR: 无法加载模块:Public

[ 2017-03-07T14:01:02+08:00 ] ::1 /Public/Home/css/common.css.map
ERR: 无法加载模块:Public

[ 2017-03-07T14:01:19+08:00 ] ::1 /Public/Home/css/common.css.map
ERR: 无法加载模块:Public

[ 2017-03-07T14:01:48+08:00 ] ::1 /Public/Home/css/common.css.map
ERR: 无法加载模块:Public

[ 2017-03-07T14:02:17+08:00 ] ::1 /Public/Home/css/common.css.map
ERR: 无法加载模块:Public

[ 2017-03-07T14:22:18+08:00 ] ::1 /Public/Home/css/common.css.map
ERR: 无法加载模块:Public

[ 2017-03-07T14:22:19+08:00 ] ::1 /Public/Home/css/common.css.map
ERR: 无法加载模块:Public

[ 2017-03-07T14:22:21+08:00 ] ::1 /Public/Home/css/common.css.map
ERR: 无法加载模块:Public

[ 2017-03-07T14:26:47+08:00 ] ::1 /Public/Home/images/logo-bottom.png
ERR: 无法加载模块:Public

[ 2017-03-07T14:26:47+08:00 ] ::1 /Public/Home/css/common.css.map
ERR: 无法加载模块:Public

[ 2017-03-07T14:26:48+08:00 ] ::1 /Public/Home/css/common.css.map
ERR: 无法加载模块:Public

[ 2017-03-07T14:26:48+08:00 ] ::1 /Public/Home/css/common.css.map
ERR: 无法加载模块:Public

[ 2017-03-07T14:26:49+08:00 ] ::1 /Public/Home/css/common.css.map
ERR: 无法加载模块:Public

[ 2017-03-07T14:26:49+08:00 ] ::1 /Public/Home/css/common.css.map
ERR: 无法加载模块:Public

[ 2017-03-07T14:27:17+08:00 ] ::1 /Public/Home/css/common.css.map
ERR: 无法加载模块:Public

[ 2017-03-07T14:27:18+08:00 ] ::1 /Public/Home/css/common.css.map
ERR: 无法加载模块:Public

[ 2017-03-07T14:32:04+08:00 ] ::1 /Public/Home/css/common.css.map
ERR: 无法加载模块:Public

[ 2017-03-07T14:33:05+08:00 ] ::1 /Public/Home/css/common.css.map
ERR: 无法加载模块:Public

[ 2017-03-07T14:34:56+08:00 ] ::1 /Public/Home/css/common.css.map
ERR: 无法加载模块:Public

[ 2017-03-07T14:34:57+08:00 ] ::1 /Public/Home/css/common.css.map
ERR: 无法加载模块:Public

[ 2017-03-07T14:34:58+08:00 ] ::1 /Public/Home/css/common.css.map
ERR: 无法加载模块:Public

[ 2017-03-07T14:36:10+08:00 ] ::1 /Public/Home/css/common.css.map
ERR: 无法加载模块:Public

[ 2017-03-07T14:36:10+08:00 ] ::1 /Public/Home/css/common.css.map
ERR: 无法加载模块:Public

[ 2017-03-07T14:36:10+08:00 ] ::1 /Public/Home/css/common.css.map
ERR: 无法加载模块:Public

[ 2017-03-07T14:36:11+08:00 ] ::1 /Public/Home/css/common.css.map
ERR: 无法加载模块:Public

[ 2017-03-07T14:37:19+08:00 ] ::1 /Public/Home/css/common.css.map
ERR: 无法加载模块:Public

[ 2017-03-07T14:37:20+08:00 ] ::1 /Public/Home/css/common.css.map
ERR: 无法加载模块:Public

[ 2017-03-07T14:37:21+08:00 ] ::1 /Public/Home/css/common.css.map
ERR: 无法加载模块:Public

[ 2017-03-07T14:37:23+08:00 ] ::1 /Public/Home/css/common.css.map
ERR: 无法加载模块:Public

[ 2017-03-07T14:37:26+08:00 ] ::1 /Public/Home/css/common.css.map
ERR: 无法加载模块:Public

[ 2017-03-07T14:37:27+08:00 ] ::1 /Public/Home/css/common.css.map
ERR: 无法加载模块:Public

[ 2017-03-07T14:49:45+08:00 ] ::1 /Public/Home/css/common.css.map
ERR: 无法加载模块:Public

[ 2017-03-07T14:53:17+08:00 ] ::1 /Public/Home/css/common.css.map
ERR: 无法加载模块:Public

[ 2017-03-07T14:53:53+08:00 ] ::1 /Public/Home/css/common.css.map
ERR: 无法加载模块:Public

[ 2017-03-07T14:53:54+08:00 ] ::1 /Public/Home/css/common.css.map
ERR: 无法加载模块:Public

[ 2017-03-07T14:53:54+08:00 ] ::1 /Public/Home/css/common.css.map
ERR: 无法加载模块:Public

[ 2017-03-07T14:58:21+08:00 ] ::1 /Public/Home/css/images/user/loading.gif
ERR: 无法加载模块:Public

[ 2017-03-07T14:58:21+08:00 ] ::1 /Public/Home/css/images/user/login_icon2.png?1008
ERR: 无法加载模块:Public

[ 2017-03-07T14:58:21+08:00 ] ::1 /images/common/site/credit.png
ERR: 无法加载模块:Images

[ 2017-03-07T14:58:21+08:00 ] ::1 /images/common/site/site.png
ERR: 无法加载模块:Images

[ 2017-03-07T15:32:15+08:00 ] ::1 /Public/Home/userc/login.css
ERR: 无法加载模块:Public

[ 2017-03-07T15:33:47+08:00 ] ::1 /Public/Home/css/images/bj_zhuce.jpg
ERR: 无法加载模块:Public

[ 2017-03-07T15:33:47+08:00 ] ::1 /Public/Home/css/images/zc_06.jpg
ERR: 无法加载模块:Public

[ 2017-03-07T15:33:47+08:00 ] ::1 /Public/Home/css/images/zc_12.jpg
ERR: 无法加载模块:Public

[ 2017-03-07T15:33:47+08:00 ] ::1 /Public/Home/css/images/zc_16.jpg
ERR: 无法加载模块:Public

[ 2017-03-07T15:33:47+08:00 ] ::1 /Public/Home/css/images/zc_19.jpg
ERR: 无法加载模块:Public

[ 2017-03-07T15:33:47+08:00 ] ::1 /Public/Home/css/images/zc_10.jpg
ERR: 无法加载模块:Public

[ 2017-03-07T15:33:47+08:00 ] ::1 /Public/Home/css/images/zc_15.jpg
ERR: 无法加载模块:Public

[ 2017-03-07T15:34:51+08:00 ] ::1 /Public/Home/css/images/zc_06.jpg
ERR: 无法加载模块:Public

[ 2017-03-07T15:34:51+08:00 ] ::1 /Public/Home/css/images/zc_12.jpg
ERR: 无法加载模块:Public



[ 2017-03-07T15:34:51+08:00 ] ::1 /Public/Home/css/images/zc_19.jpg
ERR: 无法加载模块:Public

[ 2017-03-07T15:34:51+08:00 ] ::1 /Public/Home/css/images/zc_03.jpg
ERR: 无法加载模块:Public

[ 2017-03-07T15:34:51+08:00 ] ::1 /Public/Home/css/images/zc_16.jpg
ERR: 无法加载模块:Public

[ 2017-03-07T15:34:51+08:00 ] ::1 /Public/Home/css/images/zc_10.jpg
ERR: 无法加载模块:Public

[ 2017-03-07T15:34:51+08:00 ] ::1 /Public/Home/css/images/zc_15.jpg
ERR: 无法加载模块:Public

[ 2017-03-07T15:40:38+08:00 ] ::1 /Public/Home/css/images/bj_zhuce.jpg
ERR: 无法加载模块:Public

[ 2017-03-07T15:40:38+08:00 ] ::1 /Public/Home/css/images/zc_06.jpg
ERR: 无法加载模块:Public

[ 2017-03-07T15:40:38+08:00 ] ::1 /Public/Home/css/images/zc_16.jpg
ERR: 无法加载模块:Public

[ 2017-03-07T15:40:38+08:00 ] ::1 /Public/Home/css/images/zc_12.jpg
ERR: 无法加载模块:Public

[ 2017-03-07T15:40:38+08:00 ] ::1 /Public/Home/css/images/zc_03.jpg
ERR: 无法加载模块:Public

[ 2017-03-07T15:40:38+08:00 ] ::1 /Public/Home/css/images/zc_10.jpg
ERR: 无法加载模块:Public

[ 2017-03-07T15:40:38+08:00 ] ::1 /Public/Home/css/images/zc_19.jpg
ERR: 无法加载模块:Public

[ 2017-03-07T15:40:38+08:00 ] ::1 /Public/Home/css/images/zc_15.jpg
ERR: 无法加载模块:Public

[ 2017-03-07T15:49:27+08:00 ] ::1 /Public/Home/css/images/bj_zhuce.jpg
ERR: 无法加载模块:Public

[ 2017-03-07T15:49:27+08:00 ] ::1 /Public/Home/css/images/zc_06.jpg
ERR: 无法加载模块:Public

[ 2017-03-07T15:49:27+08:00 ] ::1 /Public/Home/css/images/zc_19.jpg
ERR: 无法加载模块:Public

[ 2017-03-07T15:49:27+08:00 ] ::1 /Public/Home/css/images/zc_12.jpg
ERR: 无法加载模块:Public

[ 2017-03-07T15:49:27+08:00 ] ::1 /Public/Home/css/images/zc_16.jpg
ERR: 无法加载模块:Public

[ 2017-03-07T15:49:27+08:00 ] ::1 /Public/Home/css/images/zc_03.jpg
ERR: 无法加载模块:Public

[ 2017-03-07T15:49:27+08:00 ] ::1 /Public/Home/css/images/zc_10.jpg
ERR: 无法加载模块:Public

[ 2017-03-07T15:49:27+08:00 ] ::1 /Public/Home/css/images/zc_15.jpg
ERR: 无法加载模块:Public

[ 2017-03-07T15:49:47+08:00 ] ::1 /Public/Home/css/userc/Public/Home/css/userc/images/bj_zhuce.jpg
ERR: 无法加载模块:Public

[ 2017-03-07T15:49:47+08:00 ] ::1 /Public/Home/css/userc/Public/Home/css/userc/images/zc_06.jpg
ERR: 无法加载模块:Public

[ 2017-03-07T15:49:47+08:00 ] ::1 /Public/Home/css/userc/Public/Home/css/userc/images/zc_16.jpg
ERR: 无法加载模块:Public

[ 2017-03-07T15:49:47+08:00 ] ::1 /Public/Home/css/userc/Public/Home/css/userc/images/zc_12.jpg
ERR: 无法加载模块:Public

[ 2017-03-07T15:49:47+08:00 ] ::1 /Public/Home/css/userc/Public/Home/css/userc/images/zc_19.jpg
ERR: 无法加载模块:Public

[ 2017-03-07T15:49:47+08:00 ] ::1 /Public/Home/css/userc/Public/Home/css/userc/images/zc_03.jpg
ERR: 无法加载模块:Public

[ 2017-03-07T15:49:47+08:00 ] ::1 /Public/Home/css/userc/Public/Home/css/userc/images/zc_15.jpg
ERR: 无法加载模块:Public

[ 2017-03-07T15:49:47+08:00 ] ::1 /Public/Home/css/userc/Public/Home/css/userc/images/zc_06.jpg
ERR: 无法加载模块:Public

[ 2017-03-07T15:49:47+08:00 ] ::1 /Public/Home/css/userc/Public/Home/css/userc/images/zc_12.jpg
ERR: 无法加载模块:Public

[ 2017-03-07T15:49:47+08:00 ] ::1 /Public/Home/css/userc/Public/Home/css/userc/images/zc_03.jpg
ERR: 无法加载模块:Public

[ 2017-03-07T15:49:47+08:00 ] ::1 /Public/Home/css/userc/Public/Home/css/userc/images/zc_16.jpg
ERR: 无法加载模块:Public

[ 2017-03-07T15:49:47+08:00 ] ::1 /Public/Home/css/userc/Public/Home/css/userc/images/zc_19.jpg
ERR: 无法加载模块:Public

[ 2017-03-07T15:49:47+08:00 ] ::1 /Public/Home/css/userc/Public/Home/css/userc/images/zc_15.jpg
ERR: 无法加载模块:Public

[ 2017-03-07T15:49:47+08:00 ] ::1 /Public/Home/css/userc/Public/Home/css/userc/images/zc_10.jpg
ERR: 无法加载模块:Public

[ 2017-03-07T15:49:47+08:00 ] ::1 /Public/Home/css/userc/Public/Home/css/userc/images/bj_zhuce.jpg
ERR: 无法加载模块:Public

[ 2017-03-07T16:23:35+08:00 ] ::1 /Public/Home/images/logo-bottom.png
ERR: 无法加载模块:Public

[ 2017-03-07T16:23:35+08:00 ] ::1 /Public/Home/images/promise.png
ERR: 无法加载模块:Public

[ 2017-03-07T16:26:18+08:00 ] ::1 /Public/Home/images/logo-bottom.png
ERR: 无法加载模块:Public

[ 2017-03-07T16:26:18+08:00 ] ::1 /Public/Home/images/promise.png
ERR: 无法加载模块:Public

[ 2017-03-07T16:26:19+08:00 ] ::1 /favicon.ico
ERR: 无法加载模块:Favicon

[ 2017-03-07T17:40:01+08:00 ] ::1 /Public/Home/images/logo-bottom.png
ERR: 无法加载模块:Public

[ 2017-03-07T17:40:01+08:00 ] ::1 /Public/Home/images/promise.png
ERR: 无法加载模块:Public

[ 2017-03-07T18:02:38+08:00 ] ::1 /Public/Home/images/promise.png
ERR: 无法加载模块:Public

[ 2017-03-07T18:02:38+08:00 ] ::1 /Public/Home/images/logo-bottom.png
ERR: 无法加载模块:Public

[ 2017-03-07T18:03:46+08:00 ] ::1 /Public/Home/images/promise.png
ERR: 无法加载模块:Public

[ 2017-03-07T18:03:46+08:00 ] ::1 /Public/Home/images/logo-bottom.png
ERR: 无法加载模块:Public

[ 2017-03-07T18:30:18+08:00 ] ::1 /Public/Home/images/promise.png
ERR: 无法加载模块:Public

[ 2017-03-07T18:30:18+08:00 ] ::1 /Public/Home/images/logo-bottom.png
ERR: 无法加载模块:Public

[ 2017-03-07T18:41:00+08:00 ] ::1 /Public/Home/images/logo-bottom.png
ERR: 无法加载模块:Public

[ 2017-03-07T18:41:00+08:00 ] ::1 /Public/Home/images/promise.png
ERR: 无法加载模块:Public

[ 2017-03-07T18:45:39+08:00 ] ::1 /Public/Home/images/promise.png
ERR: 无法加载模块:Public

[ 2017-03-07T18:45:39+08:00 ] ::1 /Public/Home/images/logo-bottom.png
ERR: 无法加载模块:Public

[ 2017-03-07T18:46:19+08:00 ] ::1 /Public/Home/images/promise.png
ERR: 无法加载模块:Public

[ 2017-03-07T18:46:19+08:00 ] ::1 /Public/Home/images/logo-bottom.png
ERR: 无法加载模块:Public

[ 2017-03-07T18:54:54+08:00 ] ::1 /Public/Home/images/logo-bottom.png
ERR: 无法加载模块:Public

[ 2017-03-07T18:58:54+08:00 ] ::1 /Public/Home/images/promise.png
ERR: 无法加载模块:Public

[ 2017-03-07T18:58:54+08:00 ] ::1 /Public/Home/images/logo-bottom.png
ERR: 无法加载模块:Public

[ 2017-03-07T18:59:39+08:00 ] ::1 /Public/Home/thems/default/images/no-img.png
ERR: 无法加载模块:Public

[ 2017-03-07T18:59:39+08:00 ] ::1 /Public/Home/images/promise.png
ERR: 无法加载模块:Public

[ 2017-03-07T18:59:39+08:00 ] ::1 /Public/Home/images/icons.png
ERR: 无法加载模块:Public

[ 2017-03-07T18:59:39+08:00 ] ::1 /Public/Home/images/logo-bottom.png
ERR: 无法加载模块:Public

[ 2017-03-07T19:07:44+08:00 ] ::1 /Public/Home/images/promise.png
ERR: 无法加载模块:Public

[ 2017-03-07T19:07:44+08:00 ] ::1 /Public/Home/images/logo-bottom.png
ERR: 无法加载模块:Public

[ 2017-03-07T19:08:03+08:00 ] ::1 /Public/Home/images/logo-bottom.png
ERR: 无法加载模块:Public

[ 2017-03-07T19:14:31+08:00 ] ::1 /Public/Home/images/promise.png
ERR: 无法加载模块:Public

[ 2017-03-07T19:14:31+08:00 ] ::1 /Public/Home/images/logo-bottom.png
ERR: 无法加载模块:Public

[ 2017-03-07T19:34:58+08:00 ] ::1 /Public/Home/thems/default/images/no-img.png
ERR: 无法加载模块:Public

[ 2017-03-07T19:34:58+08:00 ] ::1 /Public/Home/images/promise.png
ERR: 无法加载模块:Public

[ 2017-03-07T19:34:58+08:00 ] ::1 /Public/Home/images/logo-bottom.png
ERR: 无法加载模块:Public

[ 2017-03-07T19:34:58+08:00 ] ::1 /Public/Home/images/icons.png
ERR: 无法加载模块:Public

[ 2017-03-07T19:35:36+08:00 ] ::1 /Public/Home/images/promise.png
ERR: 无法加载模块:Public

[ 2017-03-07T19:35:36+08:00 ] ::1 /Public/Home/images/logo-bottom.png
ERR: 无法加载模块:Public

[ 2017-03-07T19:48:14+08:00 ] ::1 /Public/Home/images/promise.png
ERR: 无法加载模块:Public

[ 2017-03-07T19:48:14+08:00 ] ::1 /Public/Home/images/logo-bottom.png
ERR: 无法加载模块:Public

[ 2017-03-07T19:48:17+08:00 ] ::1 /Public/Home/thems/default/images/no-img.png
ERR: 无法加载模块:Public

[ 2017-03-07T19:48:17+08:00 ] ::1 /Public/Home/images/icons.png
ERR: 无法加载模块:Public

[ 2017-03-07T19:48:17+08:00 ] ::1 /Public/Home/images/promise.png
ERR: 无法加载模块:Public

[ 2017-03-07T19:48:17+08:00 ] ::1 /Public/Home/images/logo-bottom.png
ERR: 无法加载模块:Public

[ 2017-03-07T19:48:32+08:00 ] ::1 /Public/Home/images/promise.png
ERR: 无法加载模块:Public

[ 2017-03-07T19:48:32+08:00 ] ::1 /Public/Home/images/logo-bottom.png
ERR: 无法加载模块:Public

[ 2017-03-07T19:48:35+08:00 ] ::1 /Public/Home/thems/default/images/no-img.png
ERR: 无法加载模块:Public

[ 2017-03-07T19:48:35+08:00 ] ::1 /Public/Home/images/logo-bottom.png
ERR: 无法加载模块:Public

[ 2017-03-07T19:48:35+08:00 ] ::1 /Public/Home/images/promise.png
ERR: 无法加载模块:Public

[ 2017-03-07T19:48:35+08:00 ] ::1 /Public/Home/images/icons.png
ERR: 无法加载模块:Public

[ 2017-03-07T19:48:47+08:00 ] ::1 /Public/Home/css/common.css.map
ERR: 无法加载模块:Public

[ 2017-03-07T19:48:47+08:00 ] ::1 /Public/Home/css/product.css.map
ERR: 无法加载模块:Public

[ 2017-03-07T19:49:39+08:00 ] ::1 /Public/Home/thems/default/images/no-img.png
ERR: 无法加载模块:Public

[ 2017-03-07T19:49:39+08:00 ] ::1 /Public/Home/images/icons.png
ERR: 无法加载模块:Public

[ 2017-03-07T19:49:39+08:00 ] ::1 /Public/Home/images/promise.png
ERR: 无法加载模块:Public

[ 2017-03-07T19:49:39+08:00 ] ::1 /Public/Home/css/product.css.map
ERR: 无法加载模块:Public

[ 2017-03-07T19:49:39+08:00 ] ::1 /Public/Home/css/common.css.map
ERR: 无法加载模块:Public

[ 2017-03-07T19:49:39+08:00 ] ::1 /Public/Home/images/logo-bottom.png
ERR: 无法加载模块:Public

[ 2017-03-07T19:49:52+08:00 ] ::1 /Public/Home/css/common.css.map
ERR: 无法加载模块:Public

[ 2017-03-07T19:49:52+08:00 ] ::1 /Public/Home/images/promise.png
ERR: 无法加载模块:Public

[ 2017-03-07T19:49:52+08:00 ] ::1 /Public/Home/images/logo-bottom.png
ERR: 无法加载模块:Public

[ 2017-03-07T19:49:58+08:00 ] ::1 /Public/Home/css/common.css.map
ERR: 无法加载模块:Public

[ 2017-03-07T19:49:59+08:00 ] ::1 /Public/Home/thems/default/images/no-img.png
ERR: 无法加载模块:Public

[ 2017-03-07T19:49:59+08:00 ] ::1 /Public/Home/css/product.css.map
ERR: 无法加载模块:Public

[ 2017-03-07T19:49:59+08:00 ] ::1 /Public/Home/images/promise.png
ERR: 无法加载模块:Public

[ 2017-03-07T19:49:59+08:00 ] ::1 /Public/Home/images/logo-bottom.png
ERR: 无法加载模块:Public

[ 2017-03-07T19:49:59+08:00 ] ::1 /Public/Home/images/icons.png
ERR: 无法加载模块:Public

[ 2017-03-07T19:51:17+08:00 ] ::1 /Public/Home/css/common.css.map
ERR: 无法加载模块:Public

[ 2017-03-07T19:51:17+08:00 ] ::1 /Public/Home/thems/default/images/no-img.png
ERR: 无法加载模块:Public

[ 2017-03-07T19:51:17+08:00 ] ::1 /Public/Home/images/icons.png
ERR: 无法加载模块:Public

[ 2017-03-07T19:51:17+08:00 ] ::1 /Public/Home/css/product.css.map
ERR: 无法加载模块:Public

[ 2017-03-07T19:51:17+08:00 ] ::1 /Public/Home/images/logo-bottom.png
ERR: 无法加载模块:Public

[ 2017-03-07T19:51:17+08:00 ] ::1 /Public/Home/images/promise.png
ERR: 无法加载模块:Public

[ 2017-03-07T19:55:48+08:00 ] ::1 /Public/Home/css/common.css.map
ERR: 无法加载模块:Public

[ 2017-03-07T19:55:48+08:00 ] ::1 /Public/Home/thems/default/images/no-img.png
ERR: 无法加载模块:Public

[ 2017-03-07T19:55:48+08:00 ] ::1 /Public/Home/css/product.css.map
ERR: 无法加载模块:Public

[ 2017-03-07T19:55:48+08:00 ] ::1 /Public/Home/images/icons.png
ERR: 无法加载模块:Public

[ 2017-03-07T19:55:48+08:00 ] ::1 /Public/Home/images/logo-bottom.png
ERR: 无法加载模块:Public

[ 2017-03-07T19:55:48+08:00 ] ::1 /Public/Home/images/promise.png
ERR: 无法加载模块:Public

[ 2017-03-07T19:55:51+08:00 ] ::1 /Public/Home/css/common.css.map
ERR: 无法加载模块:Public

[ 2017-03-07T19:55:51+08:00 ] ::1 /Public/Home/images/logo-bottom.png
ERR: 无法加载模块:Public

[ 2017-03-07T19:55:51+08:00 ] ::1 /Public/Home/images/promise.png
ERR: 无法加载模块:Public

[ 2017-03-07T19:55:53+08:00 ] ::1 /Public/Home/css/common.css.map
ERR: 无法加载模块:Public

[ 2017-03-07T19:55:53+08:00 ] ::1 /Public/Home/thems/default/images/no-img.png
ERR: 无法加载模块:Public

[ 2017-03-07T19:55:53+08:00 ] ::1 /Public/Home/css/product.css.map
ERR: 无法加载模块:Public

[ 2017-03-07T19:55:53+08:00 ] ::1 /Public/Home/images/icons.png
ERR: 无法加载模块:Public

[ 2017-03-07T19:55:53+08:00 ] ::1 /Public/Home/images/promise.png
ERR: 无法加载模块:Public

[ 2017-03-07T19:55:53+08:00 ] ::1 /Public/Home/images/logo-bottom.png
ERR: 无法加载模块:Public

[ 2017-03-07T19:55:55+08:00 ] ::1 /Public/Home/images/logo-bottom.png
ERR: 无法加载模块:Public

[ 2017-03-07T19:55:55+08:00 ] ::1 /Public/Home/css/common.css.map
ERR: 无法加载模块:Public

[ 2017-03-07T19:55:55+08:00 ] ::1 /Public/Home/images/promise.png
ERR: 无法加载模块:Public

[ 2017-03-07T19:55:57+08:00 ] ::1 /Public/Home/css/common.css.map
ERR: 无法加载模块:Public

[ 2017-03-07T19:55:57+08:00 ] ::1 /Public/Home/thems/default/images/no-img.png
ERR: 无法加载模块:Public

[ 2017-03-07T19:55:57+08:00 ] ::1 /Public/Home/css/product.css.map
ERR: 无法加载模块:Public

[ 2017-03-07T19:55:57+08:00 ] ::1 /Public/Home/images/icons.png
ERR: 无法加载模块:Public

[ 2017-03-07T19:55:57+08:00 ] ::1 /Public/Home/images/promise.png
ERR: 无法加载模块:Public

[ 2017-03-07T19:55:57+08:00 ] ::1 /Public/Home/images/logo-bottom.png
ERR: 无法加载模块:Public

[ 2017-03-07T19:55:59+08:00 ] ::1 /Public/Home/css/common.css.map
ERR: 无法加载模块:Public

[ 2017-03-07T19:55:59+08:00 ] ::1 /Public/Home/images/promise.png
ERR: 无法加载模块:Public

[ 2017-03-07T19:55:59+08:00 ] ::1 /Public/Home/images/logo-bottom.png
ERR: 无法加载模块:Public

[ 2017-03-07T19:56:01+08:00 ] ::1 /Public/Home/css/common.css.map
ERR: 无法加载模块:Public

[ 2017-03-07T19:56:01+08:00 ] ::1 /Public/Home/thems/default/images/no-img.png
ERR: 无法加载模块:Public

[ 2017-03-07T19:56:01+08:00 ] ::1 /Public/Home/css/product.css.map
ERR: 无法加载模块:Public

[ 2017-03-07T19:56:01+08:00 ] ::1 /Public/Home/images/promise.png
ERR: 无法加载模块:Public

[ 2017-03-07T19:56:01+08:00 ] ::1 /Public/Home/images/logo-bottom.png
ERR: 无法加载模块:Public

[ 2017-03-07T19:56:01+08:00 ] ::1 /Public/Home/images/icons.png
ERR: 无法加载模块:Public

[ 2017-03-07T19:56:04+08:00 ] ::1 /Public/Home/css/common.css.map
ERR: 无法加载模块:Public

[ 2017-03-07T19:56:04+08:00 ] ::1 /Public/Home/images/logo-bottom.png
ERR: 无法加载模块:Public

[ 2017-03-07T19:56:04+08:00 ] ::1 /Public/Home/images/promise.png
ERR: 无法加载模块:Public

[ 2017-03-07T19:56:08+08:00 ] ::1 /Public/Home/thems/default/images/no-img.png
ERR: 无法加载模块:Public

[ 2017-03-07T19:56:08+08:00 ] ::1 /Public/Home/images/icons.png
ERR: 无法加载模块:Public

[ 2017-03-07T19:56:08+08:00 ] ::1 /Public/Home/images/promise.png
ERR: 无法加载模块:Public

[ 2017-03-07T19:56:08+08:00 ] ::1 /Public/Home/images/logo-bottom.png
ERR: 无法加载模块:Public

[ 2017-03-07T19:56:10+08:00 ] ::1 /Public/Home/images/promise.png
ERR: 无法加载模块:Public



[ 2017-03-07T19:56:12+08:00 ] ::1 /Public/Home/thems/default/images/no-img.png
ERR: 无法加载模块:Public

[ 2017-03-07T19:56:12+08:00 ] ::1 /Public/Home/images/icons.png
ERR: 无法加载模块:Public

[ 2017-03-07T20:08:59+08:00 ] ::1 /Public/Home/thems/default/images/no-img.png
ERR: 无法加载模块:Public

[ 2017-03-07T20:08:59+08:00 ] ::1 /Public/Home/images/promise.png
ERR: 无法加载模块:Public

[ 2017-03-07T20:08:59+08:00 ] ::1 /Public/Home/images/icons.png
ERR: 无法加载模块:Public

[ 2017-03-07T20:08:59+08:00 ] ::1 /Public/Home/images/logo-bottom.png
ERR: 无法加载模块:Public

[ 2017-03-07T20:21:09+08:00 ] ::1 /Public/Home/thems/default/images/no-img.png
ERR: 无法加载模块:Public

[ 2017-03-07T20:21:09+08:00 ] ::1 /Public/Home/images/promise.png
ERR: 无法加载模块:Public

[ 2017-03-07T20:21:09+08:00 ] ::1 /Public/Home/images/logo-bottom.png
ERR: 无法加载模块:Public

[ 2017-03-07T20:21:09+08:00 ] ::1 /Public/Home/images/icons.png
ERR: 无法加载模块:Public

[ 2017-03-07T20:21:24+08:00 ] ::1 /Public/Home/css/common.css.map
ERR: 无法加载模块:Public

[ 2017-03-07T20:21:24+08:00 ] ::1 /Public/Home/css/product.css.map
ERR: 无法加载模块:Public

[ 2017-03-07T20:28:43+08:00 ] ::1 /Public/Home/css/common.css.map
ERR: 无法加载模块:Public

[ 2017-03-07T20:28:43+08:00 ] ::1 /Public/Home/thems/default/images/no-img.png
ERR: 无法加载模块:Public

[ 2017-03-07T20:28:43+08:00 ] ::1 /Public/Home/images/icons.png
ERR: 无法加载模块:Public

[ 2017-03-07T20:28:43+08:00 ] ::1 /Public/Home/images/logo-bottom.png
ERR: 无法加载模块:Public

[ 2017-03-07T20:28:43+08:00 ] ::1 /Public/Home/css/product.css.map
ERR: 无法加载模块:Public

[ 2017-03-07T20:28:43+08:00 ] ::1 /Public/Home/images/promise.png
ERR: 无法加载模块:Public

[ 2017-03-07T20:31:21+08:00 ] ::1 /Public/Home/css/common.css.map
ERR: 无法加载模块:Public

[ 2017-03-07T20:31:21+08:00 ] ::1 /Public/Home/images/icons.png
ERR: 无法加载模块:Public

[ 2017-03-07T20:31:21+08:00 ] ::1 /Public/Home/css/product.css.map
ERR: 无法加载模块:Public

[ 2017-03-07T20:31:21+08:00 ] ::1 /Public/Home/thems/default/images/no-img.png
ERR: 无法加载模块:Public

[ 2017-03-07T20:31:21+08:00 ] ::1 /Public/Home/images/promise.png
ERR: 无法加载模块:Public

[ 2017-03-07T20:31:21+08:00 ] ::1 /Public/Home/images/logo-bottom.png
ERR: 无法加载模块:Public

[ 2017-03-07T22:24:30+08:00 ] ::1 /Public/Home/images/promise.png
ERR: 无法加载模块:Public

[ 2017-03-07T22:24:30+08:00 ] ::1 /Public/Home/images/logo-bottom.png
ERR: 无法加载模块:Public

[ 2017-03-07T22:24:35+08:00 ] ::1 /favicon.ico
ERR: 无法加载模块:Favicon

[ 2017-03-07T22:34:31+08:00 ] ::1 /Public/Home/thems/default/images/no-img.png
ERR: 无法加载模块:Public

[ 2017-03-07T22:34:31+08:00 ] ::1 /Public/Home/images/icons.png
ERR: 无法加载模块:Public

[ 2017-03-07T22:34:31+08:00 ] ::1 /Public/Home/images/promise.png
ERR: 无法加载模块:Public

[ 2017-03-07T22:34:31+08:00 ] ::1 /Public/Home/images/logo-bottom.png
ERR: 无法加载模块:Public

[ 2017-03-07T22:34:40+08:00 ] ::1 /Public/Home/images/promise.png
ERR: 无法加载模块:Public

[ 2017-03-07T22:34:40+08:00 ] ::1 /Public/Home/images/logo-bottom.png
ERR: 无法加载模块:Public

[ 2017-03-07T22:34:43+08:00 ] ::1 /Public/Home/thems/default/images/no-img.png
ERR: 无法加载模块:Public

[ 2017-03-07T22:34:43+08:00 ] ::1 /Public/Home/images/logo-bottom.png
ERR: 无法加载模块:Public

[ 2017-03-07T22:34:43+08:00 ] ::1 /Public/Home/images/promise.png
ERR: 无法加载模块:Public

[ 2017-03-07T22:34:43+08:00 ] ::1 /Public/Home/images/icons.png
ERR: 无法加载模块:Public

[ 2017-03-07T22:34:45+08:00 ] ::1 /Public/Home/images/promise.png
ERR: 无法加载模块:Public

[ 2017-03-07T22:34:45+08:00 ] ::1 /Public/Home/images/logo-bottom.png
ERR: 无法加载模块:Public

[ 2017-03-07T22:34:47+08:00 ] ::1 /Public/Home/thems/default/images/no-img.png
ERR: 无法加载模块:Public

[ 2017-03-07T22:34:47+08:00 ] ::1 /Public/Home/images/icons.png
ERR: 无法加载模块:Public

[ 2017-03-07T22:34:47+08:00 ] ::1 /Public/Home/images/promise.png
ERR: 无法加载模块:Public

[ 2017-03-07T22:34:47+08:00 ] ::1 /Public/Home/images/logo-bottom.png
ERR: 无法加载模块:Public

[ 2017-03-07T22:34:54+08:00 ] ::1 /Public/Home/images/promise.png
ERR: 无法加载模块:Public

[ 2017-03-07T22:34:54+08:00 ] ::1 /Public/Home/images/logo-bottom.png
ERR: 无法加载模块:Public

[ 2017-03-07T22:34:58+08:00 ] ::1 /Public/Home/thems/default/images/no-img.png
ERR: 无法加载模块:Public

[ 2017-03-07T22:34:58+08:00 ] ::1 /Public/Home/images/promise.png
ERR: 无法加载模块:Public

[ 2017-03-07T22:34:58+08:00 ] ::1 /Public/Home/images/icons.png
ERR: 无法加载模块:Public

[ 2017-03-07T22:34:58+08:00 ] ::1 /Public/Home/images/logo-bottom.png
ERR: 无法加载模块:Public

