[ 2017-03-05T16:50:33+08:00 ] ::1 /home/Index/css/product.css
ERR: 非法操作:css

[ 2017-03-05T16:50:33+08:00 ] ::1 /home/Index/css/style.css
ERR: 非法操作:css

[ 2017-03-05T16:50:34+08:00 ] ::1 /home/Index/js/artDialog.js?skin=tinysimple
ERR: 非法操作:js

[ 2017-03-05T16:50:34+08:00 ] ::1 /home/Index/js/iframeTools.js
ERR: 非法操作:js

[ 2017-03-05T16:50:34+08:00 ] ::1 /home/Index/js/jquery.enlarge.js
ERR: 非法操作:js

[ 2017-03-05T16:50:34+08:00 ] ::1 /home/Index/css/form.js
ERR: 非法操作:css

[ 2017-03-05T16:50:34+08:00 ] ::1 /home/Index/js/artDialog.js?skin=tinysimple
ERR: 非法操作:js

[ 2017-03-05T16:50:34+08:00 ] ::1 /home/Index/%7Bhead_pic%7D
ERR: 非法操作:{head_pic}

[ 2017-03-05T16:50:34+08:00 ] ::1 /home/Index/js/iframeTools.js
ERR: 非法操作:js

[ 2017-03-05T16:50:34+08:00 ] ::1 /home/Index/css/style.css
ERR: 非法操作:css

[ 2017-03-05T16:50:34+08:00 ] ::1 /home/Index/css/form.js
ERR: 非法操作:css

[ 2017-03-05T16:50:34+08:00 ] ::1 /home/Index/js/jquery.enlarge.js
ERR: 非法操作:js

[ 2017-03-05T16:50:34+08:00 ] ::1 /home/Index/css/product.css
ERR: 非法操作:css

[ 2017-03-05T16:50:34+08:00 ] ::1 /home/Index/%7Bhead_pic%7D
ERR: 非法操作:{head_pic}

[ 2017-03-05T16:50:34+08:00 ] ::1 /index.php?con=index&act=get_ask
INFO: [ app_begin ] --START--
INFO: Run Behavior\ReadHtmlCacheBehavior [ RunTime:0.000378s ]
INFO: [ app_begin ] --END-- [ RunTime:0.000725s ]
INFO: [ view_parse ] --START--
INFO: [ template_filter ] --START--
INFO: Run Behavior\ContentReplaceBehavior [ RunTime:0.000241s ]
INFO: [ template_filter ] --END-- [ RunTime:0.000345s ]
INFO: Run Behavior\ParseTemplateBehavior [ RunTime:0.011832s ]
INFO: [ view_parse ] --END-- [ RunTime:0.011916s ]
INFO: [ view_filter ] --START--
INFO: Run Behavior\WriteHtmlCacheBehavior [ RunTime:0.000310s ]
INFO: [ view_filter ] --END-- [ RunTime:0.000376s ]
INFO: [ app_end ] --START--
INFO: Run Behavior\ShowPageTraceBehavior [ RunTime:0.000443s ]
INFO: [ app_end ] --END-- [ RunTime:0.000520s ]

[ 2017-03-05T16:50:34+08:00 ] ::1 /index.php?con=index&act=get_review
INFO: [ app_begin ] --START--
INFO: Run Behavior\ReadHtmlCacheBehavior [ RunTime:0.000801s ]
INFO: [ app_begin ] --END-- [ RunTime:0.001402s ]
INFO: [ view_parse ] --START--
INFO: [ template_filter ] --START--
INFO: Run Behavior\ContentReplaceBehavior [ RunTime:0.000229s ]
INFO: [ template_filter ] --END-- [ RunTime:0.000316s ]
INFO: Run Behavior\ParseTemplateBehavior [ RunTime:0.012373s ]
INFO: [ view_parse ] --END-- [ RunTime:0.012464s ]
INFO: [ view_filter ] --START--
INFO: Run Behavior\WriteHtmlCacheBehavior [ RunTime:0.000439s ]
INFO: [ view_filter ] --END-- [ RunTime:0.000510s ]
INFO: [ app_end ] --START--
INFO: Run Behavior\ShowPageTraceBehavior [ RunTime:0.000576s ]
INFO: [ app_end ] --END-- [ RunTime:0.000665s ]

[ 2017-03-05T16:50:34+08:00 ] ::1 /index.php?con=index&act=get_review
INFO: [ app_begin ] --START--
INFO: Run Behavior\ReadHtmlCacheBehavior [ RunTime:0.000514s ]
INFO: [ app_begin ] --END-- [ RunTime:0.000870s ]
INFO: [ view_parse ] --START--
INFO: [ template_filter ] --START--
INFO: Run Behavior\ContentReplaceBehavior [ RunTime:0.000228s ]
INFO: [ template_filter ] --END-- [ RunTime:0.000311s ]
INFO: Run Behavior\ParseTemplateBehavior [ RunTime:0.013151s ]
INFO: [ view_parse ] --END-- [ RunTime:0.013241s ]
INFO: [ view_filter ] --START--
INFO: Run Behavior\WriteHtmlCacheBehavior [ RunTime:0.000369s ]
INFO: [ view_filter ] --END-- [ RunTime:0.000445s ]
INFO: [ app_end ] --START--
INFO: Run Behavior\ShowPageTraceBehavior [ RunTime:0.000509s ]
INFO: [ app_end ] --END-- [ RunTime:0.000590s ]

[ 2017-03-05T16:50:34+08:00 ] ::1 /index.php?con=index&act=get_review
INFO: [ app_begin ] --START--
INFO: Run Behavior\ReadHtmlCacheBehavior [ RunTime:0.000521s ]
INFO: [ app_begin ] --END-- [ RunTime:0.000910s ]
INFO: [ view_parse ] --START--
INFO: [ template_filter ] --START--
INFO: Run Behavior\ContentReplaceBehavior [ RunTime:0.000259s ]
INFO: [ template_filter ] --END-- [ RunTime:0.000371s ]
INFO: Run Behavior\ParseTemplateBehavior [ RunTime:0.015767s ]
INFO: [ view_parse ] --END-- [ RunTime:0.015863s ]
INFO: [ view_filter ] --START--
INFO: Run Behavior\WriteHtmlCacheBehavior [ RunTime:0.000414s ]
INFO: [ view_filter ] --END-- [ RunTime:0.000490s ]
INFO: [ app_end ] --START--
INFO: Run Behavior\ShowPageTraceBehavior [ RunTime:0.000588s ]
INFO: [ app_end ] --END-- [ RunTime:0.000666s ]

[ 2017-03-05T16:50:34+08:00 ] ::1 /index.php?con=index&act=get_review
INFO: [ app_begin ] --START--
INFO: Run Behavior\ReadHtmlCacheBehavior [ RunTime:0.000478s ]
INFO: [ app_begin ] --END-- [ RunTime:0.000866s ]
INFO: [ view_parse ] --START--
INFO: [ template_filter ] --START--
INFO: Run Behavior\ContentReplaceBehavior [ RunTime:0.000220s ]
INFO: [ template_filter ] --END-- [ RunTime:0.000308s ]
INFO: Run Behavior\ParseTemplateBehavior [ RunTime:0.016960s ]
INFO: [ view_parse ] --END-- [ RunTime:0.017285s ]
INFO: [ view_filter ] --START--
INFO: Run Behavior\WriteHtmlCacheBehavior [ RunTime:0.001399s ]
INFO: [ view_filter ] --END-- [ RunTime:0.001516s ]
INFO: [ app_end ] --START--
INFO: Run Behavior\ShowPageTraceBehavior [ RunTime:0.000778s ]
INFO: [ app_end ] --END-- [ RunTime:0.000886s ]

[ 2017-03-05T16:53:53+08:00 ] ::1 /home/Index/css/style.css
ERR: 非法操作:css

[ 2017-03-05T16:53:53+08:00 ] ::1 /home/Index/css/product.css
ERR: 非法操作:css

[ 2017-03-05T16:53:53+08:00 ] ::1 /home/Index/js/artDialog.js?skin=tinysimple
ERR: 非法操作:js

[ 2017-03-05T16:53:53+08:00 ] ::1 /home/Index/js/iframeTools.js
ERR: 非法操作:js

[ 2017-03-05T16:53:53+08:00 ] ::1 /home/Index/css/form.js
ERR: 非法操作:css

[ 2017-03-05T16:53:53+08:00 ] ::1 /home/Index/js/jquery.enlarge.js
ERR: 非法操作:js

[ 2017-03-05T16:53:53+08:00 ] ::1 /home/Index/%7Bhead_pic%7D
ERR: 非法操作:{head_pic}

[ 2017-03-05T16:53:53+08:00 ] ::1 /home/Index/css/style.css
ERR: 非法操作:css

[ 2017-03-05T16:53:53+08:00 ] ::1 /home/Index/js/jquery.enlarge.js
ERR: 非法操作:js

[ 2017-03-05T16:53:53+08:00 ] ::1 /home/Index/css/product.css
ERR: 非法操作:css

[ 2017-03-05T16:53:54+08:00 ] ::1 /index.php?con=index&act=get_ask
INFO: [ app_begin ] --START--
INFO: Run Behavior\ReadHtmlCacheBehavior [ RunTime:0.000424s ]
INFO: [ app_begin ] --END-- [ RunTime:0.000848s ]
INFO: [ view_parse ] --START--
INFO: [ template_filter ] --START--
INFO: Run Behavior\ContentReplaceBehavior [ RunTime:0.000216s ]
INFO: [ template_filter ] --END-- [ RunTime:0.000303s ]
INFO: Run Behavior\ParseTemplateBehavior [ RunTime:0.012923s ]
INFO: [ view_parse ] --END-- [ RunTime:0.013007s ]
INFO: [ view_filter ] --START--
INFO: Run Behavior\WriteHtmlCacheBehavior [ RunTime:0.000317s ]
INFO: [ view_filter ] --END-- [ RunTime:0.000393s ]
INFO: [ app_end ] --START--
INFO: Run Behavior\ShowPageTraceBehavior [ RunTime:0.000544s ]
INFO: [ app_end ] --END-- [ RunTime:0.000674s ]

[ 2017-03-05T16:53:54+08:00 ] ::1 /home/Index/%7Bhead_pic%7D
ERR: 非法操作:{head_pic}

[ 2017-03-05T16:53:54+08:00 ] ::1 /index.php?con=index&act=get_review
INFO: [ app_begin ] --START--
INFO: Run Behavior\ReadHtmlCacheBehavior [ RunTime:0.000374s ]
INFO: [ app_begin ] --END-- [ RunTime:0.000704s ]
INFO: [ view_parse ] --START--
INFO: [ template_filter ] --START--
INFO: Run Behavior\ContentReplaceBehavior [ RunTime:0.000228s ]
INFO: [ template_filter ] --END-- [ RunTime:0.000315s ]
INFO: Run Behavior\ParseTemplateBehavior [ RunTime:0.013618s ]
INFO: [ view_parse ] --END-- [ RunTime:0.013710s ]
INFO: [ view_filter ] --START--
INFO: Run Behavior\WriteHtmlCacheBehavior [ RunTime:0.000308s ]
INFO: [ view_filter ] --END-- [ RunTime:0.000378s ]
INFO: [ app_end ] --START--
INFO: Run Behavior\ShowPageTraceBehavior [ RunTime:0.000668s ]
INFO: [ app_end ] --END-- [ RunTime:0.000750s ]

[ 2017-03-05T16:53:54+08:00 ] ::1 /index.php?con=index&act=get_review
INFO: [ app_begin ] --START--
INFO: Run Behavior\ReadHtmlCacheBehavior [ RunTime:0.000453s ]
INFO: [ app_begin ] --END-- [ RunTime:0.000821s ]
INFO: [ view_parse ] --START--
INFO: [ template_filter ] --START--
INFO: Run Behavior\ContentReplaceBehavior [ RunTime:0.000272s ]
INFO: [ template_filter ] --END-- [ RunTime:0.000355s ]
INFO: Run Behavior\ParseTemplateBehavior [ RunTime:0.017155s ]
INFO: [ view_parse ] --END-- [ RunTime:0.017248s ]
INFO: [ view_filter ] --START--
INFO: Run Behavior\WriteHtmlCacheBehavior [ RunTime:0.000377s ]
INFO: [ view_filter ] --END-- [ RunTime:0.000446s ]
INFO: [ app_end ] --START--
INFO: Run Behavior\ShowPageTraceBehavior [ RunTime:0.001073s ]
INFO: [ app_end ] --END-- [ RunTime:0.001279s ]

[ 2017-03-05T16:53:54+08:00 ] ::1 /index.php?con=index&act=get_review
INFO: [ app_begin ] --START--
INFO: Run Behavior\ReadHtmlCacheBehavior [ RunTime:0.000392s ]
INFO: [ app_begin ] --END-- [ RunTime:0.000740s ]
INFO: [ view_parse ] --START--
INFO: [ template_filter ] --START--
INFO: Run Behavior\ContentReplaceBehavior [ RunTime:0.000234s ]
INFO: [ template_filter ] --END-- [ RunTime:0.000320s ]
INFO: Run Behavior\ParseTemplateBehavior [ RunTime:0.014757s ]
INFO: [ view_parse ] --END-- [ RunTime:0.014915s ]
INFO: [ view_filter ] --START--
INFO: Run Behavior\WriteHtmlCacheBehavior [ RunTime:0.000294s ]
INFO: [ view_filter ] --END-- [ RunTime:0.000360s ]
INFO: [ app_end ] --START--
INFO: Run Behavior\ShowPageTraceBehavior [ RunTime:0.000385s ]
INFO: [ app_end ] --END-- [ RunTime:0.000462s ]

[ 2017-03-05T16:53:54+08:00 ] ::1 /index.php?con=index&act=get_review
INFO: [ app_begin ] --START--
INFO: Run Behavior\ReadHtmlCacheBehavior [ RunTime:0.001026s ]
INFO: [ app_begin ] --END-- [ RunTime:0.001907s ]
INFO: [ view_parse ] --START--
INFO: [ template_filter ] --START--
INFO: Run Behavior\ContentReplaceBehavior [ RunTime:0.000216s ]
INFO: [ template_filter ] --END-- [ RunTime:0.000318s ]
INFO: Run Behavior\ParseTemplateBehavior [ RunTime:0.013681s ]
INFO: [ view_parse ] --END-- [ RunTime:0.013772s ]
INFO: [ view_filter ] --START--
INFO: Run Behavior\WriteHtmlCacheBehavior [ RunTime:0.000392s ]
INFO: [ view_filter ] --END-- [ RunTime:0.000461s ]
INFO: [ app_end ] --START--
INFO: Run Behavior\ShowPageTraceBehavior [ RunTime:0.000567s ]
INFO: [ app_end ] --END-- [ RunTime:0.000648s ]

[ 2017-03-05T16:53:54+08:00 ] ::1 /home/Index/css/product.css
ERR: 非法操作:css

[ 2017-03-05T16:53:54+08:00 ] ::1 /home/Index/css/style.css
ERR: 非法操作:css

[ 2017-03-05T16:53:54+08:00 ] ::1 /home/Index/js/artDialog.js?skin=tinysimple
ERR: 非法操作:js

[ 2017-03-05T16:53:54+08:00 ] ::1 /home/Index/css/form.js
ERR: 非法操作:css

[ 2017-03-05T16:53:54+08:00 ] ::1 /home/Index/js/jquery.enlarge.js
ERR: 非法操作:js

[ 2017-03-05T16:53:55+08:00 ] ::1 /home/Index/%7Bhead_pic%7D
ERR: 非法操作:{head_pic}

[ 2017-03-05T16:53:55+08:00 ] ::1 /home/Index/js/iframeTools.js
ERR: 非法操作:js

[ 2017-03-05T16:53:55+08:00 ] ::1 /home/Index/css/form.js
ERR: 非法操作:css

[ 2017-03-05T16:53:55+08:00 ] ::1 /home/Index/css/style.css
ERR: 非法操作:css

[ 2017-03-05T16:53:55+08:00 ] ::1 /home/Index/js/jquery.enlarge.js
ERR: 非法操作:js

[ 2017-03-05T16:53:55+08:00 ] ::1 /home/Index/css/product.css
ERR: 非法操作:css

[ 2017-03-05T16:53:55+08:00 ] ::1 /index.php?con=index&act=get_ask
INFO: [ app_begin ] --START--
INFO: Run Behavior\ReadHtmlCacheBehavior [ RunTime:0.000391s ]
INFO: [ app_begin ] --END-- [ RunTime:0.000718s ]
INFO: [ view_parse ] --START--
INFO: [ template_filter ] --START--
INFO: Run Behavior\ContentReplaceBehavior [ RunTime:0.000236s ]
INFO: [ template_filter ] --END-- [ RunTime:0.000320s ]
INFO: Run Behavior\ParseTemplateBehavior [ RunTime:0.012541s ]
INFO: [ view_parse ] --END-- [ RunTime:0.012620s ]
INFO: [ view_filter ] --START--
INFO: Run Behavior\WriteHtmlCacheBehavior [ RunTime:0.000277s ]
INFO: [ view_filter ] --END-- [ RunTime:0.000352s ]
INFO: [ app_end ] --START--
INFO: Run Behavior\ShowPageTraceBehavior [ RunTime:0.000569s ]
INFO: [ app_end ] --END-- [ RunTime:0.000649s ]

[ 2017-03-05T16:53:55+08:00 ] ::1 /home/Index/%7Bhead_pic%7D
ERR: 非法操作:{head_pic}

[ 2017-03-05T16:53:55+08:00 ] ::1 /index.php?con=index&act=get_review
INFO: [ app_begin ] --START--
INFO: Run Behavior\ReadHtmlCacheBehavior [ RunTime:0.000373s ]
INFO: [ app_begin ] --END-- [ RunTime:0.000696s ]
INFO: [ view_parse ] --START--
INFO: [ template_filter ] --START--
INFO: Run Behavior\ContentReplaceBehavior [ RunTime:0.000244s ]
INFO: [ template_filter ] --END-- [ RunTime:0.000350s ]
INFO: Run Behavior\ParseTemplateBehavior [ RunTime:0.014989s ]
INFO: [ view_parse ] --END-- [ RunTime:0.015257s ]
INFO: [ view_filter ] --START--
INFO: Run Behavior\WriteHtmlCacheBehavior [ RunTime:0.000363s ]
INFO: [ view_filter ] --END-- [ RunTime:0.000436s ]
INFO: [ app_end ] --START--
INFO: Run Behavior\ShowPageTraceBehavior [ RunTime:0.000692s ]
INFO: [ app_end ] --END-- [ RunTime:0.000781s ]

[ 2017-03-05T16:53:55+08:00 ] ::1 /index.php?con=index&act=get_review
INFO: [ app_begin ] --START--
INFO: Run Behavior\ReadHtmlCacheBehavior [ RunTime:0.000489s ]
INFO: [ app_begin ] --END-- [ RunTime:0.000892s ]
INFO: [ view_parse ] --START--
INFO: [ template_filter ] --START--
INFO: Run Behavior\ContentReplaceBehavior [ RunTime:0.000232s ]
INFO: [ template_filter ] --END-- [ RunTime:0.000333s ]
INFO: Run Behavior\ParseTemplateBehavior [ RunTime:0.014937s ]
INFO: [ view_parse ] --END-- [ RunTime:0.015046s ]
INFO: [ view_filter ] --START--
INFO: Run Behavior\WriteHtmlCacheBehavior [ RunTime:0.000530s ]
INFO: [ view_filter ] --END-- [ RunTime:0.000617s ]
INFO: [ app_end ] --START--
INFO: Run Behavior\ShowPageTraceBehavior [ RunTime:0.000792s ]
INFO: [ app_end ] --END-- [ RunTime:0.001039s ]

[ 2017-03-05T16:53:55+08:00 ] ::1 /index.php?con=index&act=get_review
INFO: [ app_begin ] --START--
INFO: Run Behavior\ReadHtmlCacheBehavior [ RunTime:0.000595s ]
INFO: [ app_begin ] --END-- [ RunTime:0.001001s ]
INFO: [ view_parse ] --START--
INFO: [ template_filter ] --START--
INFO: Run Behavior\ContentReplaceBehavior [ RunTime:0.000214s ]
INFO: [ template_filter ] --END-- [ RunTime:0.000295s ]
INFO: Run Behavior\ParseTemplateBehavior [ RunTime:0.017779s ]
INFO: [ view_parse ] --END-- [ RunTime:0.017925s ]
INFO: [ view_filter ] --START--
INFO: Run Behavior\WriteHtmlCacheBehavior [ RunTime:0.001582s ]
INFO: [ view_filter ] --END-- [ RunTime:0.001681s ]
INFO: [ app_end ] --START--
INFO: Run Behavior\ShowPageTraceBehavior [ RunTime:0.002275s ]
INFO: [ app_end ] --END-- [ RunTime:0.002433s ]

[ 2017-03-05T16:53:55+08:00 ] ::1 /index.php?con=index&act=get_review
INFO: [ app_begin ] --START--
INFO: Run Behavior\ReadHtmlCacheBehavior [ RunTime:0.002422s ]
INFO: [ app_begin ] --END-- [ RunTime:0.002776s ]
INFO: [ view_parse ] --START--
INFO: [ template_filter ] --START--
INFO: Run Behavior\ContentReplaceBehavior [ RunTime:0.000345s ]
INFO: [ template_filter ] --END-- [ RunTime:0.000627s ]
INFO: Run Behavior\ParseTemplateBehavior [ RunTime:0.015529s ]
INFO: [ view_parse ] --END-- [ RunTime:0.015800s ]
INFO: [ view_filter ] --START--
INFO: Run Behavior\WriteHtmlCacheBehavior [ RunTime:0.000273s ]
INFO: [ view_filter ] --END-- [ RunTime:0.000336s ]
INFO: [ app_end ] --START--
INFO: Run Behavior\ShowPageTraceBehavior [ RunTime:0.000396s ]
INFO: [ app_end ] --END-- [ RunTime:0.000478s ]

[ 2017-03-05T16:53:55+08:00 ] ::1 /home/Index/css/form.js
ERR: 非法操作:css

[ 2017-03-05T16:53:55+08:00 ] ::1 /home/Index/css/style.css
ERR: 非法操作:css

[ 2017-03-05T16:53:55+08:00 ] ::1 /home/Index/css/product.css
ERR: 非法操作:css

[ 2017-03-05T16:53:55+08:00 ] ::1 /home/Index/js/artDialog.js?skin=tinysimple
ERR: 非法操作:js

[ 2017-03-05T16:53:55+08:00 ] ::1 /home/Index/js/jquery.enlarge.js
ERR: 非法操作:js

[ 2017-03-05T16:53:55+08:00 ] ::1 /home/Index/js/iframeTools.js
ERR: 非法操作:js

[ 2017-03-05T16:53:55+08:00 ] ::1 /home/Index/%7Bhead_pic%7D
ERR: 非法操作:{head_pic}

[ 2017-03-05T16:53:55+08:00 ] ::1 /home/Index/css/form.js
ERR: 非法操作:css

[ 2017-03-05T16:53:55+08:00 ] ::1 /home/Index/css/style.css
ERR: 非法操作:css

[ 2017-03-05T16:53:55+08:00 ] ::1 /home/Index/js/jquery.enlarge.js
ERR: 非法操作:js

[ 2017-03-05T16:53:55+08:00 ] ::1 /home/Index/css/product.css
ERR: 非法操作:css

[ 2017-03-05T16:53:55+08:00 ] ::1 /home/Index/%7Bhead_pic%7D
ERR: 非法操作:{head_pic}

[ 2017-03-05T16:53:55+08:00 ] ::1 /index.php?con=index&act=get_ask
INFO: [ app_begin ] --START--
INFO: Run Behavior\ReadHtmlCacheBehavior [ RunTime:0.000575s ]
INFO: [ app_begin ] --END-- [ RunTime:0.000943s ]
INFO: [ view_parse ] --START--
INFO: [ template_filter ] --START--
INFO: Run Behavior\ContentReplaceBehavior [ RunTime:0.000248s ]
INFO: [ template_filter ] --END-- [ RunTime:0.000354s ]
INFO: Run Behavior\ParseTemplateBehavior [ RunTime:0.012853s ]
INFO: [ view_parse ] --END-- [ RunTime:0.012955s ]
INFO: [ view_filter ] --START--
INFO: Run Behavior\WriteHtmlCacheBehavior [ RunTime:0.000477s ]
INFO: [ view_filter ] --END-- [ RunTime:0.000561s ]
INFO: [ app_end ] --START--
INFO: Run Behavior\ShowPageTraceBehavior [ RunTime:0.000604s ]
INFO: [ app_end ] --END-- [ RunTime:0.000718s ]

[ 2017-03-05T16:53:55+08:00 ] ::1 /index.php?con=index&act=get_review
INFO: [ app_begin ] --START--
INFO: Run Behavior\ReadHtmlCacheBehavior [ RunTime:0.000417s ]
INFO: [ app_begin ] --END-- [ RunTime:0.000920s ]
INFO: [ view_parse ] --START--
INFO: [ template_filter ] --START--
INFO: Run Behavior\ContentReplaceBehavior [ RunTime:0.000226s ]
INFO: [ template_filter ] --END-- [ RunTime:0.000313s ]
INFO: Run Behavior\ParseTemplateBehavior [ RunTime:0.011629s ]
INFO: [ view_parse ] --END-- [ RunTime:0.011736s ]
INFO: [ view_filter ] --START--
INFO: Run Behavior\WriteHtmlCacheBehavior [ RunTime:0.000294s ]
INFO: [ view_filter ] --END-- [ RunTime:0.000372s ]
INFO: [ app_end ] --START--
INFO: Run Behavior\ShowPageTraceBehavior [ RunTime:0.001191s ]
INFO: [ app_end ] --END-- [ RunTime:0.001291s ]

[ 2017-03-05T16:53:55+08:00 ] ::1 /index.php?con=index&act=get_review
INFO: [ app_begin ] --START--
INFO: Run Behavior\ReadHtmlCacheBehavior [ RunTime:0.000575s ]
INFO: [ app_begin ] --END-- [ RunTime:0.000976s ]
INFO: [ view_parse ] --START--
INFO: [ template_filter ] --START--
INFO: Run Behavior\ContentReplaceBehavior [ RunTime:0.000217s ]
INFO: [ template_filter ] --END-- [ RunTime:0.000304s ]
INFO: Run Behavior\ParseTemplateBehavior [ RunTime:0.015674s ]
INFO: [ view_parse ] --END-- [ RunTime:0.015769s ]
INFO: [ view_filter ] --START--
INFO: Run Behavior\WriteHtmlCacheBehavior [ RunTime:0.000327s ]
INFO: [ view_filter ] --END-- [ RunTime:0.000397s ]
INFO: [ app_end ] --START--
INFO: Run Behavior\ShowPageTraceBehavior [ RunTime:0.000491s ]
INFO: [ app_end ] --END-- [ RunTime:0.000569s ]

[ 2017-03-05T16:53:55+08:00 ] ::1 /index.php?con=index&act=get_review
INFO: [ app_begin ] --START--
INFO: Run Behavior\ReadHtmlCacheBehavior [ RunTime:0.000512s ]
INFO: [ app_begin ] --END-- [ RunTime:0.000911s ]
INFO: [ view_parse ] --START--
INFO: [ template_filter ] --START--
INFO: Run Behavior\ContentReplaceBehavior [ RunTime:0.000230s ]
INFO: [ template_filter ] --END-- [ RunTime:0.000318s ]
INFO: Run Behavior\ParseTemplateBehavior [ RunTime:0.018440s ]
INFO: [ view_parse ] --END-- [ RunTime:0.018812s ]
INFO: [ view_filter ] --START--
INFO: Run Behavior\WriteHtmlCacheBehavior [ RunTime:0.000766s ]
INFO: [ view_filter ] --END-- [ RunTime:0.000859s ]
INFO: [ app_end ] --START--
INFO: Run Behavior\ShowPageTraceBehavior [ RunTime:0.000787s ]
INFO: [ app_end ] --END-- [ RunTime:0.000886s ]

[ 2017-03-05T16:53:55+08:00 ] ::1 /index.php?con=index&act=get_review
INFO: [ app_begin ] --START--
INFO: Run Behavior\ReadHtmlCacheBehavior [ RunTime:0.000434s ]
INFO: [ app_begin ] --END-- [ RunTime:0.001954s ]
INFO: [ view_parse ] --START--
INFO: [ template_filter ] --START--
INFO: Run Behavior\ContentReplaceBehavior [ RunTime:0.000218s ]
INFO: [ template_filter ] --END-- [ RunTime:0.000302s ]
INFO: Run Behavior\ParseTemplateBehavior [ RunTime:0.011503s ]
INFO: [ view_parse ] --END-- [ RunTime:0.011648s ]
INFO: [ view_filter ] --START--
INFO: Run Behavior\WriteHtmlCacheBehavior [ RunTime:0.000284s ]
INFO: [ view_filter ] --END-- [ RunTime:0.000350s ]
INFO: [ app_end ] --START--
INFO: Run Behavior\ShowPageTraceBehavior [ RunTime:0.000483s ]
INFO: [ app_end ] --END-- [ RunTime:0.000574s ]

[ 2017-03-05T16:54:08+08:00 ] ::1 /home/Index/css/style.css
ERR: 非法操作:css

[ 2017-03-05T16:54:08+08:00 ] ::1 /home/Index/js/iframeTools.js
ERR: 非法操作:js

[ 2017-03-05T16:54:08+08:00 ] ::1 /home/Index/css/product.css
ERR: 非法操作:css

[ 2017-03-05T16:54:08+08:00 ] ::1 /home/Index/js/artDialog.js?skin=tinysimple
ERR: 非法操作:js

[ 2017-03-05T16:54:08+08:00 ] ::1 /home/Index/css/form.js
ERR: 非法操作:css

[ 2017-03-05T16:54:08+08:00 ] ::1 /home/Index/js/jquery.enlarge.js
ERR: 非法操作:js

[ 2017-03-05T16:54:08+08:00 ] ::1 /home/Index/%7Bhead_pic%7D
ERR: 非法操作:{head_pic}

[ 2017-03-05T16:54:08+08:00 ] ::1 /home/Index/js/iframeTools.js
ERR: 非法操作:js

[ 2017-03-05T16:54:08+08:00 ] ::1 /home/Index/css/form.js
ERR: 非法操作:css

[ 2017-03-05T16:54:08+08:00 ] ::1 /home/Index/css/style.css
ERR: 非法操作:css

[ 2017-03-05T16:54:08+08:00 ] ::1 /home/Index/css/product.css
ERR: 非法操作:css

[ 2017-03-05T16:54:08+08:00 ] ::1 /home/Index/js/jquery.enlarge.js
ERR: 非法操作:js

[ 2017-03-05T16:54:09+08:00 ] ::1 /home/Index/%7Bhead_pic%7D
ERR: 非法操作:{head_pic}

[ 2017-03-05T16:54:09+08:00 ] ::1 /index.php?con=index&act=get_ask
INFO: [ app_begin ] --START--
INFO: Run Behavior\ReadHtmlCacheBehavior [ RunTime:0.000428s ]
INFO: [ app_begin ] --END-- [ RunTime:0.000779s ]
INFO: [ view_parse ] --START--
INFO: [ template_filter ] --START--
INFO: Run Behavior\ContentReplaceBehavior [ RunTime:0.000237s ]
INFO: [ template_filter ] --END-- [ RunTime:0.000324s ]
INFO: Run Behavior\ParseTemplateBehavior [ RunTime:0.011598s ]
INFO: [ view_parse ] --END-- [ RunTime:0.011686s ]
INFO: [ view_filter ] --START--
INFO: Run Behavior\WriteHtmlCacheBehavior [ RunTime:0.000323s ]
INFO: [ view_filter ] --END-- [ RunTime:0.000399s ]
INFO: [ app_end ] --START--
INFO: Run Behavior\ShowPageTraceBehavior [ RunTime:0.000443s ]
INFO: [ app_end ] --END-- [ RunTime:0.000534s ]

[ 2017-03-05T16:54:09+08:00 ] ::1 /index.php?con=index&act=get_review
INFO: [ app_begin ] --START--
INFO: Run Behavior\ReadHtmlCacheBehavior [ RunTime:0.000401s ]
INFO: [ app_begin ] --END-- [ RunTime:0.000791s ]
INFO: [ view_parse ] --START--
INFO: [ template_filter ] --START--
INFO: Run Behavior\ContentReplaceBehavior [ RunTime:0.000220s ]
INFO: [ template_filter ] --END-- [ RunTime:0.000308s ]
INFO: Run Behavior\ParseTemplateBehavior [ RunTime:0.011911s ]
INFO: [ view_parse ] --END-- [ RunTime:0.012022s ]
INFO: [ view_filter ] --START--
INFO: Run Behavior\WriteHtmlCacheBehavior [ RunTime:0.000299s ]
INFO: [ view_filter ] --END-- [ RunTime:0.000368s ]
INFO: [ app_end ] --START--
INFO: Run Behavior\ShowPageTraceBehavior [ RunTime:0.000449s ]
INFO: [ app_end ] --END-- [ RunTime:0.000548s ]

[ 2017-03-05T16:54:09+08:00 ] ::1 /index.php?con=index&act=get_review
INFO: [ app_begin ] --START--
INFO: Run Behavior\ReadHtmlCacheBehavior [ RunTime:0.000629s ]
INFO: [ app_begin ] --END-- [ RunTime:0.001084s ]
INFO: [ view_parse ] --START--
INFO: [ template_filter ] --START--
INFO: Run Behavior\ContentReplaceBehavior [ RunTime:0.000239s ]
INFO: [ template_filter ] --END-- [ RunTime:0.000330s ]
INFO: Run Behavior\ParseTemplateBehavior [ RunTime:0.014205s ]
INFO: [ view_parse ] --END-- [ RunTime:0.014315s ]
INFO: [ view_filter ] --START--
INFO: Run Behavior\WriteHtmlCacheBehavior [ RunTime:0.000360s ]
INFO: [ view_filter ] --END-- [ RunTime:0.000429s ]
INFO: [ app_end ] --START--
INFO: Run Behavior\ShowPageTraceBehavior [ RunTime:0.000662s ]
INFO: [ app_end ] --END-- [ RunTime:0.000756s ]

[ 2017-03-05T16:54:09+08:00 ] ::1 /index.php?con=index&act=get_review
INFO: [ app_begin ] --START--
INFO: Run Behavior\ReadHtmlCacheBehavior [ RunTime:0.000561s ]
INFO: [ app_begin ] --END-- [ RunTime:0.001050s ]
INFO: [ view_parse ] --START--
INFO: [ template_filter ] --START--
INFO: Run Behavior\ContentReplaceBehavior [ RunTime:0.000219s ]
INFO: [ template_filter ] --END-- [ RunTime:0.000311s ]
INFO: Run Behavior\ParseTemplateBehavior [ RunTime:0.016493s ]
INFO: [ view_parse ] --END-- [ RunTime:0.016582s ]
INFO: [ view_filter ] --START--
INFO: Run Behavior\WriteHtmlCacheBehavior [ RunTime:0.000353s ]
INFO: [ view_filter ] --END-- [ RunTime:0.000420s ]
INFO: [ app_end ] --START--
INFO: Run Behavior\ShowPageTraceBehavior [ RunTime:0.000566s ]
INFO: [ app_end ] --END-- [ RunTime:0.000657s ]

[ 2017-03-05T16:54:09+08:00 ] ::1 /index.php?con=index&act=get_review
INFO: [ app_begin ] --START--
INFO: Run Behavior\ReadHtmlCacheBehavior [ RunTime:0.001448s ]
INFO: [ app_begin ] --END-- [ RunTime:0.002056s ]
INFO: [ view_parse ] --START--
INFO: [ template_filter ] --START--
INFO: Run Behavior\ContentReplaceBehavior [ RunTime:0.000265s ]
INFO: [ template_filter ] --END-- [ RunTime:0.000372s ]
INFO: Run Behavior\ParseTemplateBehavior [ RunTime:0.020525s ]
INFO: [ view_parse ] --END-- [ RunTime:0.020708s ]
INFO: [ view_filter ] --START--
INFO: Run Behavior\WriteHtmlCacheBehavior [ RunTime:0.000552s ]
INFO: [ view_filter ] --END-- [ RunTime:0.000633s ]
INFO: [ app_end ] --START--
INFO: Run Behavior\ShowPageTraceBehavior [ RunTime:0.000698s ]
INFO: [ app_end ] --END-- [ RunTime:0.000887s ]

[ 2017-03-05T16:54:09+08:00 ] ::1 /home/Index/css/product.css
ERR: 非法操作:css

[ 2017-03-05T16:54:09+08:00 ] ::1 /home/Index/css/style.css
ERR: 非法操作:css

[ 2017-03-05T16:54:09+08:00 ] ::1 /home/Index/js/artDialog.js?skin=tinysimple
ERR: 非法操作:js

[ 2017-03-05T16:54:09+08:00 ] ::1 /home/Index/js/jquery.enlarge.js
ERR: 非法操作:js

[ 2017-03-05T16:54:09+08:00 ] ::1 /home/Index/%7Bhead_pic%7D
ERR: 非法操作:{head_pic}

[ 2017-03-05T16:54:09+08:00 ] ::1 /home/Index/css/form.js
ERR: 非法操作:css

[ 2017-03-05T16:54:09+08:00 ] ::1 /home/Index/js/iframeTools.js
ERR: 非法操作:js

[ 2017-03-05T16:54:09+08:00 ] ::1 /home/Index/css/form.js
ERR: 非法操作:css

[ 2017-03-05T16:54:09+08:00 ] ::1 /home/Index/css/style.css
ERR: 非法操作:css

[ 2017-03-05T16:54:09+08:00 ] ::1 /home/Index/js/jquery.enlarge.js
ERR: 非法操作:js

[ 2017-03-05T16:54:09+08:00 ] ::1 /home/Index/css/product.css
ERR: 非法操作:css

[ 2017-03-05T16:54:09+08:00 ] ::1 /index.php?con=index&act=get_review
INFO: [ app_begin ] --START--
INFO: Run Behavior\ReadHtmlCacheBehavior [ RunTime:0.000401s ]
INFO: [ app_begin ] --END-- [ RunTime:0.000821s ]
INFO: [ view_parse ] --START--
INFO: [ template_filter ] --START--
INFO: Run Behavior\ContentReplaceBehavior [ RunTime:0.000268s ]
INFO: [ template_filter ] --END-- [ RunTime:0.000424s ]
INFO: Run Behavior\ParseTemplateBehavior [ RunTime:0.012369s ]
INFO: [ view_parse ] --END-- [ RunTime:0.012458s ]
INFO: [ view_filter ] --START--
INFO: Run Behavior\WriteHtmlCacheBehavior [ RunTime:0.000447s ]
INFO: [ view_filter ] --END-- [ RunTime:0.000540s ]
INFO: [ app_end ] --START--
INFO: Run Behavior\ShowPageTraceBehavior [ RunTime:0.000789s ]
INFO: [ app_end ] --END-- [ RunTime:0.000895s ]

[ 2017-03-05T16:54:09+08:00 ] ::1 /index.php?con=index&act=get_ask
INFO: [ app_begin ] --START--
INFO: Run Behavior\ReadHtmlCacheBehavior [ RunTime:0.000514s ]
INFO: [ app_begin ] --END-- [ RunTime:0.000902s ]
INFO: [ view_parse ] --START--
INFO: [ template_filter ] --START--
INFO: Run Behavior\ContentReplaceBehavior [ RunTime:0.000245s ]
INFO: [ template_filter ] --END-- [ RunTime:0.000379s ]
INFO: Run Behavior\ParseTemplateBehavior [ RunTime:0.014214s ]
INFO: [ view_parse ] --END-- [ RunTime:0.014314s ]
INFO: [ view_filter ] --START--
INFO: Run Behavior\WriteHtmlCacheBehavior [ RunTime:0.000442s ]
INFO: [ view_filter ] --END-- [ RunTime:0.000525s ]
INFO: [ app_end ] --START--
INFO: Run Behavior\ShowPageTraceBehavior [ RunTime:0.000530s ]
INFO: [ app_end ] --END-- [ RunTime:0.000620s ]

[ 2017-03-05T16:54:09+08:00 ] ::1 /index.php?con=index&act=get_review
INFO: [ app_begin ] --START--
INFO: Run Behavior\ReadHtmlCacheBehavior [ RunTime:0.000429s ]
INFO: [ app_begin ] --END-- [ RunTime:0.001097s ]
INFO: [ view_parse ] --START--
INFO: [ template_filter ] --START--
INFO: Run Behavior\ContentReplaceBehavior [ RunTime:0.000265s ]
INFO: [ template_filter ] --END-- [ RunTime:0.000393s ]
INFO: Run Behavior\ParseTemplateBehavior [ RunTime:0.015110s ]
INFO: [ view_parse ] --END-- [ RunTime:0.015382s ]
INFO: [ view_filter ] --START--
INFO: Run Behavior\WriteHtmlCacheBehavior [ RunTime:0.000908s ]
INFO: [ view_filter ] --END-- [ RunTime:0.001081s ]
INFO: [ app_end ] --START--
INFO: Run Behavior\ShowPageTraceBehavior [ RunTime:0.002217s ]
INFO: [ app_end ] --END-- [ RunTime:0.002539s ]

[ 2017-03-05T16:54:09+08:00 ] ::1 /home/Index/%7Bhead_pic%7D
ERR: 非法操作:{head_pic}

[ 2017-03-05T16:54:09+08:00 ] ::1 /index.php?con=index&act=get_review
INFO: [ app_begin ] --START--
INFO: Run Behavior\ReadHtmlCacheBehavior [ RunTime:0.000542s ]
INFO: [ app_begin ] --END-- [ RunTime:0.001030s ]
INFO: [ view_parse ] --START--
INFO: [ template_filter ] --START--
INFO: Run Behavior\ContentReplaceBehavior [ RunTime:0.000225s ]
INFO: [ template_filter ] --END-- [ RunTime:0.000321s ]
INFO: Run Behavior\ParseTemplateBehavior [ RunTime:0.013317s ]
INFO: [ view_parse ] --END-- [ RunTime:0.013480s ]
INFO: [ view_filter ] --START--
INFO: Run Behavior\WriteHtmlCacheBehavior [ RunTime:0.000427s ]
INFO: [ view_filter ] --END-- [ RunTime:0.000525s ]
INFO: [ app_end ] --START--
INFO: Run Behavior\ShowPageTraceBehavior [ RunTime:0.000795s ]
INFO: [ app_end ] --END-- [ RunTime:0.000932s ]

[ 2017-03-05T16:54:09+08:00 ] ::1 /index.php?con=index&act=get_review
INFO: [ app_begin ] --START--
INFO: Run Behavior\ReadHtmlCacheBehavior [ RunTime:0.000716s ]
INFO: [ app_begin ] --END-- [ RunTime:0.001297s ]
INFO: [ view_parse ] --START--
INFO: [ template_filter ] --START--
INFO: Run Behavior\ContentReplaceBehavior [ RunTime:0.000386s ]
INFO: [ template_filter ] --END-- [ RunTime:0.000593s ]
INFO: Run Behavior\ParseTemplateBehavior [ RunTime:0.012994s ]
INFO: [ view_parse ] --END-- [ RunTime:0.013092s ]
INFO: [ view_filter ] --START--
INFO: Run Behavior\WriteHtmlCacheBehavior [ RunTime:0.000299s ]
INFO: [ view_filter ] --END-- [ RunTime:0.000375s ]
INFO: [ app_end ] --START--
INFO: Run Behavior\ShowPageTraceBehavior [ RunTime:0.000561s ]
INFO: [ app_end ] --END-- [ RunTime:0.000681s ]

[ 2017-03-05T16:54:46+08:00 ] ::1 /home/Index/js/artDialog.js?skin=tinysimple
ERR: 非法操作:js

[ 2017-03-05T16:54:46+08:00 ] ::1 /home/Index/js/iframeTools.js
ERR: 非法操作:js

[ 2017-03-05T16:54:46+08:00 ] ::1 /home/Index/css/style.css
ERR: 非法操作:css

[ 2017-03-05T16:54:46+08:00 ] ::1 /home/Index/css/product.css
ERR: 非法操作:css

[ 2017-03-05T16:54:46+08:00 ] ::1 /home/Index/js/jquery.enlarge.js
ERR: 非法操作:js

[ 2017-03-05T16:54:46+08:00 ] ::1 /home/Index/css/form.js
ERR: 非法操作:css

[ 2017-03-05T16:54:46+08:00 ] ::1 /home/Index/%7Bhead_pic%7D
ERR: 非法操作:{head_pic}

[ 2017-03-05T16:54:46+08:00 ] ::1 /home/Index/js/artDialog.js?skin=tinysimple
ERR: 非法操作:js

[ 2017-03-05T16:54:46+08:00 ] ::1 /home/Index/js/iframeTools.js
ERR: 非法操作:js

[ 2017-03-05T16:54:46+08:00 ] ::1 /home/Index/css/style.css
ERR: 非法操作:css

[ 2017-03-05T16:54:46+08:00 ] ::1 /home/Index/css/form.js
ERR: 非法操作:css

[ 2017-03-05T16:54:46+08:00 ] ::1 /home/Index/js/jquery.enlarge.js
ERR: 非法操作:js

[ 2017-03-05T16:54:46+08:00 ] ::1 /home/Index/css/product.css
ERR: 非法操作:css

[ 2017-03-05T16:54:46+08:00 ] ::1 /home/Index/%7Bhead_pic%7D
ERR: 非法操作:{head_pic}

[ 2017-03-05T16:54:46+08:00 ] ::1 /index.php?con=index&act=get_ask
INFO: [ app_begin ] --START--
INFO: Run Behavior\ReadHtmlCacheBehavior [ RunTime:0.000472s ]
INFO: [ app_begin ] --END-- [ RunTime:0.000823s ]
INFO: [ view_parse ] --START--
INFO: [ template_filter ] --START--
INFO: Run Behavior\ContentReplaceBehavior [ RunTime:0.000267s ]
INFO: [ template_filter ] --END-- [ RunTime:0.000366s ]
INFO: Run Behavior\ParseTemplateBehavior [ RunTime:0.013551s ]
INFO: [ view_parse ] --END-- [ RunTime:0.013817s ]
INFO: [ view_filter ] --START--
INFO: Run Behavior\WriteHtmlCacheBehavior [ RunTime:0.001457s ]
INFO: [ view_filter ] --END-- [ RunTime:0.001627s ]
INFO: [ app_end ] --START--
INFO: Run Behavior\ShowPageTraceBehavior [ RunTime:0.000496s ]
INFO: [ app_end ] --END-- [ RunTime:0.000585s ]

[ 2017-03-05T16:54:46+08:00 ] ::1 /index.php?con=index&act=get_review
INFO: [ app_begin ] --START--
INFO: Run Behavior\ReadHtmlCacheBehavior [ RunTime:0.000484s ]
INFO: [ app_begin ] --END-- [ RunTime:0.000862s ]
INFO: [ view_parse ] --START--
INFO: [ template_filter ] --START--
INFO: Run Behavior\ContentReplaceBehavior [ RunTime:0.000311s ]
INFO: [ template_filter ] --END-- [ RunTime:0.000498s ]
INFO: Run Behavior\ParseTemplateBehavior [ RunTime:0.015689s ]
INFO: [ view_parse ] --END-- [ RunTime:0.015826s ]
INFO: [ view_filter ] --START--
INFO: Run Behavior\WriteHtmlCacheBehavior [ RunTime:0.000853s ]
INFO: [ view_filter ] --END-- [ RunTime:0.001003s ]
INFO: [ app_end ] --START--
INFO: Run Behavior\ShowPageTraceBehavior [ RunTime:0.000830s ]
INFO: [ app_end ] --END-- [ RunTime:0.000947s ]

[ 2017-03-05T16:54:46+08:00 ] ::1 /index.php?con=index&act=get_review
INFO: [ app_begin ] --START--
INFO: Run Behavior\ReadHtmlCacheBehavior [ RunTime:0.000375s ]
INFO: [ app_begin ] --END-- [ RunTime:0.000708s ]
INFO: [ view_parse ] --START--
INFO: [ template_filter ] --START--
INFO: Run Behavior\ContentReplaceBehavior [ RunTime:0.000341s ]
INFO: [ template_filter ] --END-- [ RunTime:0.000488s ]
INFO: Run Behavior\ParseTemplateBehavior [ RunTime:0.016723s ]
INFO: [ view_parse ] --END-- [ RunTime:0.016901s ]
INFO: [ view_filter ] --START--
INFO: Run Behavior\WriteHtmlCacheBehavior [ RunTime:0.000508s ]
INFO: [ view_filter ] --END-- [ RunTime:0.000583s ]
INFO: [ app_end ] --START--
INFO: Run Behavior\ShowPageTraceBehavior [ RunTime:0.000752s ]
INFO: [ app_end ] --END-- [ RunTime:0.000892s ]

[ 2017-03-05T16:54:46+08:00 ] ::1 /index.php?con=index&act=get_review
INFO: [ app_begin ] --START--
INFO: Run Behavior\ReadHtmlCacheBehavior [ RunTime:0.000397s ]
INFO: [ app_begin ] --END-- [ RunTime:0.000850s ]
INFO: [ view_parse ] --START--
INFO: [ template_filter ] --START--
INFO: Run Behavior\ContentReplaceBehavior [ RunTime:0.000219s ]
INFO: [ template_filter ] --END-- [ RunTime:0.000308s ]
INFO: Run Behavior\ParseTemplateBehavior [ RunTime:0.015098s ]
INFO: [ view_parse ] --END-- [ RunTime:0.015236s ]
INFO: [ view_filter ] --START--
INFO: Run Behavior\WriteHtmlCacheBehavior [ RunTime:0.000266s ]
INFO: [ view_filter ] --END-- [ RunTime:0.000338s ]
INFO: [ app_end ] --START--
INFO: Run Behavior\ShowPageTraceBehavior [ RunTime:0.000429s ]
INFO: [ app_end ] --END-- [ RunTime:0.000503s ]

[ 2017-03-05T16:54:46+08:00 ] ::1 /index.php?con=index&act=get_review
INFO: [ app_begin ] --START--
INFO: Run Behavior\ReadHtmlCacheBehavior [ RunTime:0.000492s ]
INFO: [ app_begin ] --END-- [ RunTime:0.001054s ]
INFO: [ view_parse ] --START--
INFO: [ template_filter ] --START--
INFO: Run Behavior\ContentReplaceBehavior [ RunTime:0.000215s ]
INFO: [ template_filter ] --END-- [ RunTime:0.000299s ]
INFO: Run Behavior\ParseTemplateBehavior [ RunTime:0.012687s ]
INFO: [ view_parse ] --END-- [ RunTime:0.012780s ]
INFO: [ view_filter ] --START--
INFO: Run Behavior\WriteHtmlCacheBehavior [ RunTime:0.000279s ]
INFO: [ view_filter ] --END-- [ RunTime:0.000349s ]
INFO: [ app_end ] --START--
INFO: Run Behavior\ShowPageTraceBehavior [ RunTime:0.000485s ]
INFO: [ app_end ] --END-- [ RunTime:0.000566s ]

[ 2017-03-05T16:58:19+08:00 ] ::1 /home/Index/js/artDialog.js?skin=tinysimple
ERR: 非法操作:js

[ 2017-03-05T16:58:19+08:00 ] ::1 /home/Index/js/jquery.enlarge.js
ERR: 非法操作:js

[ 2017-03-05T16:58:19+08:00 ] ::1 /home/Index/js/artDialog.js?skin=tinysimple
ERR: 非法操作:js

[ 2017-03-05T16:58:19+08:00 ] ::1 /home/Index/%7Bhead_pic%7D
ERR: 非法操作:{head_pic}

[ 2017-03-05T16:58:19+08:00 ] ::1 /home/Index/js/jquery.enlarge.js
ERR: 非法操作:js

[ 2017-03-05T16:58:19+08:00 ] ::1 /index.php?con=index&act=get_ask
INFO: [ app_begin ] --START--
INFO: Run Behavior\ReadHtmlCacheBehavior [ RunTime:0.000522s ]
INFO: [ app_begin ] --END-- [ RunTime:0.000885s ]
INFO: [ view_parse ] --START--
INFO: [ template_filter ] --START--
INFO: Run Behavior\ContentReplaceBehavior [ RunTime:0.000224s ]
INFO: [ template_filter ] --END-- [ RunTime:0.000320s ]
INFO: Run Behavior\ParseTemplateBehavior [ RunTime:0.012797s ]
INFO: [ view_parse ] --END-- [ RunTime:0.012899s ]
INFO: [ view_filter ] --START--
INFO: Run Behavior\WriteHtmlCacheBehavior [ RunTime:0.000438s ]
INFO: [ view_filter ] --END-- [ RunTime:0.000506s ]
INFO: [ app_end ] --START--
INFO: Run Behavior\ShowPageTraceBehavior [ RunTime:0.000640s ]
INFO: [ app_end ] --END-- [ RunTime:0.000728s ]

[ 2017-03-05T16:58:19+08:00 ] ::1 /index.php?con=index&act=get_review
INFO: [ app_begin ] --START--
INFO: Run Behavior\ReadHtmlCacheBehavior [ RunTime:0.000568s ]
INFO: [ app_begin ] --END-- [ RunTime:0.001368s ]
INFO: [ view_parse ] --START--
INFO: [ template_filter ] --START--
INFO: Run Behavior\ContentReplaceBehavior [ RunTime:0.000232s ]
INFO: [ template_filter ] --END-- [ RunTime:0.000317s ]
INFO: Run Behavior\ParseTemplateBehavior [ RunTime:0.013460s ]
INFO: [ view_parse ] --END-- [ RunTime:0.013592s ]
INFO: [ view_filter ] --START--
INFO: Run Behavior\WriteHtmlCacheBehavior [ RunTime:0.000477s ]
INFO: [ view_filter ] --END-- [ RunTime:0.000554s ]
INFO: [ app_end ] --START--
INFO: Run Behavior\ShowPageTraceBehavior [ RunTime:0.000564s ]
INFO: [ app_end ] --END-- [ RunTime:0.000676s ]

[ 2017-03-05T16:58:19+08:00 ] ::1 /index.php?con=index&act=get_review
INFO: [ app_begin ] --START--
INFO: Run Behavior\ReadHtmlCacheBehavior [ RunTime:0.000415s ]
INFO: [ app_begin ] --END-- [ RunTime:0.000798s ]
INFO: [ view_parse ] --START--
INFO: [ template_filter ] --START--
INFO: Run Behavior\ContentReplaceBehavior [ RunTime:0.000215s ]
INFO: [ template_filter ] --END-- [ RunTime:0.000297s ]
INFO: Run Behavior\ParseTemplateBehavior [ RunTime:0.013438s ]
INFO: [ view_parse ] --END-- [ RunTime:0.013581s ]
INFO: [ view_filter ] --START--
INFO: Run Behavior\WriteHtmlCacheBehavior [ RunTime:0.000314s ]
INFO: [ view_filter ] --END-- [ RunTime:0.000378s ]
INFO: [ app_end ] --START--
INFO: Run Behavior\ShowPageTraceBehavior [ RunTime:0.000476s ]
INFO: [ app_end ] --END-- [ RunTime:0.000558s ]

[ 2017-03-05T16:58:19+08:00 ] ::1 /home/Index/%7Bhead_pic%7D
ERR: 非法操作:{head_pic}

[ 2017-03-05T16:58:19+08:00 ] ::1 /index.php?con=index&act=get_review
INFO: [ app_begin ] --START--
INFO: Run Behavior\ReadHtmlCacheBehavior [ RunTime:0.000591s ]
INFO: [ app_begin ] --END-- [ RunTime:0.000999s ]
INFO: [ view_parse ] --START--
INFO: [ template_filter ] --START--
INFO: Run Behavior\ContentReplaceBehavior [ RunTime:0.000217s ]
INFO: [ template_filter ] --END-- [ RunTime:0.000308s ]
INFO: Run Behavior\ParseTemplateBehavior [ RunTime:0.013534s ]
INFO: [ view_parse ] --END-- [ RunTime:0.013620s ]
INFO: [ view_filter ] --START--
INFO: Run Behavior\WriteHtmlCacheBehavior [ RunTime:0.000353s ]
INFO: [ view_filter ] --END-- [ RunTime:0.000418s ]
INFO: [ app_end ] --START--
INFO: Run Behavior\ShowPageTraceBehavior [ RunTime:0.000513s ]
INFO: [ app_end ] --END-- [ RunTime:0.000589s ]

[ 2017-03-05T16:58:19+08:00 ] ::1 /index.php?con=index&act=get_review
INFO: [ app_begin ] --START--
INFO: Run Behavior\ReadHtmlCacheBehavior [ RunTime:0.000856s ]
INFO: [ app_begin ] --END-- [ RunTime:0.001715s ]
INFO: [ view_parse ] --START--
INFO: [ template_filter ] --START--
INFO: Run Behavior\ContentReplaceBehavior [ RunTime:0.000228s ]
INFO: [ template_filter ] --END-- [ RunTime:0.000352s ]
INFO: Run Behavior\ParseTemplateBehavior [ RunTime:0.015548s ]
INFO: [ view_parse ] --END-- [ RunTime:0.015640s ]
INFO: [ view_filter ] --START--
INFO: Run Behavior\WriteHtmlCacheBehavior [ RunTime:0.000359s ]
INFO: [ view_filter ] --END-- [ RunTime:0.000428s ]
INFO: [ app_end ] --START--
INFO: Run Behavior\ShowPageTraceBehavior [ RunTime:0.000487s ]
INFO: [ app_end ] --END-- [ RunTime:0.000562s ]

[ 2017-03-05T16:58:20+08:00 ] ::1 /home/Index/js/jquery.enlarge.js
ERR: 非法操作:js

[ 2017-03-05T16:58:20+08:00 ] ::1 /home/Index/%7Bhead_pic%7D
ERR: 非法操作:{head_pic}

[ 2017-03-05T16:58:20+08:00 ] ::1 /home/Index/js/artDialog.js?skin=tinysimple
ERR: 非法操作:js

[ 2017-03-05T16:58:20+08:00 ] ::1 /home/Index/js/jquery.enlarge.js
ERR: 非法操作:js

[ 2017-03-05T16:58:20+08:00 ] ::1 /home/Index/%7Bhead_pic%7D
ERR: 非法操作:{head_pic}

[ 2017-03-05T16:58:20+08:00 ] ::1 /index.php?con=index&act=get_ask
INFO: [ app_begin ] --START--
INFO: Run Behavior\ReadHtmlCacheBehavior [ RunTime:0.001215s ]
INFO: [ app_begin ] --END-- [ RunTime:0.002383s ]
INFO: [ view_parse ] --START--
INFO: [ template_filter ] --START--
INFO: Run Behavior\ContentReplaceBehavior [ RunTime:0.000236s ]
INFO: [ template_filter ] --END-- [ RunTime:0.000329s ]
INFO: Run Behavior\ParseTemplateBehavior [ RunTime:0.015948s ]
INFO: [ view_parse ] --END-- [ RunTime:0.016073s ]
INFO: [ view_filter ] --START--
INFO: Run Behavior\WriteHtmlCacheBehavior [ RunTime:0.000310s ]
INFO: [ view_filter ] --END-- [ RunTime:0.000400s ]
INFO: [ app_end ] --START--
INFO: Run Behavior\ShowPageTraceBehavior [ RunTime:0.000502s ]
INFO: [ app_end ] --END-- [ RunTime:0.000582s ]

[ 2017-03-05T16:58:20+08:00 ] ::1 /index.php?con=index&act=get_review
INFO: [ app_begin ] --START--
INFO: Run Behavior\ReadHtmlCacheBehavior [ RunTime:0.000419s ]
INFO: [ app_begin ] --END-- [ RunTime:0.001622s ]
INFO: [ view_parse ] --START--
INFO: [ template_filter ] --START--
INFO: Run Behavior\ContentReplaceBehavior [ RunTime:0.000215s ]
INFO: [ template_filter ] --END-- [ RunTime:0.000298s ]
INFO: Run Behavior\ParseTemplateBehavior [ RunTime:0.015115s ]
INFO: [ view_parse ] --END-- [ RunTime:0.015241s ]
INFO: [ view_filter ] --START--
INFO: Run Behavior\WriteHtmlCacheBehavior [ RunTime:0.000282s ]
INFO: [ view_filter ] --END-- [ RunTime:0.000352s ]
INFO: [ app_end ] --START--
INFO: Run Behavior\ShowPageTraceBehavior [ RunTime:0.000416s ]
INFO: [ app_end ] --END-- [ RunTime:0.000490s ]

[ 2017-03-05T16:58:20+08:00 ] ::1 /index.php?con=index&act=get_review
INFO: [ app_begin ] --START--
INFO: Run Behavior\ReadHtmlCacheBehavior [ RunTime:0.000387s ]
INFO: [ app_begin ] --END-- [ RunTime:0.000760s ]
INFO: [ view_parse ] --START--
INFO: [ template_filter ] --START--
INFO: Run Behavior\ContentReplaceBehavior [ RunTime:0.000215s ]
INFO: [ template_filter ] --END-- [ RunTime:0.000293s ]
INFO: Run Behavior\ParseTemplateBehavior [ RunTime:0.011066s ]
INFO: [ view_parse ] --END-- [ RunTime:0.011213s ]
INFO: [ view_filter ] --START--
INFO: Run Behavior\WriteHtmlCacheBehavior [ RunTime:0.000256s ]
INFO: [ view_filter ] --END-- [ RunTime:0.000321s ]
INFO: [ app_end ] --START--
INFO: Run Behavior\ShowPageTraceBehavior [ RunTime:0.000388s ]
INFO: [ app_end ] --END-- [ RunTime:0.000464s ]

[ 2017-03-05T16:58:20+08:00 ] ::1 /index.php?con=index&act=get_review
INFO: [ app_begin ] --START--
INFO: Run Behavior\ReadHtmlCacheBehavior [ RunTime:0.000467s ]
INFO: [ app_begin ] --END-- [ RunTime:0.000850s ]
INFO: [ view_parse ] --START--
INFO: [ template_filter ] --START--
INFO: Run Behavior\ContentReplaceBehavior [ RunTime:0.000225s ]
INFO: [ template_filter ] --END-- [ RunTime:0.000306s ]
INFO: Run Behavior\ParseTemplateBehavior [ RunTime:0.015561s ]
INFO: [ view_parse ] --END-- [ RunTime:0.015649s ]
INFO: [ view_filter ] --START--
INFO: Run Behavior\WriteHtmlCacheBehavior [ RunTime:0.000347s ]
INFO: [ view_filter ] --END-- [ RunTime:0.000417s ]
INFO: [ app_end ] --START--
INFO: Run Behavior\ShowPageTraceBehavior [ RunTime:0.000743s ]
INFO: [ app_end ] --END-- [ RunTime:0.000944s ]

[ 2017-03-05T16:58:20+08:00 ] ::1 /index.php?con=index&act=get_review
INFO: [ app_begin ] --START--
INFO: Run Behavior\ReadHtmlCacheBehavior [ RunTime:0.001120s ]
INFO: [ app_begin ] --END-- [ RunTime:0.001809s ]
INFO: [ view_parse ] --START--
INFO: [ template_filter ] --START--
INFO: Run Behavior\ContentReplaceBehavior [ RunTime:0.000331s ]
INFO: [ template_filter ] --END-- [ RunTime:0.000538s ]
INFO: Run Behavior\ParseTemplateBehavior [ RunTime:0.015661s ]
INFO: [ view_parse ] --END-- [ RunTime:0.015765s ]
INFO: [ view_filter ] --START--
INFO: Run Behavior\WriteHtmlCacheBehavior [ RunTime:0.000445s ]
INFO: [ view_filter ] --END-- [ RunTime:0.000513s ]
INFO: [ app_end ] --START--
INFO: Run Behavior\ShowPageTraceBehavior [ RunTime:0.000638s ]
INFO: [ app_end ] --END-- [ RunTime:0.000721s ]

[ 2017-03-05T16:58:20+08:00 ] ::1 /home/Index/js/jquery.enlarge.js
ERR: 非法操作:js

[ 2017-03-05T16:58:20+08:00 ] ::1 /home/Index/%7Bhead_pic%7D
ERR: 非法操作:{head_pic}

[ 2017-03-05T16:58:20+08:00 ] ::1 /home/Index/js/artDialog.js?skin=tinysimple
ERR: 非法操作:js

[ 2017-03-05T16:58:20+08:00 ] ::1 /home/Index/js/jquery.enlarge.js
ERR: 非法操作:js

[ 2017-03-05T16:58:20+08:00 ] ::1 /index.php?con=index&act=get_ask
INFO: [ app_begin ] --START--
INFO: Run Behavior\ReadHtmlCacheBehavior [ RunTime:0.000370s ]
INFO: [ app_begin ] --END-- [ RunTime:0.000703s ]
INFO: [ view_parse ] --START--
INFO: [ template_filter ] --START--
INFO: Run Behavior\ContentReplaceBehavior [ RunTime:0.000234s ]
INFO: [ template_filter ] --END-- [ RunTime:0.000320s ]
INFO: Run Behavior\ParseTemplateBehavior [ RunTime:0.011660s ]
INFO: [ view_parse ] --END-- [ RunTime:0.011876s ]
INFO: [ view_filter ] --START--
INFO: Run Behavior\WriteHtmlCacheBehavior [ RunTime:0.000306s ]
INFO: [ view_filter ] --END-- [ RunTime:0.000373s ]
INFO: [ app_end ] --START--
INFO: Run Behavior\ShowPageTraceBehavior [ RunTime:0.000510s ]
INFO: [ app_end ] --END-- [ RunTime:0.000653s ]

[ 2017-03-05T16:58:20+08:00 ] ::1 /home/Index/%7Bhead_pic%7D
ERR: 非法操作:{head_pic}

[ 2017-03-05T16:58:20+08:00 ] ::1 /index.php?con=index&act=get_review
INFO: [ app_begin ] --START--
INFO: Run Behavior\ReadHtmlCacheBehavior [ RunTime:0.000384s ]
INFO: [ app_begin ] --END-- [ RunTime:0.000717s ]
INFO: [ view_parse ] --START--
INFO: [ template_filter ] --START--
INFO: Run Behavior\ContentReplaceBehavior [ RunTime:0.000281s ]
INFO: [ template_filter ] --END-- [ RunTime:0.000418s ]
INFO: Run Behavior\ParseTemplateBehavior [ RunTime:0.013821s ]
INFO: [ view_parse ] --END-- [ RunTime:0.013918s ]
INFO: [ view_filter ] --START--
INFO: Run Behavior\WriteHtmlCacheBehavior [ RunTime:0.000334s ]
INFO: [ view_filter ] --END-- [ RunTime:0.000403s ]
INFO: [ app_end ] --START--
INFO: Run Behavior\ShowPageTraceBehavior [ RunTime:0.000460s ]
INFO: [ app_end ] --END-- [ RunTime:0.000537s ]

[ 2017-03-05T16:58:20+08:00 ] ::1 /index.php?con=index&act=get_review
INFO: [ app_begin ] --START--
INFO: Run Behavior\ReadHtmlCacheBehavior [ RunTime:0.000550s ]
INFO: [ app_begin ] --END-- [ RunTime:0.000986s ]
INFO: [ view_parse ] --START--
INFO: [ template_filter ] --START--
INFO: Run Behavior\ContentReplaceBehavior [ RunTime:0.000221s ]
INFO: [ template_filter ] --END-- [ RunTime:0.000306s ]
INFO: Run Behavior\ParseTemplateBehavior [ RunTime:0.012913s ]
INFO: [ view_parse ] --END-- [ RunTime:0.012996s ]
INFO: [ view_filter ] --START--
INFO: Run Behavior\WriteHtmlCacheBehavior [ RunTime:0.000395s ]
INFO: [ view_filter ] --END-- [ RunTime:0.000460s ]
INFO: [ app_end ] --START--
INFO: Run Behavior\ShowPageTraceBehavior [ RunTime:0.000557s ]
INFO: [ app_end ] --END-- [ RunTime:0.000630s ]

[ 2017-03-05T16:58:20+08:00 ] ::1 /index.php?con=index&act=get_review
INFO: [ app_begin ] --START--
INFO: Run Behavior\ReadHtmlCacheBehavior [ RunTime:0.000485s ]
INFO: [ app_begin ] --END-- [ RunTime:0.000864s ]
INFO: [ view_parse ] --START--
INFO: [ template_filter ] --START--
INFO: Run Behavior\ContentReplaceBehavior [ RunTime:0.000217s ]
INFO: [ template_filter ] --END-- [ RunTime:0.000300s ]
INFO: Run Behavior\ParseTemplateBehavior [ RunTime:0.013411s ]
INFO: [ view_parse ] --END-- [ RunTime:0.013494s ]
INFO: [ view_filter ] --START--
INFO: Run Behavior\WriteHtmlCacheBehavior [ RunTime:0.000336s ]
INFO: [ view_filter ] --END-- [ RunTime:0.000401s ]
INFO: [ app_end ] --START--
INFO: Run Behavior\ShowPageTraceBehavior [ RunTime:0.000549s ]
INFO: [ app_end ] --END-- [ RunTime:0.000624s ]

[ 2017-03-05T16:58:20+08:00 ] ::1 /index.php?con=index&act=get_review
INFO: [ app_begin ] --START--
INFO: Run Behavior\ReadHtmlCacheBehavior [ RunTime:0.000414s ]
INFO: [ app_begin ] --END-- [ RunTime:0.000805s ]
INFO: [ view_parse ] --START--
INFO: [ template_filter ] --START--
INFO: Run Behavior\ContentReplaceBehavior [ RunTime:0.000246s ]
INFO: [ template_filter ] --END-- [ RunTime:0.000335s ]
INFO: Run Behavior\ParseTemplateBehavior [ RunTime:0.012427s ]
INFO: [ view_parse ] --END-- [ RunTime:0.012609s ]
INFO: [ view_filter ] --START--
INFO: Run Behavior\WriteHtmlCacheBehavior [ RunTime:0.000249s ]
INFO: [ view_filter ] --END-- [ RunTime:0.000318s ]
INFO: [ app_end ] --START--
INFO: Run Behavior\ShowPageTraceBehavior [ RunTime:0.000534s ]
INFO: [ app_end ] --END-- [ RunTime:0.000635s ]

[ 2017-03-05T16:58:55+08:00 ] ::1 /home/Index/js/jquery.enlarge.js
ERR: 非法操作:js

[ 2017-03-05T16:58:55+08:00 ] ::1 /home/Index/js/artDialog.js?skin=tinysimple
ERR: 非法操作:js

[ 2017-03-05T16:58:55+08:00 ] ::1 /home/Index/%7Bhead_pic%7D
ERR: 非法操作:{head_pic}

[ 2017-03-05T16:58:55+08:00 ] ::1 /home/Index/js/jquery.enlarge.js
ERR: 非法操作:js

[ 2017-03-05T16:58:55+08:00 ] ::1 /home/Index/%7Bhead_pic%7D
ERR: 非法操作:{head_pic}

[ 2017-03-05T16:58:55+08:00 ] ::1 /index.php?con=index&act=get_review
INFO: [ app_begin ] --START--
INFO: Run Behavior\ReadHtmlCacheBehavior [ RunTime:0.000385s ]
INFO: [ app_begin ] --END-- [ RunTime:0.000734s ]
INFO: [ view_parse ] --START--
INFO: [ template_filter ] --START--
INFO: Run Behavior\ContentReplaceBehavior [ RunTime:0.000229s ]
INFO: [ template_filter ] --END-- [ RunTime:0.000315s ]
INFO: Run Behavior\ParseTemplateBehavior [ RunTime:0.014748s ]
INFO: [ view_parse ] --END-- [ RunTime:0.014852s ]
INFO: [ view_filter ] --START--
INFO: Run Behavior\WriteHtmlCacheBehavior [ RunTime:0.000283s ]
INFO: [ view_filter ] --END-- [ RunTime:0.000352s ]
INFO: [ app_end ] --START--
INFO: Run Behavior\ShowPageTraceBehavior [ RunTime:0.000454s ]
INFO: [ app_end ] --END-- [ RunTime:0.000535s ]

[ 2017-03-05T16:58:55+08:00 ] ::1 /index.php?con=index&act=get_review
INFO: [ app_begin ] --START--
INFO: Run Behavior\ReadHtmlCacheBehavior [ RunTime:0.000506s ]
INFO: [ app_begin ] --END-- [ RunTime:0.000916s ]
INFO: [ view_parse ] --START--
INFO: [ template_filter ] --START--
INFO: Run Behavior\ContentReplaceBehavior [ RunTime:0.000254s ]
INFO: [ template_filter ] --END-- [ RunTime:0.000395s ]
INFO: Run Behavior\ParseTemplateBehavior [ RunTime:0.017599s ]
INFO: [ view_parse ] --END-- [ RunTime:0.017763s ]
INFO: [ view_filter ] --START--
INFO: Run Behavior\WriteHtmlCacheBehavior [ RunTime:0.000651s ]
INFO: [ view_filter ] --END-- [ RunTime:0.000742s ]
INFO: [ app_end ] --START--
INFO: Run Behavior\ShowPageTraceBehavior [ RunTime:0.000866s ]
INFO: [ app_end ] --END-- [ RunTime:0.001107s ]

[ 2017-03-05T16:58:55+08:00 ] ::1 /index.php?con=index&act=get_review
INFO: [ app_begin ] --START--
INFO: Run Behavior\ReadHtmlCacheBehavior [ RunTime:0.000464s ]
INFO: [ app_begin ] --END-- [ RunTime:0.000829s ]
INFO: [ view_parse ] --START--
INFO: [ template_filter ] --START--
INFO: Run Behavior\ContentReplaceBehavior [ RunTime:0.000230s ]
INFO: [ template_filter ] --END-- [ RunTime:0.000333s ]
INFO: Run Behavior\ParseTemplateBehavior [ RunTime:0.015284s ]
INFO: [ view_parse ] --END-- [ RunTime:0.015385s ]
INFO: [ view_filter ] --START--
INFO: Run Behavior\WriteHtmlCacheBehavior [ RunTime:0.000375s ]
INFO: [ view_filter ] --END-- [ RunTime:0.000443s ]
INFO: [ app_end ] --START--
INFO: Run Behavior\ShowPageTraceBehavior [ RunTime:0.000638s ]
INFO: [ app_end ] --END-- [ RunTime:0.000771s ]

[ 2017-03-05T16:58:55+08:00 ] ::1 /index.php?con=index&act=get_ask
INFO: [ app_begin ] --START--
INFO: Run Behavior\ReadHtmlCacheBehavior [ RunTime:0.002695s ]
INFO: [ app_begin ] --END-- [ RunTime:0.009220s ]
INFO: [ view_parse ] --START--
INFO: [ template_filter ] --START--
INFO: Run Behavior\ContentReplaceBehavior [ RunTime:0.000234s ]
INFO: [ template_filter ] --END-- [ RunTime:0.000351s ]
INFO: Run Behavior\ParseTemplateBehavior [ RunTime:0.013756s ]
INFO: [ view_parse ] --END-- [ RunTime:0.013858s ]
INFO: [ view_filter ] --START--
INFO: Run Behavior\WriteHtmlCacheBehavior [ RunTime:0.000443s ]
INFO: [ view_filter ] --END-- [ RunTime:0.000517s ]
INFO: [ app_end ] --START--
INFO: Run Behavior\ShowPageTraceBehavior [ RunTime:0.000607s ]
INFO: [ app_end ] --END-- [ RunTime:0.000683s ]

[ 2017-03-05T16:58:55+08:00 ] ::1 /index.php?con=index&act=get_review
INFO: [ app_begin ] --START--
INFO: Run Behavior\ReadHtmlCacheBehavior [ RunTime:0.000383s ]
INFO: [ app_begin ] --END-- [ RunTime:0.000761s ]
INFO: [ view_parse ] --START--
INFO: [ template_filter ] --START--
INFO: Run Behavior\ContentReplaceBehavior [ RunTime:0.000390s ]
INFO: [ template_filter ] --END-- [ RunTime:0.000588s ]
INFO: Run Behavior\ParseTemplateBehavior [ RunTime:0.014152s ]
INFO: [ view_parse ] --END-- [ RunTime:0.014298s ]
INFO: [ view_filter ] --START--
INFO: Run Behavior\WriteHtmlCacheBehavior [ RunTime:0.000381s ]
INFO: [ view_filter ] --END-- [ RunTime:0.000458s ]
INFO: [ app_end ] --START--
INFO: Run Behavior\ShowPageTraceBehavior [ RunTime:0.000560s ]
INFO: [ app_end ] --END-- [ RunTime:0.000713s ]

[ 2017-03-05T17:22:16+08:00 ] ::1 /home/Index/js/artDialog.js?skin=tinysimple
ERR: 非法操作:js

[ 2017-03-05T17:22:16+08:00 ] ::1 /home/Index/js/jquery.enlarge.js
ERR: 非法操作:js

[ 2017-03-05T17:22:16+08:00 ] ::1 /home/Index/%7Bhead_pic%7D
ERR: 非法操作:{head_pic}

[ 2017-03-05T17:22:16+08:00 ] ::1 /home/Index/js/artDialog.js?skin=tinysimple
ERR: 非法操作:js

[ 2017-03-05T17:22:17+08:00 ] ::1 /home/Index/js/jquery.enlarge.js
ERR: 非法操作:js

[ 2017-03-05T17:22:17+08:00 ] ::1 /home/Index/%7Bhead_pic%7D
ERR: 非法操作:{head_pic}

[ 2017-03-05T17:22:17+08:00 ] ::1 /index.php?con=index&act=get_ask
INFO: [ app_begin ] --START--
INFO: Run Behavior\ReadHtmlCacheBehavior [ RunTime:0.000472s ]
INFO: [ app_begin ] --END-- [ RunTime:0.000936s ]
INFO: [ view_parse ] --START--
INFO: [ template_filter ] --START--
INFO: Run Behavior\ContentReplaceBehavior [ RunTime:0.000251s ]
INFO: [ template_filter ] --END-- [ RunTime:0.000347s ]
INFO: Run Behavior\ParseTemplateBehavior [ RunTime:0.012620s ]
INFO: [ view_parse ] --END-- [ RunTime:0.012723s ]
INFO: [ view_filter ] --START--
INFO: Run Behavior\WriteHtmlCacheBehavior [ RunTime:0.000478s ]
INFO: [ view_filter ] --END-- [ RunTime:0.000566s ]
INFO: [ app_end ] --START--
INFO: Run Behavior\ShowPageTraceBehavior [ RunTime:0.000731s ]
INFO: [ app_end ] --END-- [ RunTime:0.000834s ]

[ 2017-03-05T17:22:17+08:00 ] ::1 /index.php?con=index&act=get_review
INFO: [ app_begin ] --START--
INFO: Run Behavior\ReadHtmlCacheBehavior [ RunTime:0.000367s ]
INFO: [ app_begin ] --END-- [ RunTime:0.000696s ]
INFO: [ view_parse ] --START--
INFO: [ template_filter ] --START--
INFO: Run Behavior\ContentReplaceBehavior [ RunTime:0.000249s ]
INFO: [ template_filter ] --END-- [ RunTime:0.000340s ]
INFO: Run Behavior\ParseTemplateBehavior [ RunTime:0.011908s ]
INFO: [ view_parse ] --END-- [ RunTime:0.012003s ]
INFO: [ view_filter ] --START--
INFO: Run Behavior\WriteHtmlCacheBehavior [ RunTime:0.000314s ]
INFO: [ view_filter ] --END-- [ RunTime:0.000385s ]
INFO: [ app_end ] --START--
INFO: Run Behavior\ShowPageTraceBehavior [ RunTime:0.001019s ]
INFO: [ app_end ] --END-- [ RunTime:0.001133s ]

[ 2017-03-05T17:22:17+08:00 ] ::1 /index.php?con=index&act=get_review
INFO: [ app_begin ] --START--
INFO: Run Behavior\ReadHtmlCacheBehavior [ RunTime:0.000465s ]
INFO: [ app_begin ] --END-- [ RunTime:0.000801s ]
INFO: [ view_parse ] --START--
INFO: [ template_filter ] --START--
INFO: Run Behavior\ContentReplaceBehavior [ RunTime:0.000239s ]
INFO: [ template_filter ] --END-- [ RunTime:0.000339s ]
INFO: Run Behavior\ParseTemplateBehavior [ RunTime:0.015681s ]
INFO: [ view_parse ] --END-- [ RunTime:0.015796s ]
INFO: [ view_filter ] --START--
INFO: Run Behavior\WriteHtmlCacheBehavior [ RunTime:0.000500s ]
INFO: [ view_filter ] --END-- [ RunTime:0.000578s ]
INFO: [ app_end ] --START--
INFO: Run Behavior\ShowPageTraceBehavior [ RunTime:0.000892s ]
INFO: [ app_end ] --END-- [ RunTime:0.001022s ]

[ 2017-03-05T17:22:17+08:00 ] ::1 /index.php?con=index&act=get_review
INFO: [ app_begin ] --START--
INFO: Run Behavior\ReadHtmlCacheBehavior [ RunTime:0.000482s ]
INFO: [ app_begin ] --END-- [ RunTime:0.000918s ]
INFO: [ view_parse ] --START--
INFO: [ template_filter ] --START--
INFO: Run Behavior\ContentReplaceBehavior [ RunTime:0.000278s ]
INFO: [ template_filter ] --END-- [ RunTime:0.000428s ]
INFO: Run Behavior\ParseTemplateBehavior [ RunTime:0.013653s ]
INFO: [ view_parse ] --END-- [ RunTime:0.013770s ]
INFO: [ view_filter ] --START--
INFO: Run Behavior\WriteHtmlCacheBehavior [ RunTime:0.000478s ]
INFO: [ view_filter ] --END-- [ RunTime:0.000561s ]
INFO: [ app_end ] --START--
INFO: Run Behavior\ShowPageTraceBehavior [ RunTime:0.001050s ]
INFO: [ app_end ] --END-- [ RunTime:0.001238s ]

[ 2017-03-05T17:22:17+08:00 ] ::1 /index.php?con=index&act=get_review
INFO: [ app_begin ] --START--
INFO: Run Behavior\ReadHtmlCacheBehavior [ RunTime:0.000544s ]
INFO: [ app_begin ] --END-- [ RunTime:0.001183s ]
INFO: [ view_parse ] --START--
INFO: [ template_filter ] --START--
INFO: Run Behavior\ContentReplaceBehavior [ RunTime:0.000241s ]
INFO: [ template_filter ] --END-- [ RunTime:0.000343s ]
INFO: Run Behavior\ParseTemplateBehavior [ RunTime:0.018016s ]
INFO: [ view_parse ] --END-- [ RunTime:0.018350s ]
INFO: [ view_filter ] --START--
INFO: Run Behavior\WriteHtmlCacheBehavior [ RunTime:0.000924s ]
INFO: [ view_filter ] --END-- [ RunTime:0.001104s ]
INFO: [ app_end ] --START--
INFO: Run Behavior\ShowPageTraceBehavior [ RunTime:0.000897s ]
INFO: [ app_end ] --END-- [ RunTime:0.001010s ]

[ 2017-03-05T17:23:27+08:00 ] ::1 /home/Index/js/artDialog.js?skin=tinysimple
ERR: 非法操作:js

[ 2017-03-05T17:23:27+08:00 ] ::1 /home/Index/js/jquery.enlarge.js
ERR: 非法操作:js

[ 2017-03-05T17:23:27+08:00 ] ::1 /home/Index/%7Bhead_pic%7D
ERR: 非法操作:{head_pic}

[ 2017-03-05T17:23:27+08:00 ] ::1 /home/Index/js/artDialog.js?skin=tinysimple
ERR: 非法操作:js

[ 2017-03-05T17:23:27+08:00 ] ::1 /home/Index/js/jquery.enlarge.js
ERR: 非法操作:js

[ 2017-03-05T17:23:28+08:00 ] ::1 /home/Index/%7Bhead_pic%7D
ERR: 非法操作:{head_pic}

[ 2017-03-05T17:23:28+08:00 ] ::1 /index.php?con=index&act=get_review
INFO: [ app_begin ] --START--
INFO: Run Behavior\ReadHtmlCacheBehavior [ RunTime:0.000397s ]
INFO: [ app_begin ] --END-- [ RunTime:0.000750s ]
INFO: [ view_parse ] --START--
INFO: [ template_filter ] --START--
INFO: Run Behavior\ContentReplaceBehavior [ RunTime:0.000241s ]
INFO: [ template_filter ] --END-- [ RunTime:0.000343s ]
INFO: Run Behavior\ParseTemplateBehavior [ RunTime:0.012074s ]
INFO: [ view_parse ] --END-- [ RunTime:0.012180s ]
INFO: [ view_filter ] --START--
INFO: Run Behavior\WriteHtmlCacheBehavior [ RunTime:0.000445s ]
INFO: [ view_filter ] --END-- [ RunTime:0.000556s ]
INFO: [ app_end ] --START--
INFO: Run Behavior\ShowPageTraceBehavior [ RunTime:0.000612s ]
INFO: [ app_end ] --END-- [ RunTime:0.000720s ]

[ 2017-03-05T17:23:28+08:00 ] ::1 /index.php?con=index&act=get_ask
INFO: [ app_begin ] --START--
INFO: Run Behavior\ReadHtmlCacheBehavior [ RunTime:0.000543s ]
INFO: [ app_begin ] --END-- [ RunTime:0.000936s ]
INFO: [ view_parse ] --START--
INFO: [ template_filter ] --START--
INFO: Run Behavior\ContentReplaceBehavior [ RunTime:0.000233s ]
INFO: [ template_filter ] --END-- [ RunTime:0.000337s ]
INFO: Run Behavior\ParseTemplateBehavior [ RunTime:0.014106s ]
INFO: [ view_parse ] --END-- [ RunTime:0.014213s ]
INFO: [ view_filter ] --START--
INFO: Run Behavior\WriteHtmlCacheBehavior [ RunTime:0.000495s ]
INFO: [ view_filter ] --END-- [ RunTime:0.000575s ]
INFO: [ app_end ] --START--
INFO: Run Behavior\ShowPageTraceBehavior [ RunTime:0.000678s ]
INFO: [ app_end ] --END-- [ RunTime:0.000794s ]

[ 2017-03-05T17:23:28+08:00 ] ::1 /index.php?con=index&act=get_review
INFO: [ app_begin ] --START--
INFO: Run Behavior\ReadHtmlCacheBehavior [ RunTime:0.000479s ]
INFO: [ app_begin ] --END-- [ RunTime:0.000844s ]
INFO: [ view_parse ] --START--
INFO: [ template_filter ] --START--
INFO: Run Behavior\ContentReplaceBehavior [ RunTime:0.000265s ]
INFO: [ template_filter ] --END-- [ RunTime:0.000389s ]
INFO: Run Behavior\ParseTemplateBehavior [ RunTime:0.013781s ]
INFO: [ view_parse ] --END-- [ RunTime:0.013878s ]
INFO: [ view_filter ] --START--
INFO: Run Behavior\WriteHtmlCacheBehavior [ RunTime:0.000367s ]
INFO: [ view_filter ] --END-- [ RunTime:0.000440s ]
INFO: [ app_end ] --START--
INFO: Run Behavior\ShowPageTraceBehavior [ RunTime:0.000606s ]
INFO: [ app_end ] --END-- [ RunTime:0.000708s ]

[ 2017-03-05T17:23:28+08:00 ] ::1 /index.php?con=index&act=get_review
INFO: [ app_begin ] --START--
INFO: Run Behavior\ReadHtmlCacheBehavior [ RunTime:0.000438s ]
INFO: [ app_begin ] --END-- [ RunTime:0.000893s ]
INFO: [ view_parse ] --START--
INFO: [ template_filter ] --START--
INFO: Run Behavior\ContentReplaceBehavior [ RunTime:0.000228s ]
INFO: [ template_filter ] --END-- [ RunTime:0.000320s ]
INFO: Run Behavior\ParseTemplateBehavior [ RunTime:0.013138s ]
INFO: [ view_parse ] --END-- [ RunTime:0.013293s ]
INFO: [ view_filter ] --START--
INFO: Run Behavior\WriteHtmlCacheBehavior [ RunTime:0.000278s ]
INFO: [ view_filter ] --END-- [ RunTime:0.000347s ]
INFO: [ app_end ] --START--
INFO: Run Behavior\ShowPageTraceBehavior [ RunTime:0.000478s ]
INFO: [ app_end ] --END-- [ RunTime:0.000576s ]

[ 2017-03-05T17:23:28+08:00 ] ::1 /index.php?con=index&act=get_review
INFO: [ app_begin ] --START--
INFO: Run Behavior\ReadHtmlCacheBehavior [ RunTime:0.000506s ]
INFO: [ app_begin ] --END-- [ RunTime:0.000990s ]
INFO: [ view_parse ] --START--
INFO: [ template_filter ] --START--
INFO: Run Behavior\ContentReplaceBehavior [ RunTime:0.000254s ]
INFO: [ template_filter ] --END-- [ RunTime:0.000349s ]
INFO: Run Behavior\ParseTemplateBehavior [ RunTime:0.015374s ]
INFO: [ view_parse ] --END-- [ RunTime:0.015478s ]
INFO: [ view_filter ] --START--
INFO: Run Behavior\WriteHtmlCacheBehavior [ RunTime:0.000515s ]
INFO: [ view_filter ] --END-- [ RunTime:0.000616s ]
INFO: [ app_end ] --START--
INFO: Run Behavior\ShowPageTraceBehavior [ RunTime:0.000671s ]
INFO: [ app_end ] --END-- [ RunTime:0.000913s ]

[ 2017-03-05T17:23:29+08:00 ] ::1 /home/Index/js/artDialog.js?skin=tinysimple
ERR: 非法操作:js

[ 2017-03-05T17:23:29+08:00 ] ::1 /home/Index/js/jquery.enlarge.js
ERR: 非法操作:js

[ 2017-03-05T17:23:29+08:00 ] ::1 /home/Index/%7Bhead_pic%7D
ERR: 非法操作:{head_pic}

[ 2017-03-05T17:23:29+08:00 ] ::1 /home/Index/js/artDialog.js?skin=tinysimple
ERR: 非法操作:js

[ 2017-03-05T17:23:29+08:00 ] ::1 /home/Index/js/jquery.enlarge.js
ERR: 非法操作:js

[ 2017-03-05T17:23:29+08:00 ] ::1 /home/Index/%7Bhead_pic%7D
ERR: 非法操作:{head_pic}

[ 2017-03-05T17:23:29+08:00 ] ::1 /index.php?con=index&act=get_review
INFO: [ app_begin ] --START--
INFO: Run Behavior\ReadHtmlCacheBehavior [ RunTime:0.000388s ]
INFO: [ app_begin ] --END-- [ RunTime:0.000735s ]
INFO: [ view_parse ] --START--
INFO: [ template_filter ] --START--
INFO: Run Behavior\ContentReplaceBehavior [ RunTime:0.000226s ]
INFO: [ template_filter ] --END-- [ RunTime:0.000318s ]
INFO: Run Behavior\ParseTemplateBehavior [ RunTime:0.011441s ]
INFO: [ view_parse ] --END-- [ RunTime:0.011535s ]
INFO: [ view_filter ] --START--
INFO: Run Behavior\WriteHtmlCacheBehavior [ RunTime:0.000296s ]
INFO: [ view_filter ] --END-- [ RunTime:0.000367s ]
INFO: [ app_end ] --START--
INFO: Run Behavior\ShowPageTraceBehavior [ RunTime:0.000464s ]
INFO: [ app_end ] --END-- [ RunTime:0.000562s ]

[ 2017-03-05T17:23:29+08:00 ] ::1 /index.php?con=index&act=get_ask
INFO: [ app_begin ] --START--
INFO: Run Behavior\ReadHtmlCacheBehavior [ RunTime:0.000505s ]
INFO: [ app_begin ] --END-- [ RunTime:0.000909s ]
INFO: [ view_parse ] --START--
INFO: [ template_filter ] --START--
INFO: Run Behavior\ContentReplaceBehavior [ RunTime:0.000232s ]
INFO: [ template_filter ] --END-- [ RunTime:0.000328s ]
INFO: Run Behavior\ParseTemplateBehavior [ RunTime:0.014243s ]
INFO: [ view_parse ] --END-- [ RunTime:0.014462s ]
INFO: [ view_filter ] --START--
INFO: Run Behavior\WriteHtmlCacheBehavior [ RunTime:0.000821s ]
INFO: [ view_filter ] --END-- [ RunTime:0.000977s ]
INFO: [ app_end ] --START--
INFO: Run Behavior\ShowPageTraceBehavior [ RunTime:0.000678s ]
INFO: [ app_end ] --END-- [ RunTime:0.000769s ]

[ 2017-03-05T17:23:29+08:00 ] ::1 /index.php?con=index&act=get_review
INFO: [ app_begin ] --START--
INFO: Run Behavior\ReadHtmlCacheBehavior [ RunTime:0.000582s ]
INFO: [ app_begin ] --END-- [ RunTime:0.000953s ]
INFO: [ view_parse ] --START--
INFO: [ template_filter ] --START--
INFO: Run Behavior\ContentReplaceBehavior [ RunTime:0.000272s ]
INFO: [ template_filter ] --END-- [ RunTime:0.000397s ]
INFO: Run Behavior\ParseTemplateBehavior [ RunTime:0.015594s ]
INFO: [ view_parse ] --END-- [ RunTime:0.015721s ]
INFO: [ view_filter ] --START--
INFO: Run Behavior\WriteHtmlCacheBehavior [ RunTime:0.000436s ]
INFO: [ view_filter ] --END-- [ RunTime:0.000517s ]
INFO: [ app_end ] --START--
INFO: Run Behavior\ShowPageTraceBehavior [ RunTime:0.001730s ]
INFO: [ app_end ] --END-- [ RunTime:0.002002s ]

[ 2017-03-05T17:23:29+08:00 ] ::1 /index.php?con=index&act=get_review
INFO: [ app_begin ] --START--
INFO: Run Behavior\ReadHtmlCacheBehavior [ RunTime:0.000471s ]
INFO: [ app_begin ] --END-- [ RunTime:0.000847s ]
INFO: [ view_parse ] --START--
INFO: [ template_filter ] --START--
INFO: Run Behavior\ContentReplaceBehavior [ RunTime:0.000277s ]
INFO: [ template_filter ] --END-- [ RunTime:0.000377s ]
INFO: Run Behavior\ParseTemplateBehavior [ RunTime:0.017553s ]
INFO: [ view_parse ] --END-- [ RunTime:0.017686s ]
INFO: [ view_filter ] --START--
INFO: Run Behavior\WriteHtmlCacheBehavior [ RunTime:0.001912s ]
INFO: [ view_filter ] --END-- [ RunTime:0.002014s ]
INFO: [ app_end ] --START--
INFO: Run Behavior\ShowPageTraceBehavior [ RunTime:0.001623s ]
INFO: [ app_end ] --END-- [ RunTime:0.002017s ]

[ 2017-03-05T17:23:29+08:00 ] ::1 /index.php?con=index&act=get_review
INFO: [ app_begin ] --START--
INFO: Run Behavior\ReadHtmlCacheBehavior [ RunTime:0.000658s ]
INFO: [ app_begin ] --END-- [ RunTime:0.001108s ]
INFO: [ view_parse ] --START--
INFO: [ template_filter ] --START--
INFO: Run Behavior\ContentReplaceBehavior [ RunTime:0.000252s ]
INFO: [ template_filter ] --END-- [ RunTime:0.000366s ]
INFO: Run Behavior\ParseTemplateBehavior [ RunTime:0.018345s ]
INFO: [ view_parse ] --END-- [ RunTime:0.018491s ]
INFO: [ view_filter ] --START--
INFO: Run Behavior\WriteHtmlCacheBehavior [ RunTime:0.000752s ]
INFO: [ view_filter ] --END-- [ RunTime:0.000867s ]
INFO: [ app_end ] --START--
INFO: Run Behavior\ShowPageTraceBehavior [ RunTime:0.000697s ]
INFO: [ app_end ] --END-- [ RunTime:0.000788s ]

[ 2017-03-05T17:23:33+08:00 ] ::1 /home/Index/js/artDialog.js?skin=tinysimple
ERR: 非法操作:js

[ 2017-03-05T17:23:33+08:00 ] ::1 /home/Index/js/jquery.enlarge.js
ERR: 非法操作:js

[ 2017-03-05T17:23:33+08:00 ] ::1 /home/Index/%7Bhead_pic%7D
ERR: 非法操作:{head_pic}

[ 2017-03-05T17:23:33+08:00 ] ::1 /home/Index/js/artDialog.js?skin=tinysimple
ERR: 非法操作:js

[ 2017-03-05T17:23:33+08:00 ] ::1 /home/Index/js/jquery.enlarge.js
ERR: 非法操作:js

[ 2017-03-05T17:23:33+08:00 ] ::1 /index.php?con=index&act=get_ask
INFO: [ app_begin ] --START--
INFO: Run Behavior\ReadHtmlCacheBehavior [ RunTime:0.000527s ]
INFO: [ app_begin ] --END-- [ RunTime:0.000899s ]
INFO: [ view_parse ] --START--
INFO: [ template_filter ] --START--
INFO: Run Behavior\ContentReplaceBehavior [ RunTime:0.000222s ]
INFO: [ template_filter ] --END-- [ RunTime:0.000302s ]
INFO: Run Behavior\ParseTemplateBehavior [ RunTime:0.015291s ]
INFO: [ view_parse ] --END-- [ RunTime:0.015560s ]
INFO: [ view_filter ] --START--
INFO: Run Behavior\WriteHtmlCacheBehavior [ RunTime:0.000469s ]
INFO: [ view_filter ] --END-- [ RunTime:0.000548s ]
INFO: [ app_end ] --START--
INFO: Run Behavior\ShowPageTraceBehavior [ RunTime:0.000541s ]
INFO: [ app_end ] --END-- [ RunTime:0.000619s ]

[ 2017-03-05T17:23:33+08:00 ] ::1 /index.php?con=index&act=get_review
INFO: [ app_begin ] --START--
INFO: Run Behavior\ReadHtmlCacheBehavior [ RunTime:0.000578s ]
INFO: [ app_begin ] --END-- [ RunTime:0.000984s ]
INFO: [ view_parse ] --START--
INFO: [ template_filter ] --START--
INFO: Run Behavior\ContentReplaceBehavior [ RunTime:0.000260s ]
INFO: [ template_filter ] --END-- [ RunTime:0.000401s ]
INFO: Run Behavior\ParseTemplateBehavior [ RunTime:0.013882s ]
INFO: [ view_parse ] --END-- [ RunTime:0.013978s ]
INFO: [ view_filter ] --START--
INFO: Run Behavior\WriteHtmlCacheBehavior [ RunTime:0.000447s ]
INFO: [ view_filter ] --END-- [ RunTime:0.000619s ]
INFO: [ app_end ] --START--
INFO: Run Behavior\ShowPageTraceBehavior [ RunTime:0.002511s ]
INFO: [ app_end ] --END-- [ RunTime:0.002620s ]

[ 2017-03-05T17:23:33+08:00 ] ::1 /index.php?con=index&act=get_review
INFO: [ app_begin ] --START--
INFO: Run Behavior\ReadHtmlCacheBehavior [ RunTime:0.000506s ]
INFO: [ app_begin ] --END-- [ RunTime:0.000880s ]
INFO: [ view_parse ] --START--
INFO: [ template_filter ] --START--
INFO: Run Behavior\ContentReplaceBehavior [ RunTime:0.000239s ]
INFO: [ template_filter ] --END-- [ RunTime:0.000341s ]
INFO: Run Behavior\ParseTemplateBehavior [ RunTime:0.015191s ]
INFO: [ view_parse ] --END-- [ RunTime:0.015318s ]
INFO: [ view_filter ] --START--
INFO: Run Behavior\WriteHtmlCacheBehavior [ RunTime:0.000430s ]
INFO: [ view_filter ] --END-- [ RunTime:0.000513s ]
INFO: [ app_end ] --START--
INFO: Run Behavior\ShowPageTraceBehavior [ RunTime:0.000778s ]
INFO: [ app_end ] --END-- [ RunTime:0.000894s ]

[ 2017-03-05T17:23:33+08:00 ] ::1 /home/Index/%7Bhead_pic%7D
ERR: 非法操作:{head_pic}

[ 2017-03-05T17:23:33+08:00 ] ::1 /index.php?con=index&act=get_review
INFO: [ app_begin ] --START--
INFO: Run Behavior\ReadHtmlCacheBehavior [ RunTime:0.000381s ]
INFO: [ app_begin ] --END-- [ RunTime:0.000877s ]
INFO: [ view_parse ] --START--
INFO: [ template_filter ] --START--
INFO: Run Behavior\ContentReplaceBehavior [ RunTime:0.000243s ]
INFO: [ template_filter ] --END-- [ RunTime:0.000384s ]
INFO: Run Behavior\ParseTemplateBehavior [ RunTime:0.015309s ]
INFO: [ view_parse ] --END-- [ RunTime:0.015430s ]
INFO: [ view_filter ] --START--
INFO: Run Behavior\WriteHtmlCacheBehavior [ RunTime:0.000397s ]
INFO: [ view_filter ] --END-- [ RunTime:0.000479s ]
INFO: [ app_end ] --START--
INFO: Run Behavior\ShowPageTraceBehavior [ RunTime:0.000644s ]
INFO: [ app_end ] --END-- [ RunTime:0.000769s ]

[ 2017-03-05T17:23:33+08:00 ] ::1 /index.php?con=index&act=get_review
INFO: [ app_begin ] --START--
INFO: Run Behavior\ReadHtmlCacheBehavior [ RunTime:0.000983s ]
INFO: [ app_begin ] --END-- [ RunTime:0.001357s ]
INFO: [ view_parse ] --START--
INFO: [ template_filter ] --START--
INFO: Run Behavior\ContentReplaceBehavior [ RunTime:0.000267s ]
INFO: [ template_filter ] --END-- [ RunTime:0.000419s ]
INFO: Run Behavior\ParseTemplateBehavior [ RunTime:0.018034s ]
INFO: [ view_parse ] --END-- [ RunTime:0.018168s ]
INFO: [ view_filter ] --START--
INFO: Run Behavior\WriteHtmlCacheBehavior [ RunTime:0.000617s ]
INFO: [ view_filter ] --END-- [ RunTime:0.000728s ]
INFO: [ app_end ] --START--
INFO: Run Behavior\ShowPageTraceBehavior [ RunTime:0.000581s ]
INFO: [ app_end ] --END-- [ RunTime:0.000666s ]

[ 2017-03-05T17:23:33+08:00 ] ::1 /home/Index/js/artDialog.js?skin=tinysimple
ERR: 非法操作:js

[ 2017-03-05T17:23:33+08:00 ] ::1 /home/Index/js/jquery.enlarge.js
ERR: 非法操作:js

[ 2017-03-05T17:23:33+08:00 ] ::1 /home/Index/%7Bhead_pic%7D
ERR: 非法操作:{head_pic}

[ 2017-03-05T17:23:33+08:00 ] ::1 /home/Index/js/artDialog.js?skin=tinysimple
ERR: 非法操作:js

[ 2017-03-05T17:23:33+08:00 ] ::1 /home/Index/js/jquery.enlarge.js
ERR: 非法操作:js

[ 2017-03-05T17:23:33+08:00 ] ::1 /home/Index/%7Bhead_pic%7D
ERR: 非法操作:{head_pic}

[ 2017-03-05T17:23:33+08:00 ] ::1 /index.php?con=index&act=get_review
INFO: [ app_begin ] --START--
INFO: Run Behavior\ReadHtmlCacheBehavior [ RunTime:0.000391s ]
INFO: [ app_begin ] --END-- [ RunTime:0.000734s ]
INFO: [ view_parse ] --START--
INFO: [ template_filter ] --START--
INFO: Run Behavior\ContentReplaceBehavior [ RunTime:0.000271s ]
INFO: [ template_filter ] --END-- [ RunTime:0.000354s ]
INFO: Run Behavior\ParseTemplateBehavior [ RunTime:0.017499s ]
INFO: [ view_parse ] --END-- [ RunTime:0.017585s ]
INFO: [ view_filter ] --START--
INFO: Run Behavior\WriteHtmlCacheBehavior [ RunTime:0.000278s ]
INFO: [ view_filter ] --END-- [ RunTime:0.000344s ]
INFO: [ app_end ] --START--
INFO: Run Behavior\ShowPageTraceBehavior [ RunTime:0.002270s ]
INFO: [ app_end ] --END-- [ RunTime:0.002505s ]

[ 2017-03-05T17:23:33+08:00 ] ::1 /index.php?con=index&act=get_review
INFO: [ app_begin ] --START--
INFO: Run Behavior\ReadHtmlCacheBehavior [ RunTime:0.000525s ]
INFO: [ app_begin ] --END-- [ RunTime:0.000902s ]
INFO: [ view_parse ] --START--
INFO: [ template_filter ] --START--
INFO: Run Behavior\ContentReplaceBehavior [ RunTime:0.000301s ]
INFO: [ template_filter ] --END-- [ RunTime:0.000412s ]
INFO: Run Behavior\ParseTemplateBehavior [ RunTime:0.012382s ]
INFO: [ view_parse ] --END-- [ RunTime:0.012525s ]
INFO: [ view_filter ] --START--
INFO: Run Behavior\WriteHtmlCacheBehavior [ RunTime:0.000378s ]
INFO: [ view_filter ] --END-- [ RunTime:0.000481s ]
INFO: [ app_end ] --START--
INFO: Run Behavior\ShowPageTraceBehavior [ RunTime:0.000608s ]
INFO: [ app_end ] --END-- [ RunTime:0.000716s ]

[ 2017-03-05T17:23:34+08:00 ] ::1 /index.php?con=index&act=get_review
INFO: [ app_begin ] --START--
INFO: Run Behavior\ReadHtmlCacheBehavior [ RunTime:0.000535s ]
INFO: [ app_begin ] --END-- [ RunTime:0.000936s ]
INFO: [ view_parse ] --START--
INFO: [ template_filter ] --START--
INFO: Run Behavior\ContentReplaceBehavior [ RunTime:0.000218s ]
INFO: [ template_filter ] --END-- [ RunTime:0.000304s ]
INFO: Run Behavior\ParseTemplateBehavior [ RunTime:0.012325s ]
INFO: [ view_parse ] --END-- [ RunTime:0.012419s ]
INFO: [ view_filter ] --START--
INFO: Run Behavior\WriteHtmlCacheBehavior [ RunTime:0.000430s ]
INFO: [ view_filter ] --END-- [ RunTime:0.000506s ]
INFO: [ app_end ] --START--
INFO: Run Behavior\ShowPageTraceBehavior [ RunTime:0.000755s ]
INFO: [ app_end ] --END-- [ RunTime:0.000926s ]

[ 2017-03-05T17:23:34+08:00 ] ::1 /index.php?con=index&act=get_review
INFO: [ app_begin ] --START--
INFO: Run Behavior\ReadHtmlCacheBehavior [ RunTime:0.000504s ]
INFO: [ app_begin ] --END-- [ RunTime:0.000891s ]
INFO: [ view_parse ] --START--
INFO: [ template_filter ] --START--
INFO: Run Behavior\ContentReplaceBehavior [ RunTime:0.000298s ]
INFO: [ template_filter ] --END-- [ RunTime:0.000442s ]
INFO: Run Behavior\ParseTemplateBehavior [ RunTime:0.017154s ]
INFO: [ view_parse ] --END-- [ RunTime:0.017266s ]
INFO: [ view_filter ] --START--
INFO: Run Behavior\WriteHtmlCacheBehavior [ RunTime:0.000576s ]
INFO: [ view_filter ] --END-- [ RunTime:0.000661s ]
INFO: [ app_end ] --START--
INFO: Run Behavior\ShowPageTraceBehavior [ RunTime:0.000734s ]
INFO: [ app_end ] --END-- [ RunTime:0.000857s ]

[ 2017-03-05T17:23:34+08:00 ] ::1 /index.php?con=index&act=get_ask
INFO: [ app_begin ] --START--
INFO: Run Behavior\ReadHtmlCacheBehavior [ RunTime:0.000479s ]
INFO: [ app_begin ] --END-- [ RunTime:0.000834s ]
INFO: [ view_parse ] --START--
INFO: [ template_filter ] --START--
INFO: Run Behavior\ContentReplaceBehavior [ RunTime:0.000272s ]
INFO: [ template_filter ] --END-- [ RunTime:0.000360s ]
INFO: Run Behavior\ParseTemplateBehavior [ RunTime:0.015492s ]
INFO: [ view_parse ] --END-- [ RunTime:0.015610s ]
INFO: [ view_filter ] --START--
INFO: Run Behavior\WriteHtmlCacheBehavior [ RunTime:0.000471s ]
INFO: [ view_filter ] --END-- [ RunTime:0.000549s ]
INFO: [ app_end ] --START--
INFO: Run Behavior\ShowPageTraceBehavior [ RunTime:0.000634s ]
INFO: [ app_end ] --END-- [ RunTime:0.000727s ]

[ 2017-03-05T17:25:01+08:00 ] ::1 /home/Index/js/artDialog.js?skin=tinysimple
ERR: 非法操作:js

[ 2017-03-05T17:25:01+08:00 ] ::1 /home/Index/js/jquery.enlarge.js
ERR: 非法操作:js

[ 2017-03-05T17:25:01+08:00 ] ::1 /home/Index/%7Bhead_pic%7D
ERR: 非法操作:{head_pic}

[ 2017-03-05T17:25:01+08:00 ] ::1 /home/Index/js/artDialog.js?skin=tinysimple
ERR: 非法操作:js

[ 2017-03-05T17:25:01+08:00 ] ::1 /home/Index/js/jquery.enlarge.js
ERR: 非法操作:js

[ 2017-03-05T17:25:01+08:00 ] ::1 /home/Index/%7Bhead_pic%7D
ERR: 非法操作:{head_pic}

[ 2017-03-05T17:25:01+08:00 ] ::1 /index.php?con=index&act=get_ask
INFO: [ app_begin ] --START--
INFO: Run Behavior\ReadHtmlCacheBehavior [ RunTime:0.000381s ]
INFO: [ app_begin ] --END-- [ RunTime:0.000726s ]
INFO: [ view_parse ] --START--
INFO: [ template_filter ] --START--
INFO: Run Behavior\ContentReplaceBehavior [ RunTime:0.000241s ]
INFO: [ template_filter ] --END-- [ RunTime:0.000343s ]
INFO: Run Behavior\ParseTemplateBehavior [ RunTime:0.015684s ]
INFO: [ view_parse ] --END-- [ RunTime:0.015785s ]
INFO: [ view_filter ] --START--
INFO: Run Behavior\WriteHtmlCacheBehavior [ RunTime:0.000321s ]
INFO: [ view_filter ] --END-- [ RunTime:0.000390s ]
INFO: [ app_end ] --START--
INFO: Run Behavior\ShowPageTraceBehavior [ RunTime:0.000611s ]
INFO: [ app_end ] --END-- [ RunTime:0.000697s ]

[ 2017-03-05T17:25:01+08:00 ] ::1 /index.php?con=index&act=get_review
INFO: [ app_begin ] --START--
INFO: Run Behavior\ReadHtmlCacheBehavior [ RunTime:0.000473s ]
INFO: [ app_begin ] --END-- [ RunTime:0.000811s ]
INFO: [ view_parse ] --START--
INFO: [ template_filter ] --START--
INFO: Run Behavior\ContentReplaceBehavior [ RunTime:0.000256s ]
INFO: [ template_filter ] --END-- [ RunTime:0.000411s ]
INFO: Run Behavior\ParseTemplateBehavior [ RunTime:0.015200s ]
INFO: [ view_parse ] --END-- [ RunTime:0.015324s ]
INFO: [ view_filter ] --START--
INFO: Run Behavior\WriteHtmlCacheBehavior [ RunTime:0.000505s ]
INFO: [ view_filter ] --END-- [ RunTime:0.000607s ]
INFO: [ app_end ] --START--
INFO: Run Behavior\ShowPageTraceBehavior [ RunTime:0.000721s ]
INFO: [ app_end ] --END-- [ RunTime:0.000824s ]

[ 2017-03-05T17:25:01+08:00 ] ::1 /index.php?con=index&act=get_review
INFO: [ app_begin ] --START--
INFO: Run Behavior\ReadHtmlCacheBehavior [ RunTime:0.000497s ]
INFO: [ app_begin ] --END-- [ RunTime:0.000856s ]
INFO: [ view_parse ] --START--
INFO: [ template_filter ] --START--
INFO: Run Behavior\ContentReplaceBehavior [ RunTime:0.000239s ]
INFO: [ template_filter ] --END-- [ RunTime:0.000338s ]
INFO: Run Behavior\ParseTemplateBehavior [ RunTime:0.015286s ]
INFO: [ view_parse ] --END-- [ RunTime:0.015397s ]
INFO: [ view_filter ] --START--
INFO: Run Behavior\WriteHtmlCacheBehavior [ RunTime:0.000487s ]
INFO: [ view_filter ] --END-- [ RunTime:0.000577s ]
INFO: [ app_end ] --START--
INFO: Run Behavior\ShowPageTraceBehavior [ RunTime:0.000626s ]
INFO: [ app_end ] --END-- [ RunTime:0.000728s ]

[ 2017-03-05T17:25:01+08:00 ] ::1 /index.php?con=index&act=get_review
INFO: [ app_begin ] --START--
INFO: Run Behavior\ReadHtmlCacheBehavior [ RunTime:0.000469s ]
INFO: [ app_begin ] --END-- [ RunTime:0.000825s ]
INFO: [ view_parse ] --START--
INFO: [ template_filter ] --START--
INFO: Run Behavior\ContentReplaceBehavior [ RunTime:0.001023s ]
INFO: [ template_filter ] --END-- [ RunTime:0.001447s ]
INFO: Run Behavior\ParseTemplateBehavior [ RunTime:0.014944s ]
INFO: [ view_parse ] --END-- [ RunTime:0.015049s ]
INFO: [ view_filter ] --START--
INFO: Run Behavior\WriteHtmlCacheBehavior [ RunTime:0.000373s ]
INFO: [ view_filter ] --END-- [ RunTime:0.000443s ]
INFO: [ app_end ] --START--
INFO: Run Behavior\ShowPageTraceBehavior [ RunTime:0.000525s ]
INFO: [ app_end ] --END-- [ RunTime:0.000617s ]

[ 2017-03-05T17:25:01+08:00 ] ::1 /index.php?con=index&act=get_review
INFO: [ app_begin ] --START--
INFO: Run Behavior\ReadHtmlCacheBehavior [ RunTime:0.002550s ]
INFO: [ app_begin ] --END-- [ RunTime:0.003269s ]
INFO: [ view_parse ] --START--
INFO: [ template_filter ] --START--
INFO: Run Behavior\ContentReplaceBehavior [ RunTime:0.000270s ]
INFO: [ template_filter ] --END-- [ RunTime:0.000460s ]
INFO: Run Behavior\ParseTemplateBehavior [ RunTime:0.030498s ]
INFO: [ view_parse ] --END-- [ RunTime:0.030671s ]
INFO: [ view_filter ] --START--
INFO: Run Behavior\WriteHtmlCacheBehavior [ RunTime:0.000466s ]
INFO: [ view_filter ] --END-- [ RunTime:0.000537s ]
INFO: [ app_end ] --START--
INFO: Run Behavior\ShowPageTraceBehavior [ RunTime:0.000916s ]
INFO: [ app_end ] --END-- [ RunTime:0.001002s ]

[ 2017-03-05T17:25:40+08:00 ] ::1 /home/Index/js/artDialog.js?skin=tinysimple
ERR: 非法操作:js

[ 2017-03-05T17:25:40+08:00 ] ::1 /home/Index/js/jquery.enlarge.js
ERR: 非法操作:js

[ 2017-03-05T17:25:40+08:00 ] ::1 /home/Index/%7Bhead_pic%7D
ERR: 非法操作:{head_pic}

[ 2017-03-05T17:25:40+08:00 ] ::1 /home/Index/js/artDialog.js?skin=tinysimple
ERR: 非法操作:js

[ 2017-03-05T17:25:40+08:00 ] ::1 /home/Index/js/jquery.enlarge.js
ERR: 非法操作:js

[ 2017-03-05T17:25:40+08:00 ] ::1 /home/Index/%7Bhead_pic%7D
ERR: 非法操作:{head_pic}

[ 2017-03-05T17:25:40+08:00 ] ::1 /index.php?con=index&act=get_ask
INFO: [ app_begin ] --START--
INFO: Run Behavior\ReadHtmlCacheBehavior [ RunTime:0.000602s ]
INFO: [ app_begin ] --END-- [ RunTime:0.000970s ]
INFO: [ view_parse ] --START--
INFO: [ template_filter ] --START--
INFO: Run Behavior\ContentReplaceBehavior [ RunTime:0.000231s ]
INFO: [ template_filter ] --END-- [ RunTime:0.000325s ]
INFO: Run Behavior\ParseTemplateBehavior [ RunTime:0.012579s ]
INFO: [ view_parse ] --END-- [ RunTime:0.012680s ]
INFO: [ view_filter ] --START--
INFO: Run Behavior\WriteHtmlCacheBehavior [ RunTime:0.000411s ]
INFO: [ view_filter ] --END-- [ RunTime:0.000496s ]
INFO: [ app_end ] --START--
INFO: Run Behavior\ShowPageTraceBehavior [ RunTime:0.000627s ]
INFO: [ app_end ] --END-- [ RunTime:0.000722s ]

[ 2017-03-05T17:25:40+08:00 ] ::1 /index.php?con=index&act=get_review
INFO: [ app_begin ] --START--
INFO: Run Behavior\ReadHtmlCacheBehavior [ RunTime:0.000584s ]
INFO: [ app_begin ] --END-- [ RunTime:0.001015s ]
INFO: [ view_parse ] --START--
INFO: [ template_filter ] --START--
INFO: Run Behavior\ContentReplaceBehavior [ RunTime:0.000233s ]
INFO: [ template_filter ] --END-- [ RunTime:0.000322s ]
INFO: Run Behavior\ParseTemplateBehavior [ RunTime:0.011763s ]
INFO: [ view_parse ] --END-- [ RunTime:0.011854s ]
INFO: [ view_filter ] --START--
INFO: Run Behavior\WriteHtmlCacheBehavior [ RunTime:0.000256s ]
INFO: [ view_filter ] --END-- [ RunTime:0.000326s ]
INFO: [ app_end ] --START--
INFO: Run Behavior\ShowPageTraceBehavior [ RunTime:0.000505s ]
INFO: [ app_end ] --END-- [ RunTime:0.000597s ]

[ 2017-03-05T17:25:40+08:00 ] ::1 /index.php?con=index&act=get_review
INFO: [ app_begin ] --START--
INFO: Run Behavior\ReadHtmlCacheBehavior [ RunTime:0.000600s ]
INFO: [ app_begin ] --END-- [ RunTime:0.001010s ]
INFO: [ view_parse ] --START--
INFO: [ template_filter ] --START--
INFO: Run Behavior\ContentReplaceBehavior [ RunTime:0.000692s ]
INFO: [ template_filter ] --END-- [ RunTime:0.001020s ]
INFO: Run Behavior\ParseTemplateBehavior [ RunTime:0.014516s ]
INFO: [ view_parse ] --END-- [ RunTime:0.014635s ]
INFO: [ view_filter ] --START--
INFO: Run Behavior\WriteHtmlCacheBehavior [ RunTime:0.000416s ]
INFO: [ view_filter ] --END-- [ RunTime:0.000499s ]
INFO: [ app_end ] --START--
INFO: Run Behavior\ShowPageTraceBehavior [ RunTime:0.000731s ]
INFO: [ app_end ] --END-- [ RunTime:0.000865s ]

[ 2017-03-05T17:25:40+08:00 ] ::1 /index.php?con=index&act=get_review
INFO: [ app_begin ] --START--
INFO: Run Behavior\ReadHtmlCacheBehavior [ RunTime:0.000383s ]
INFO: [ app_begin ] --END-- [ RunTime:0.000751s ]
INFO: [ view_parse ] --START--
INFO: [ template_filter ] --START--
INFO: Run Behavior\ContentReplaceBehavior [ RunTime:0.000523s ]
INFO: [ template_filter ] --END-- [ RunTime:0.000771s ]
INFO: Run Behavior\ParseTemplateBehavior [ RunTime:0.014845s ]
INFO: [ view_parse ] --END-- [ RunTime:0.014950s ]
INFO: [ view_filter ] --START--
INFO: Run Behavior\WriteHtmlCacheBehavior [ RunTime:0.000306s ]
INFO: [ view_filter ] --END-- [ RunTime:0.000381s ]
INFO: [ app_end ] --START--
INFO: Run Behavior\ShowPageTraceBehavior [ RunTime:0.000457s ]
INFO: [ app_end ] --END-- [ RunTime:0.000544s ]

[ 2017-03-05T17:25:40+08:00 ] ::1 /index.php?con=index&act=get_review
INFO: [ app_begin ] --START--
INFO: Run Behavior\ReadHtmlCacheBehavior [ RunTime:0.000661s ]
INFO: [ app_begin ] --END-- [ RunTime:0.001220s ]
INFO: [ view_parse ] --START--
INFO: [ template_filter ] --START--
INFO: Run Behavior\ContentReplaceBehavior [ RunTime:0.000234s ]
INFO: [ template_filter ] --END-- [ RunTime:0.000395s ]
INFO: Run Behavior\ParseTemplateBehavior [ RunTime:0.015984s ]
INFO: [ view_parse ] --END-- [ RunTime:0.016103s ]
INFO: [ view_filter ] --START--
INFO: Run Behavior\WriteHtmlCacheBehavior [ RunTime:0.000538s ]
INFO: [ view_filter ] --END-- [ RunTime:0.000660s ]
INFO: [ app_end ] --START--
INFO: Run Behavior\ShowPageTraceBehavior [ RunTime:0.000726s ]
INFO: [ app_end ] --END-- [ RunTime:0.000842s ]

[ 2017-03-05T17:29:27+08:00 ] ::1 /home/Index/%7Bhead_pic%7D
ERR: 非法操作:{head_pic}

[ 2017-03-05T17:29:28+08:00 ] ::1 /home/Index/%7Bhead_pic%7D
ERR: 非法操作:{head_pic}

[ 2017-03-05T17:29:28+08:00 ] ::1 /home/Index/%7Bhead_pic%7D
ERR: 非法操作:{head_pic}

[ 2017-03-05T17:29:28+08:00 ] ::1 /home/Index/%7Bhead_pic%7D
ERR: 非法操作:{head_pic}

[ 2017-03-05T17:29:29+08:00 ] ::1 /home/Index/%7Bhead_pic%7D
ERR: 非法操作:{head_pic}

[ 2017-03-05T17:29:29+08:00 ] ::1 /home/Index/%7Bhead_pic%7D
ERR: 非法操作:{head_pic}

[ 2017-03-05T17:31:24+08:00 ] ::1 /home/Index/%7Bhead_pic%7D
ERR: 非法操作:{head_pic}

[ 2017-03-05T17:31:25+08:00 ] ::1 /home/Index/%7Bhead_pic%7D
ERR: 非法操作:{head_pic}

[ 2017-03-05T17:31:26+08:00 ] ::1 /home/Index/%7Bhead_pic%7D
ERR: 非法操作:{head_pic}

[ 2017-03-05T17:31:26+08:00 ] ::1 /home/Index/%7Bhead_pic%7D
ERR: 非法操作:{head_pic}

[ 2017-03-05T17:31:27+08:00 ] ::1 /home/Index/%7Bhead_pic%7D
ERR: 非法操作:{head_pic}

[ 2017-03-05T17:31:27+08:00 ] ::1 /home/Index/%7Bhead_pic%7D
ERR: 非法操作:{head_pic}

[ 2017-03-05T17:33:21+08:00 ] ::1 /home/Index/%7Bhead_pic%7D
ERR: 非法操作:{head_pic}

[ 2017-03-05T17:33:21+08:00 ] ::1 /home/Index/%7Bhead_pic%7D
ERR: 非法操作:{head_pic}

[ 2017-03-05T17:33:22+08:00 ] ::1 /home/Index/%7Bhead_pic%7D
ERR: 非法操作:{head_pic}

[ 2017-03-05T17:33:22+08:00 ] ::1 /home/Index/%7Bhead_pic%7D
ERR: 非法操作:{head_pic}

[ 2017-03-05T17:33:22+08:00 ] ::1 /home/Index/%7Bhead_pic%7D
ERR: 非法操作:{head_pic}

[ 2017-03-05T17:33:22+08:00 ] ::1 /home/Index/%7Bhead_pic%7D
ERR: 非法操作:{head_pic}

[ 2017-03-05T17:33:22+08:00 ] ::1 /home/Index/%7Bhead_pic%7D
ERR: 非法操作:{head_pic}

[ 2017-03-05T17:33:22+08:00 ] ::1 /home/Index/%7Bhead_pic%7D
ERR: 非法操作:{head_pic}

[ 2017-03-05T17:33:23+08:00 ] ::1 /home/Index/%7Bhead_pic%7D
ERR: 非法操作:{head_pic}

[ 2017-03-05T17:33:26+08:00 ] ::1 /home/Index/%7Bhead_pic%7D
ERR: 非法操作:{head_pic}

[ 2017-03-05T17:41:40+08:00 ] ::1 /home/Index/%7Bhead_pic%7D
ERR: 非法操作:{head_pic}

[ 2017-03-05T17:41:41+08:00 ] ::1 /home/Index/%7Bhead_pic%7D
ERR: 非法操作:{head_pic}

[ 2017-03-05T17:41:41+08:00 ] ::1 /home/Index/%7Bhead_pic%7D
ERR: 非法操作:{head_pic}

[ 2017-03-05T17:41:41+08:00 ] ::1 /home/Index/%7Bhead_pic%7D
ERR: 非法操作:{head_pic}

[ 2017-03-05T17:41:42+08:00 ] ::1 /home/Index/%7Bhead_pic%7D
ERR: 非法操作:{head_pic}

[ 2017-03-05T17:41:42+08:00 ] ::1 /home/Index/%7Bhead_pic%7D
ERR: 非法操作:{head_pic}

[ 2017-03-05T17:41:42+08:00 ] ::1 /home/Index/%7Bhead_pic%7D
ERR: 非法操作:{head_pic}

[ 2017-03-05T17:41:42+08:00 ] ::1 /home/Index/%7Bhead_pic%7D
ERR: 非法操作:{head_pic}

[ 2017-03-05T17:41:43+08:00 ] ::1 /home/Index/%7Bhead_pic%7D
ERR: 非法操作:{head_pic}

[ 2017-03-05T17:41:43+08:00 ] ::1 /home/Index/%7Bhead_pic%7D
ERR: 非法操作:{head_pic}

[ 2017-03-05T17:41:44+08:00 ] ::1 /home/Index/%7Bhead_pic%7D
ERR: 非法操作:{head_pic}

[ 2017-03-05T17:41:44+08:00 ] ::1 /home/Index/%7Bhead_pic%7D
ERR: 非法操作:{head_pic}

[ 2017-03-05T17:41:44+08:00 ] ::1 /home/Index/%7Bhead_pic%7D
ERR: 非法操作:{head_pic}

[ 2017-03-05T17:41:44+08:00 ] ::1 /home/Index/%7Bhead_pic%7D
ERR: 非法操作:{head_pic}

[ 2017-03-05T17:41:44+08:00 ] ::1 /home/Index/%7Bhead_pic%7D
ERR: 非法操作:{head_pic}

[ 2017-03-05T17:41:44+08:00 ] ::1 /home/Index/%7Bhead_pic%7D
ERR: 非法操作:{head_pic}

[ 2017-03-05T17:41:45+08:00 ] ::1 /home/Index/%7Bhead_pic%7D
ERR: 非法操作:{head_pic}

[ 2017-03-05T17:41:45+08:00 ] ::1 /home/Index/%7Bhead_pic%7D
ERR: 非法操作:{head_pic}

[ 2017-03-05T17:41:45+08:00 ] ::1 /home/Index/%7Bhead_pic%7D
ERR: 非法操作:{head_pic}

[ 2017-03-05T17:41:45+08:00 ] ::1 /home/Index/%7Bhead_pic%7D
ERR: 非法操作:{head_pic}

[ 2017-03-05T17:41:45+08:00 ] ::1 /home/Index/%7Bhead_pic%7D
ERR: 非法操作:{head_pic}

[ 2017-03-05T17:41:45+08:00 ] ::1 /home/Index/%7Bhead_pic%7D
ERR: 非法操作:{head_pic}

[ 2017-03-05T17:41:45+08:00 ] ::1 /home/Index/%7Bhead_pic%7D
ERR: 非法操作:{head_pic}

[ 2017-03-05T17:41:46+08:00 ] ::1 /home/Index/%7Bhead_pic%7D
ERR: 非法操作:{head_pic}

[ 2017-03-05T17:41:46+08:00 ] ::1 /home/Index/%7Bhead_pic%7D
ERR: 非法操作:{head_pic}

[ 2017-03-05T17:41:46+08:00 ] ::1 /home/Index/%7Bhead_pic%7D
ERR: 非法操作:{head_pic}

[ 2017-03-05T17:41:46+08:00 ] ::1 /home/Index/%7Bhead_pic%7D
ERR: 非法操作:{head_pic}

[ 2017-03-05T17:41:46+08:00 ] ::1 /home/Index/%7Bhead_pic%7D
ERR: 非法操作:{head_pic}

[ 2017-03-05T17:41:46+08:00 ] ::1 /home/Index/%7Bhead_pic%7D
ERR: 非法操作:{head_pic}

[ 2017-03-05T17:41:47+08:00 ] ::1 /home/Index/%7Bhead_pic%7D
ERR: 非法操作:{head_pic}

[ 2017-03-05T17:41:47+08:00 ] ::1 /home/Index/%7Bhead_pic%7D
ERR: 非法操作:{head_pic}

[ 2017-03-05T17:41:47+08:00 ] ::1 /home/Index/%7Bhead_pic%7D
ERR: 非法操作:{head_pic}

[ 2017-03-05T17:41:47+08:00 ] ::1 /home/Index/%7Bhead_pic%7D
ERR: 非法操作:{head_pic}

[ 2017-03-05T17:41:47+08:00 ] ::1 /home/Index/%7Bhead_pic%7D
ERR: 非法操作:{head_pic}

[ 2017-03-05T17:41:47+08:00 ] ::1 /home/Index/%7Bhead_pic%7D
ERR: 非法操作:{head_pic}

[ 2017-03-05T17:41:48+08:00 ] ::1 /home/Index/%7Bhead_pic%7D
ERR: 非法操作:{head_pic}

[ 2017-03-05T17:57:46+08:00 ] ::1 /home/Index/%7Bhead_pic%7D
ERR: 非法操作:{head_pic}

[ 2017-03-05T17:57:47+08:00 ] ::1 /home/Index/%7Bhead_pic%7D
ERR: 非法操作:{head_pic}

[ 2017-03-05T17:57:47+08:00 ] ::1 /home/Index/%7Bhead_pic%7D
ERR: 非法操作:{head_pic}

[ 2017-03-05T17:57:47+08:00 ] ::1 /home/Index/%7Bhead_pic%7D
ERR: 非法操作:{head_pic}

[ 2017-03-05T17:57:48+08:00 ] ::1 /home/Index/%7Bhead_pic%7D
ERR: 非法操作:{head_pic}

[ 2017-03-05T18:09:25+08:00 ] ::1 /home/index/%7Bhead_pic%7D
ERR: 非法操作:{head_pic}

[ 2017-03-05T18:12:57+08:00 ] ::1 /home/index/%7Bhead_pic%7D
ERR: 非法操作:{head_pic}

[ 2017-03-05T19:06:39+08:00 ] ::1 /index.php/Home/Index/%7Bhead_pic%7D
ERR: 非法操作:{head_pic}

[ 2017-03-05T19:07:12+08:00 ] ::1 /index.php/Home/Index/%7Bhead_pic%7D
ERR: 非法操作:{head_pic}

